

<!DOCTYPE html>
<html>
<head>
<meta charset="UTF-8">
<meta name="viewport" content="width=device-width, initial-scale=1, shrink-to-fit=no">
<title></title>
<link rel="apple-touch-icon" href="https://cdn.jsdelivr.net/gh/extent-framework/extent-github-cdn@b00a2d0486596e73dd7326beacf352c639623a0e/commons/img/logo.png">
<link rel="shortcut icon" href="https://cdn.jsdelivr.net/gh/extent-framework/extent-github-cdn@b00a2d0486596e73dd7326beacf352c639623a0e/commons/img/logo.png">
<link href="https://cdn.jsdelivr.net/gh/extent-framework/extent-github-cdn@ce8b10435bcbae260c334c0d0c6b61d2c19b6168/spark/css/spark-style.css" rel="stylesheet" />
<link href="https://stackpath.bootstrapcdn.com/font-awesome/4.7.0/css/font-awesome.min.css" rel="stylesheet">
<script src="https://cdn.jsdelivr.net/gh/extent-framework/extent-github-cdn@7cc78ce/spark/js/jsontree.js"></script>
<style type="text/css"></style></head><body class="spa bdd-report standard">
  <div class="app">
    <div class="layout">
<div class="header navbar">
<div class="vheader">
<div class="nav-logo">
<a href="#">
<div class="logo" style="background-image: url('https://cdn.jsdelivr.net/gh/extent-framework/extent-github-cdn@b00a2d0486596e73dd7326beacf352c639623a0e/commons/img/logo.png')"></div>
</a>
</div>
<ul class="nav-left">
<li class="search-box">
<a class="search-toggle" href="#">
<i class="search-icon fa fa-search"></i>
<i class="search-icon-close fa fa-close"></i>
</a>
</li>
<li class="search-input"><input id="search-tests" class="form-control" type="text" placeholder="Search..."></li>
</ul>
<ul class="nav-right">
<li class="m-r-10">
<a href="#"><span class="badge badge-primary"></span></a>
</li>
<li class="m-r-10">
<a href="#"><span class="badge badge-primary">Jan 2, 2024 01:11:33 pm</span></a>
</li>
</ul>
</div>
</div><div class="side-nav">
<div class="side-nav-inner">
<ul class="side-nav-menu">
<li class="nav-item dropdown" onclick="toggleView('test-view')">
<a id="nav-test" class="dropdown-toggle" href="#">
<span class="ico"><i class="fa fa-list"></i></span>
</a>
</li>
<li class="nav-item dropdown" onclick="toggleView('exception-view')">
<a id="nav-exception" class="dropdown-toggle" href="#">
<span class="ico"><i class="fa fa-bug"></i></span>
</a>
</li>
<li class="nav-item dropdown" onclick="toggleView('category-view')">
<a id="nav-category" class="dropdown-toggle" href="#">
<span class="ico"><i class="fa fa-tag"></i></span>
</a>
</li>
<li class="nav-item dropdown" onclick="toggleView('dashboard-view')">
<a id="nav-dashboard" class="dropdown-toggle" href="#">
<span class="ico"><i class="fa fa-bar-chart"></i></span>
</a>
</li>
</ul>
</div>
</div>      <div class="vcontainer">
        <div class="main-content">
<div class="test-wrapper row view test-view">
  <div class="test-list">
    <div class="test-list-tools">
<ul class="tools pull-left">
<li><a href="#"><span class="font-size-14">Tests</span></a></li>
</ul>
<ul class="tools text-right">
<li class="dropdown">
<a href="#" class="dropdown-toggle" data-toggle="dropdown"><i class="fa fa-exclamation-circle"></i></a>
<ul id="status-toggle" class="dropdown-menu dropdown-md p-v-0">
<a class="dropdown-item" status="pass" href="#"><span>Pass</span><span class="status success"></span></a>
<a class="dropdown-item" status="fail" href="#"><span>Fail</span><span class="status danger"></span></a>
<div class="dropdown-divider"></div>
<a status="clear" class="dropdown-item" href="#"><span>Clear</span><span class="pull-right"><i class="fa fa-close"></i></span></a>
</ul>
</li>
<li class="dropdown">
<a href="#" class="dropdown-toggle" data-toggle="dropdown"><i class="fa fa-tag"></i></a>
<ul id="tag-toggle" class="dropdown-menu dropdown-md p-v-0">
<a class="dropdown-item" href="#">@TiersSmoketest1</a><a class="dropdown-item" href="#">@TransactionalSmoketest1</a><a class="dropdown-item" href="#">@CommunicationReportSmoketest1</a><a class="dropdown-item" href="#">@Smoketest1</a><a class="dropdown-item" href="#">@MembersSmoketest1</a><a class="dropdown-item" href="#">@AppLoginSmoketest1</a><a class="dropdown-item" href="#">@ReportSettingsSmoketest1</a><a class="dropdown-item" href="#">@LogsSmoketest1</a><a class="dropdown-item" href="#">@MembersReportSmoketest1</a><a class="dropdown-item" href="#">@MemberSearchFilterSmoketest1</a>
</ul>
</li>
</ul>
</div>    <div class="test-list-wrapper scrollable">
      <ul class="test-list-item">
        <li class="test-item"  status="pass" test-id="1"
          author=""
          tag=""
          device="">
          <div class="test-detail">
            <p class="name">Login</p>
            <p class="text-sm">
              <span>1:11:59 pm</span> / <span>00:00:57:370</span>
              <span class="badge pass-bg log float-right">Pass</span>
            </p>
          </div>
          <div class="test-contents d-none">
<div class="detail-head">
<div class="p-v-10">
<div class="info">
<h5 class="test-status text-pass">Login</h5>
<span class='badge badge-success'>01.02.2024 1:11:59 pm</span>
<span class='badge badge-danger'>01.02.2024 1:12:57 pm</span>
<span class='badge badge-default'>00:00:57:370</span>
&middot; <span class='uri-anchor badge badge-default'>#test-id=1</span>
<span title='Skip to the next failed step' class='badge badge-danger pointer float-right ne ml-1'><i class="fa fa-fast-forward"></i></span>
<span title='Collapse all nodes' class='badge badge-default pointer float-right ct ml-1'><i class="fa fa-compress"></i></span>
<span title='Expand all nodes' class='badge badge-default pointer float-right et'><i class="fa fa-expand"></i></span>
</div>
<div class="m-t-10 m-l-5"></div>
</div>
</div>
<div class="accordion mt-4">
  <div class="card">
    <div class="card-header" role="tab">
      <div class="card-title">
        <div class="node" id="2"><span class="badge log pass-bg mr-2">Pass</span>Intialize browser,login to the application</div>
      </div>
    </div>
        <div class="collapse">
          <div class="card-body">
              <div class="step pass-bg" title="stepDefinition.LoginStepDefinition.Login()">
                <span>Given Login to the application using username and password</span>
      <div>
      </div>
              </div>
              <div class="step pass-bg" title="stepDefinition.LoginStepDefinition.validate_if_the_title_is_something(java.lang.String)">
                <span>When validate if the title is "Giift LBMS"</span>
      <div>
      </div>
              </div>
              <div class="step pass-bg" title="stepDefinition.LoginStepDefinition.click_on_the_profile_section_using_something()">
                <span>Then click on the profile section</span>
      <div>
      </div>
              </div>
              <div class="step pass-bg" title="stepDefinition.LoginStepDefinition.select_the_program(java.lang.String)">
                <span>Then select the program "A program four"</span>
      <div>
      </div>
              </div>
          </div>
        </div>
  </div>
</div>
          </div>
        </li>
        <li class="test-item"  status="fail" test-id="8"
          author=""
          tag=""
          device="">
          <div class="test-detail">
            <p class="name">Reports feature</p>
            <p class="text-sm">
              <span>1:12:57 pm</span> / <span>00:11:47:201</span>
              <span class="badge fail-bg log float-right">Fail</span>
            </p>
          </div>
          <div class="test-contents d-none">
<div class="detail-head">
<div class="p-v-10">
<div class="info">
<h5 class="test-status text-fail">Reports feature</h5>
<span class='badge badge-success'>01.02.2024 1:12:57 pm</span>
<span class='badge badge-danger'>01.02.2024 1:24:44 pm</span>
<span class='badge badge-default'>00:11:47:201</span>
&middot; <span class='uri-anchor badge badge-default'>#test-id=8</span>
<span title='Skip to the next failed step' class='badge badge-danger pointer float-right ne ml-1'><i class="fa fa-fast-forward"></i></span>
<span title='Collapse all nodes' class='badge badge-default pointer float-right ct ml-1'><i class="fa fa-compress"></i></span>
<span title='Expand all nodes' class='badge badge-default pointer float-right et'><i class="fa fa-expand"></i></span>
</div>
<div class="m-t-10 m-l-5"></div>
</div>
</div>
<div class="accordion mt-4">
  <div class="card">
    <div class="card-header" role="tab">
      <div class="card-title">
        <div class="node" id="9"><span class="badge log pass-bg mr-2">Pass</span>Change the reports settings accordingly</div>
      </div>
    </div>
        <div class="collapse">
          <div class="card-body">
              <div class="step pass-bg" title="stepDefinition.ReportsStepDefinition.user_navigates_to_reports_module()">
                <span>Given User navigates to reports module</span>
      <div>
      </div>
              </div>
              <div class="step pass-bg" title="stepDefinition.ReportsStepDefinition.user_clicks_on_the_settings()">
                <span>When user clicks on the settings</span>
      <div>
      </div>
              </div>
              <div class="step pass-bg" title="stepDefinition.ReportsStepDefinition.user_change_the_financial_year_to_week_starting_on_to_delay_in_generation_days_and_historical_view_as_days(java.lang.String,java.lang.String,java.lang.String,java.lang.String)">
                <span>And user change the Financial Year to "1st July - 30th June" Week Starting on to "Monday" Delay in Generation "1" Days and Historical View as "10" Days</span>
      <div>
      </div>
              </div>
              <div class="step pass-bg" title="stepDefinition.ReportsStepDefinition.user_should_get_the_success_message_as(java.lang.String)">
                <span>Then user should get the success message as "Setting saved sucessfully"</span>
      <div>
      </div>
              </div>
          </div>
        </div>
  </div>
  <div class="card">
    <div class="card-header" role="tab">
      <div class="card-title">
        <div class="node" id="15"><span class="badge log pass-bg mr-2">Pass</span>Create the accrual reports in the transactional section</div>
      </div>
    </div>
        <div class="collapse">
          <div class="card-body">
              <div class="step pass-bg" title="stepDefinition.ReportsStepDefinition.user_navigates_to_reports_module()">
                <span>Given User navigates to reports module</span>
      <div>
      </div>
              </div>
              <div class="step pass-bg" title="stepDefinition.ReportsStepDefinition.user_selects_and_click_on_add_new_view_and_add_the_report_name_as(java.lang.String,java.lang.String)">
                <span>When user selects "transactional" and click on add new view and add the report name as "Spend points report"</span>
      <div>
      </div>
              </div>
              <div class="step pass-bg" title="stepDefinition.ReportsStepDefinition.add_the_report_column_as(java.lang.String,java.lang.String,java.lang.String,java.lang.String,java.lang.String,java.lang.String,java.lang.String,java.lang.String,java.lang.String,java.lang.String,java.lang.String,java.lang.String,java.lang.String,java.lang.String,java.lang.String,java.lang.String,java.lang.String)">
                <span>And add the report column as "Transaction Id" "Transaction Amount" "Relation Reference" "Points Issued" "Transaction Date" "Processing Date" "Type" "Product Code" "Sub Product Code" "Narration" "Points Spoiled" "Merchant Name" "Transaction Count" "Impacted Members" "Total Points Issued" "Total Amount" "Total Points Spoiled"</span>
      <div>
      </div>
              </div>
              <div class="step pass-bg" title="stepDefinition.ReportsStepDefinition.add_the_filter_as(java.lang.String,java.lang.String,java.lang.String,java.lang.String)">
                <span>And add the filter as "Credit by accrual" "Credit by bonus" "Debit By Bonus" "Debit By Cashback"</span>
      <div>
      </div>
              </div>
              <div class="step pass-bg" title="stepDefinition.ReportsStepDefinition.select_the_period_of_generation_as(java.lang.String,java.lang.String,java.lang.String,java.lang.String,java.lang.String)">
                <span>And select the period of generation as "Daily" "Weekly" "Monthly" "Quarterly" "Yearly"</span>
      <div>
      </div>
              </div>
              <div class="step pass-bg" title="stepDefinition.ReportsStepDefinition.clicks_on_the_button(java.lang.String)">
                <span>And clicks on the "Save" button</span>
      <div>
      </div>
              </div>
              <div class="step pass-bg" title="stepDefinition.ReportsStepDefinition.user_should_get_the_success_message_as(java.lang.String)">
                <span>Then user should get the success message as "Report saved successfully"</span>
      <div>
      </div>
              </div>
          </div>
        </div>
  </div>
  <div class="card">
    <div class="card-header" role="tab">
      <div class="card-title">
        <div class="node" id="24"><span class="badge log fail-bg mr-2">Fail</span>Validate the recently created report in the transactional section</div>
          <div class="status-avatar float-right mr-4">
            <i class="fa fa-paperclip"></i>
          </div>
      </div>
    </div>
        <div class="">
          <div class="card-body">
              <div class="step fail-bg" title="stepDefinition.ReportsStepDefinition.user_validate_the_existing_report_and_click_on(java.lang.String,java.lang.String)">
                <span>When user validate the existing report "Spend points report" and click on "View"</span>
      <div>
        <textarea disabled class="code-block">org.openqa.selenium.NoSuchElementException: no such element: No node with given id found
  (Session info: chrome=120.0.6099.129)
For documentation on this error, please visit: https://www.selenium.dev/documentation/webdriver/troubleshooting/errors#no-such-element-exception
Build info: version: '4.16.1', revision: '9b4c83354e'
System info: os.name: 'Mac OS X', os.arch: 'x86_64', os.version: '14.2.1', java.version: '17.0.7'
Driver info: org.openqa.selenium.chrome.ChromeDriver
Command: [f5f7e0047cb344a6113c7991c94385a8, getElementText {id=EB7CFA05648FFE391D0134401838F5BF_element_3775}]
Capabilities {acceptInsecureCerts: false, browserName: chrome, browserVersion: 120.0.6099.129, chrome: {chromedriverVersion: 120.0.6099.109 (3419140ab66..., userDataDir: /var/folders/nj/n_9gw81j7mq...}, fedcm:accounts: true, goog:chromeOptions: {debuggerAddress: localhost:63964}, networkConnectionEnabled: false, pageLoadStrategy: normal, platformName: mac, proxy: Proxy(), se:cdp: ws://localhost:63964/devtoo..., se:cdpVersion: 120.0.6099.129, setWindowRect: true, strictFileInteractability: false, timeouts: {implicit: 0, pageLoad: 300000, script: 30000}, unhandledPromptBehavior: dismiss and notify, webauthn:extension:credBlob: true, webauthn:extension:largeBlob: true, webauthn:extension:minPinLength: true, webauthn:extension:prf: true, webauthn:virtualAuthenticators: true}
Element: [[ChromeDriver: chrome on mac (f5f7e0047cb344a6113c7991c94385a8)] -> xpath: //table[@class='MuiTable-root tss-900muf-MUIDataTable-tableRoot css-1owb465']//td]
Session ID: f5f7e0047cb344a6113c7991c94385a8
	at java.base/jdk.internal.reflect.NativeConstructorAccessorImpl.newInstance0(Native Method)
	at java.base/jdk.internal.reflect.NativeConstructorAccessorImpl.newInstance(NativeConstructorAccessorImpl.java:77)
	at java.base/jdk.internal.reflect.DelegatingConstructorAccessorImpl.newInstance(DelegatingConstructorAccessorImpl.java:45)
	at java.base/java.lang.reflect.Constructor.newInstanceWithCaller(Constructor.java:499)
	at java.base/java.lang.reflect.Constructor.newInstance(Constructor.java:480)
	at org.openqa.selenium.remote.codec.w3c.W3CHttpResponseCodec.createException(W3CHttpResponseCodec.java:200)
	at org.openqa.selenium.remote.codec.w3c.W3CHttpResponseCodec.decode(W3CHttpResponseCodec.java:133)
	at org.openqa.selenium.remote.codec.w3c.W3CHttpResponseCodec.decode(W3CHttpResponseCodec.java:52)
	at org.openqa.selenium.remote.HttpCommandExecutor.execute(HttpCommandExecutor.java:191)
	at org.openqa.selenium.remote.service.DriverCommandExecutor.invokeExecute(DriverCommandExecutor.java:200)
	at org.openqa.selenium.remote.service.DriverCommandExecutor.execute(DriverCommandExecutor.java:175)
	at org.openqa.selenium.remote.RemoteWebDriver.execute(RemoteWebDriver.java:523)
	at org.openqa.selenium.remote.RemoteWebElement.execute(RemoteWebElement.java:224)
	at org.openqa.selenium.remote.RemoteWebElement.getText(RemoteWebElement.java:192)
	at stepDefinition.ReportsStepDefinition.user_validate_the_existing_report_and_click_on(ReportsStepDefinition.java:273)
	at ✽.user validate the existing report "Spend points report" and click on "View"(file:///Users/basavaraj/Automation/Pramod/v2/LBMSCloud/src/test/java/features/Reports.feature:28)
</textarea>
      
      </div>
              </div>
              <div class="step pass-bg" title="AFTER">
                <span>stepDefinition.Hooks.takeScreenShotOnFailure(io.cucumber.java.Scenario)</span>
      <div>Validate the recently created report in the transactional section
          <div class="row mb-3"><div class="col-md-3">
<img data-featherlight='../screenshotsembedded1.png' src="../screenshotsembedded1.png">
    
    </div></div>
</div>
      <div>
      </div>
              </div>
          </div>
        </div>
  </div>
  <div class="card">
    <div class="card-header" role="tab">
      <div class="card-title">
        <div class="node" id="27"><span class="badge log pass-bg mr-2">Pass</span>Delete the recently created accrual reports in the transactional section</div>
      </div>
    </div>
        <div class="collapse">
          <div class="card-body">
              <div class="step pass-bg" title="stepDefinition.ReportsStepDefinition.user_validate_the_existing_report_and_click_on(java.lang.String,java.lang.String)">
                <span>When user validate the existing report "Spend points report" and click on "Delete"</span>
      <div>
      </div>
              </div>
              <div class="step pass-bg" title="stepDefinition.ReportsStepDefinition.user_should_get_the_success_message_as(java.lang.String)">
                <span>Then user should get the success message as "Report deleted successfully"</span>
      <div>
      </div>
              </div>
          </div>
        </div>
  </div>
  <div class="card">
    <div class="card-header" role="tab">
      <div class="card-title">
        <div class="node" id="31"><span class="badge log pass-bg mr-2">Pass</span>Create the accrual reports in the transactional section</div>
      </div>
    </div>
        <div class="collapse">
          <div class="card-body">
              <div class="step pass-bg" title="stepDefinition.ReportsStepDefinition.user_selects_and_click_on_add_new_view_and_add_the_report_name_as(java.lang.String,java.lang.String)">
                <span>When user selects "Communication" and click on add new view and add the report name as "Email and SMS communication report"</span>
      <div>
      </div>
              </div>
              <div class="step pass-bg" title="stepDefinition.ReportsStepDefinition.add_the_report_column_as(java.lang.String,java.lang.String,java.lang.String,java.lang.String,java.lang.String,java.lang.String,java.lang.String,java.lang.String,java.lang.String,java.lang.String,java.lang.String,java.lang.String)">
                <span>And add the report column as "Template Name" "Email Status" "SMS Status" "Date Email/SMS Sent" "Communication Channel" "Member ID" "PhoneNumber" "Member Name" "Email" "Total Communication Sent" "Total Success Delivery" "Total Failed Delivery"</span>
      <div>
      </div>
              </div>
              <div class="step pass-bg" title="stepDefinition.ReportsStepDefinition.add_the_filter_as(java.lang.String,java.lang.String)">
                <span>And add the filter as "SMS Communication Channel" "Email Communication Channel"</span>
      <div>
      </div>
              </div>
              <div class="step pass-bg" title="stepDefinition.ReportsStepDefinition.select_the_period_of_generation_as(java.lang.String,java.lang.String,java.lang.String,java.lang.String,java.lang.String)">
                <span>And select the period of generation as "Daily" "Weekly" "Monthly" "Quarterly" "Yearly"</span>
      <div>
      </div>
              </div>
              <div class="step pass-bg" title="stepDefinition.ReportsStepDefinition.clicks_on_the_button(java.lang.String)">
                <span>And clicks on the "Save" button</span>
      <div>
      </div>
              </div>
              <div class="step pass-bg" title="stepDefinition.ReportsStepDefinition.user_should_get_the_success_message_as(java.lang.String)">
                <span>Then user should get the success message as "Report saved successfully"</span>
      <div>
      </div>
              </div>
          </div>
        </div>
  </div>
  <div class="card">
    <div class="card-header" role="tab">
      <div class="card-title">
        <div class="node" id="39"><span class="badge log pass-bg mr-2">Pass</span>View the recently created communication report in the communication section</div>
      </div>
    </div>
        <div class="collapse">
          <div class="card-body">
              <div class="step pass-bg" title="stepDefinition.ReportsStepDefinition.user_validate_the_existing_report_and_click_on(java.lang.String,java.lang.String)">
                <span>When user validate the existing report "Email and SMS communication report" and click on "View"</span>
      <div>
      </div>
              </div>
          </div>
        </div>
  </div>
  <div class="card">
    <div class="card-header" role="tab">
      <div class="card-title">
        <div class="node" id="42"><span class="badge log pass-bg mr-2">Pass</span>Delete the recently created accrual reports in the transactional section</div>
      </div>
    </div>
        <div class="collapse">
          <div class="card-body">
              <div class="step pass-bg" title="stepDefinition.ReportsStepDefinition.user_validate_the_existing_report_and_click_on(java.lang.String,java.lang.String)">
                <span>When user validate the existing report "Email and SMS communication report" and click on "Delete"</span>
      <div>
      </div>
              </div>
              <div class="step pass-bg" title="stepDefinition.ReportsStepDefinition.user_should_get_the_success_message_as(java.lang.String)">
                <span>Then user should get the success message as "Report deleted sucessfully"</span>
      <div>
      </div>
              </div>
          </div>
        </div>
  </div>
  <div class="card">
    <div class="card-header" role="tab">
      <div class="card-title">
        <div class="node" id="46"><span class="badge log pass-bg mr-2">Pass</span>Create the accrual reports in the transactional section</div>
      </div>
    </div>
        <div class="collapse">
          <div class="card-body">
              <div class="step pass-bg" title="stepDefinition.ReportsStepDefinition.user_navigates_to_reports_module()">
                <span>Given User navigates to reports module</span>
      <div>
      </div>
              </div>
              <div class="step pass-bg" title="stepDefinition.ReportsStepDefinition.user_selects_and_click_on_add_new_view_and_add_the_report_name_as(java.lang.String,java.lang.String)">
                <span>When user selects "Members" and click on add new view and add the report name as "Members report"</span>
      <div>
      </div>
              </div>
              <div class="step pass-bg" title="stepDefinition.ReportsStepDefinition.add_the_report_column_as(java.lang.String,java.lang.String,java.lang.String,java.lang.String,java.lang.String,java.lang.String,java.lang.String,java.lang.String,java.lang.String,java.lang.String,java.lang.String,java.lang.String,java.lang.String,java.lang.String,java.lang.String,java.lang.String,java.lang.String,java.lang.String,java.lang.String,java.lang.String)">
                <span>And add the report column as "Member ID" "Member Name" "Email" "Phone Number" "Segment Tag" "Enrollment Date" "Tier" "Status" "DOB" "Gender" "Address" "Points Available" "Points Expired" "Points Redeemed" "Last Transaction" "Total Transactions" "Total Members" "Total Points Issued" "Total Points Redeemed" "Total Points Expired"</span>
      <div>
      </div>
              </div>
              <div class="step pass-bg" title="stepDefinition.ReportsStepDefinition.select_the_period_of_generation_as(java.lang.String,java.lang.String,java.lang.String,java.lang.String,java.lang.String)">
                <span>And select the period of generation as "Daily" "Weekly" "Monthly" "Quarterly" "Yearly"</span>
      <div>
      </div>
              </div>
              <div class="step pass-bg" title="stepDefinition.ReportsStepDefinition.user_click_on_the_Add_Filters_link()">
                <span>And user click on the Add Filters link</span>
      <div>
      </div>
              </div>
              <div class="step pass-bg" title="stepDefinition.ReportsStepDefinition.select_the_filter(java.lang.String)">
                <span>And select the "Age" filter</span>
      <div>
      </div>
              </div>
              <div class="step pass-bg" title="stepDefinition.ReportsStepDefinition.select_operator_then_enter_values1_and_click_Add_Filter_button(java.lang.String,java.lang.String)">
                <span>And select operator "Is less than or equal to" then enter values1 "20" and click Add Filter button</span>
      <div>
      </div>
              </div>
              <div class="step pass-bg" title="stepDefinition.ReportsStepDefinition.click_on_apply_filter_button_and_validate_the_filters()">
                <span>And click on apply filter button and validate the filters</span>
      <div>
      </div>
              </div>
              <div class="step pass-bg" title="stepDefinition.ReportsStepDefinition.clicks_on_the_button(java.lang.String)">
                <span>And clicks on the "Save" button</span>
      <div>
      </div>
              </div>
              <div class="step pass-bg" title="stepDefinition.ReportsStepDefinition.user_should_get_the_success_message_as(java.lang.String)">
                <span>Then user should get the success message as "Report saved successfully"</span>
      <div>
      </div>
              </div>
          </div>
        </div>
  </div>
  <div class="card">
    <div class="card-header" role="tab">
      <div class="card-title">
        <div class="node" id="58"><span class="badge log fail-bg mr-2">Fail</span>Download the recently created accrual reports in the transactional section</div>
          <div class="status-avatar float-right mr-4">
            <i class="fa fa-paperclip"></i>
          </div>
      </div>
    </div>
        <div class="">
          <div class="card-body">
              <div class="step fail-bg" title="stepDefinition.ReportsStepDefinition.user_validate_the_existing_report_and_click_on(java.lang.String,java.lang.String)">
                <span>When user validate the existing report "Members report" and click on "View"</span>
      <div>
        <textarea disabled class="code-block">org.openqa.selenium.NoSuchElementException: no such element: No node with given id found
  (Session info: chrome=120.0.6099.129)
For documentation on this error, please visit: https://www.selenium.dev/documentation/webdriver/troubleshooting/errors#no-such-element-exception
Build info: version: '4.16.1', revision: '9b4c83354e'
System info: os.name: 'Mac OS X', os.arch: 'x86_64', os.version: '14.2.1', java.version: '17.0.7'
Driver info: org.openqa.selenium.chrome.ChromeDriver
Command: [f5f7e0047cb344a6113c7991c94385a8, getElementText {id=EB7CFA05648FFE391D0134401838F5BF_element_9032}]
Capabilities {acceptInsecureCerts: false, browserName: chrome, browserVersion: 120.0.6099.129, chrome: {chromedriverVersion: 120.0.6099.109 (3419140ab66..., userDataDir: /var/folders/nj/n_9gw81j7mq...}, fedcm:accounts: true, goog:chromeOptions: {debuggerAddress: localhost:63964}, networkConnectionEnabled: false, pageLoadStrategy: normal, platformName: mac, proxy: Proxy(), se:cdp: ws://localhost:63964/devtoo..., se:cdpVersion: 120.0.6099.129, setWindowRect: true, strictFileInteractability: false, timeouts: {implicit: 0, pageLoad: 300000, script: 30000}, unhandledPromptBehavior: dismiss and notify, webauthn:extension:credBlob: true, webauthn:extension:largeBlob: true, webauthn:extension:minPinLength: true, webauthn:extension:prf: true, webauthn:virtualAuthenticators: true}
Element: [[ChromeDriver: chrome on mac (f5f7e0047cb344a6113c7991c94385a8)] -> xpath: //table[@class='MuiTable-root tss-900muf-MUIDataTable-tableRoot css-1owb465']//td]
Session ID: f5f7e0047cb344a6113c7991c94385a8
	at java.base/jdk.internal.reflect.NativeConstructorAccessorImpl.newInstance0(Native Method)
	at java.base/jdk.internal.reflect.NativeConstructorAccessorImpl.newInstance(NativeConstructorAccessorImpl.java:77)
	at java.base/jdk.internal.reflect.DelegatingConstructorAccessorImpl.newInstance(DelegatingConstructorAccessorImpl.java:45)
	at java.base/java.lang.reflect.Constructor.newInstanceWithCaller(Constructor.java:499)
	at java.base/java.lang.reflect.Constructor.newInstance(Constructor.java:480)
	at org.openqa.selenium.remote.codec.w3c.W3CHttpResponseCodec.createException(W3CHttpResponseCodec.java:200)
	at org.openqa.selenium.remote.codec.w3c.W3CHttpResponseCodec.decode(W3CHttpResponseCodec.java:133)
	at org.openqa.selenium.remote.codec.w3c.W3CHttpResponseCodec.decode(W3CHttpResponseCodec.java:52)
	at org.openqa.selenium.remote.HttpCommandExecutor.execute(HttpCommandExecutor.java:191)
	at org.openqa.selenium.remote.service.DriverCommandExecutor.invokeExecute(DriverCommandExecutor.java:200)
	at org.openqa.selenium.remote.service.DriverCommandExecutor.execute(DriverCommandExecutor.java:175)
	at org.openqa.selenium.remote.RemoteWebDriver.execute(RemoteWebDriver.java:523)
	at org.openqa.selenium.remote.RemoteWebElement.execute(RemoteWebElement.java:224)
	at org.openqa.selenium.remote.RemoteWebElement.getText(RemoteWebElement.java:192)
	at stepDefinition.ReportsStepDefinition.user_validate_the_existing_report_and_click_on(ReportsStepDefinition.java:273)
	at ✽.user validate the existing report "Members report" and click on "View"(file:///Users/basavaraj/Automation/Pramod/v2/LBMSCloud/src/test/java/features/Reports.feature:78)
</textarea>
      
      </div>
              </div>
              <div class="step pass-bg" title="AFTER">
                <span>stepDefinition.Hooks.takeScreenShotOnFailure(io.cucumber.java.Scenario)</span>
      <div>Download the recently created accrual reports in the transactional section
          <div class="row mb-3"><div class="col-md-3">
<img data-featherlight='../screenshotsembedded2.png' src="../screenshotsembedded2.png">
    
    </div></div>
</div>
      <div>
      </div>
              </div>
          </div>
        </div>
  </div>
  <div class="card">
    <div class="card-header" role="tab">
      <div class="card-title">
        <div class="node" id="61"><span class="badge log pass-bg mr-2">Pass</span>Delete the recently created accrual reports in the transactional section</div>
      </div>
    </div>
        <div class="collapse">
          <div class="card-body">
              <div class="step pass-bg" title="stepDefinition.ReportsStepDefinition.user_validate_the_existing_report_and_click_on(java.lang.String,java.lang.String)">
                <span>When user validate the existing report "Members report" and click on "Delete"</span>
      <div>
      </div>
              </div>
              <div class="step pass-bg" title="stepDefinition.ReportsStepDefinition.user_should_get_the_success_message_as(java.lang.String)">
                <span>Then user should get the success message as "Report deleted sucessfully"</span>
      <div>
      </div>
              </div>
          </div>
        </div>
  </div>
  <div class="card">
    <div class="card-header" role="tab">
      <div class="card-title">
        <div class="node" id="65"><span class="badge log pass-bg mr-2">Pass</span>View the logs by using search file name and select the require date and check the logs details</div>
      </div>
    </div>
        <div class="collapse">
          <div class="card-body">
              <div class="step pass-bg" title="stepDefinition.ReportsStepDefinition.user_navigates_to_reports_module()">
                <span>Given User navigates to reports module</span>
      <div>
      </div>
              </div>
              <div class="step pass-bg" title="stepDefinition.ReportsStepDefinition.user_click_on_the_logs_section_and_search_the_file_name_by_entering_from_date_as_and_to_date_as(java.lang.String,java.lang.String)">
                <span>When user click on the logs section and search the file name by entering from date as "11/25/2023" and to date as "01/01/2024"</span>
      <div>
      </div>
              </div>
              <div class="step pass-bg" title="stepDefinition.ReportsStepDefinition.user_search_the_file_name_as_and_validate_the_result(java.lang.String)">
                <span>And user search the file name as "1812202325p5TXN" and validate the result</span>
      <div>
      </div>
              </div>
          </div>
        </div>
  </div>
</div>
          </div>
        </li>
        <li class="test-item"  status="fail" test-id="70"
          author=""
          tag=""
          device="">
          <div class="test-detail">
            <p class="name">Tiers feature</p>
            <p class="text-sm">
              <span>1:24:44 pm</span> / <span>00:02:57:590</span>
              <span class="badge fail-bg log float-right">Fail</span>
            </p>
          </div>
          <div class="test-contents d-none">
<div class="detail-head">
<div class="p-v-10">
<div class="info">
<h5 class="test-status text-fail">Tiers feature</h5>
<span class='badge badge-success'>01.02.2024 1:24:44 pm</span>
<span class='badge badge-danger'>01.02.2024 1:27:41 pm</span>
<span class='badge badge-default'>00:02:57:590</span>
&middot; <span class='uri-anchor badge badge-default'>#test-id=70</span>
<span title='Skip to the next failed step' class='badge badge-danger pointer float-right ne ml-1'><i class="fa fa-fast-forward"></i></span>
<span title='Collapse all nodes' class='badge badge-default pointer float-right ct ml-1'><i class="fa fa-compress"></i></span>
<span title='Expand all nodes' class='badge badge-default pointer float-right et'><i class="fa fa-expand"></i></span>
</div>
<div class="m-t-10 m-l-5"></div>
</div>
</div>
<div class="accordion mt-4">
  <div class="card">
    <div class="card-header" role="tab">
      <div class="card-title">
        <div class="node" id="71"><span class="badge log pass-bg mr-2">Pass</span>Create a new tier</div>
      </div>
    </div>
        <div class="collapse">
          <div class="card-body">
              <div class="step pass-bg" title="stepDefinition.TiersStepDefinition.user_navigates_to_tier_module()">
                <span>Given User navigates to tier module</span>
      <div>
      </div>
              </div>
              <div class="step pass-bg" title="stepDefinition.TiersStepDefinition.user_clicks_on_the_Enable_Tiers_or_Add_a_New_Tiers_button()">
                <span>When user clicks on the Enable Tiers or Add a New Tier button</span>
      <div>
      </div>
              </div>
              <div class="step pass-bg" title="stepDefinition.TiersStepDefinition.user_navigates_to_create_new_tier_page_and_select_the_tier_icon(java.lang.String)">
                <span>And User navigates to create new tier page and select the "Silver" tier icon</span>
      <div>
      </div>
              </div>
              <div class="step pass-bg" title="stepDefinition.TiersStepDefinition.user_navigates_to_tier_module(java.lang.String,java.lang.String,java.lang.String,java.lang.String,java.lang.String)">
                <span>And enter tier name as "Silver" multiplier as "1.25" milestone as "1000"  bonus as "10" and click "Launch"</span>
      <div>
      </div>
              </div>
              <div class="step pass-bg" title="stepDefinition.TiersStepDefinition.user_gets_the_success_message_as(java.lang.String)">
                <span>Then user gets the success message as "Tiers has been successfully enabled"</span>
      <div>
      </div>
              </div>
          </div>
        </div>
  </div>
  <div class="card">
    <div class="card-header" role="tab">
      <div class="card-title">
        <div class="node" id="78"><span class="badge log fail-bg mr-2">Fail</span>create second Tier</div>
      </div>
    </div>
        <div class="">
          <div class="card-body">
              <div class="step pass-bg" title="stepDefinition.TiersStepDefinition.user_clicks_on_the_Enable_Tiers_or_Add_a_New_Tiers_button()">
                <span>When user clicks on the Enable Tiers or Add a New Tier button</span>
      <div>
      </div>
              </div>
              <div class="step fail-bg" title="stepDefinition.TiersStepDefinition.user_navigates_to_create_new_tier_page_and_select_the_tier_icon(java.lang.String)">
                <span>And User navigates to create new tier page and select the "Platinum" tier icon</span>
      <div>
        <textarea disabled class="code-block">java.lang.NullPointerException: Cannot invoke "org.openqa.selenium.WebElement.click()" because the return value of "resources.BrowserUtils.findAndWaitForElement(org.openqa.selenium.WebElement)" is null
	at resources.BrowserUtils.clickElement(BrowserUtils.java:69)
	at stepDefinition.TiersStepDefinition.user_navigates_to_create_new_tier_page_and_select_the_tier_icon(TiersStepDefinition.java:83)
	at ✽.User navigates to create new tier page and select the "Platinum" tier icon(file:///Users/basavaraj/Automation/Pramod/v2/LBMSCloud/src/test/java/features/Tiers.feature:17)
</textarea>
      
      </div>
              </div>
              <div class="step skip-bg" title="stepDefinition.TiersStepDefinition.user_navigates_to_tier_module(java.lang.String,java.lang.String,java.lang.String,java.lang.String,java.lang.String)">
                <span>And enter tier name as "Platinum" multiplier as "1.5" milestone as "20000"  bonus as "20" and click "Launch"</span>
      <div>Step skipped
      </div>
              </div>
              <div class="step skip-bg" title="stepDefinition.TiersStepDefinition.user_gets_the_success_message_as(java.lang.String)">
                <span>Then user gets the success message as "Tiers has been successfully enabled"</span>
      <div>Step skipped
      </div>
              </div>
              <div class="step fail-bg" title="AFTER">
                <span>stepDefinition.Hooks.takeScreenShotOnFailure(io.cucumber.java.Scenario)</span>
      <div>
        <textarea disabled class="code-block">org.openqa.selenium.WebDriverException: disconnected: not connected to DevTools
  (failed to check if window was closed: disconnected: not connected to DevTools)
  (Session info: chrome=120.0.6099.129)
Build info: version: '4.16.1', revision: '9b4c83354e'
System info: os.name: 'Mac OS X', os.arch: 'x86_64', os.version: '14.2.1', java.version: '17.0.7'
Driver info: org.openqa.selenium.chrome.ChromeDriver
Command: [f5f7e0047cb344a6113c7991c94385a8, screenshot {}]
Capabilities {acceptInsecureCerts: false, browserName: chrome, browserVersion: 120.0.6099.129, chrome: {chromedriverVersion: 120.0.6099.109 (3419140ab66..., userDataDir: /var/folders/nj/n_9gw81j7mq...}, fedcm:accounts: true, goog:chromeOptions: {debuggerAddress: localhost:63964}, networkConnectionEnabled: false, pageLoadStrategy: normal, platformName: mac, proxy: Proxy(), se:cdp: ws://localhost:63964/devtoo..., se:cdpVersion: 120.0.6099.129, setWindowRect: true, strictFileInteractability: false, timeouts: {implicit: 0, pageLoad: 300000, script: 30000}, unhandledPromptBehavior: dismiss and notify, webauthn:extension:credBlob: true, webauthn:extension:largeBlob: true, webauthn:extension:minPinLength: true, webauthn:extension:prf: true, webauthn:virtualAuthenticators: true}
Session ID: f5f7e0047cb344a6113c7991c94385a8
	at java.base/jdk.internal.reflect.NativeConstructorAccessorImpl.newInstance0(Native Method)
	at java.base/jdk.internal.reflect.NativeConstructorAccessorImpl.newInstance(NativeConstructorAccessorImpl.java:77)
	at java.base/jdk.internal.reflect.DelegatingConstructorAccessorImpl.newInstance(DelegatingConstructorAccessorImpl.java:45)
	at java.base/java.lang.reflect.Constructor.newInstanceWithCaller(Constructor.java:499)
	at java.base/java.lang.reflect.Constructor.newInstance(Constructor.java:480)
	at org.openqa.selenium.remote.codec.w3c.W3CHttpResponseCodec.createException(W3CHttpResponseCodec.java:200)
	at org.openqa.selenium.remote.codec.w3c.W3CHttpResponseCodec.decode(W3CHttpResponseCodec.java:133)
	at org.openqa.selenium.remote.codec.w3c.W3CHttpResponseCodec.decode(W3CHttpResponseCodec.java:52)
	at org.openqa.selenium.remote.HttpCommandExecutor.execute(HttpCommandExecutor.java:191)
	at org.openqa.selenium.remote.service.DriverCommandExecutor.invokeExecute(DriverCommandExecutor.java:200)
	at org.openqa.selenium.remote.service.DriverCommandExecutor.execute(DriverCommandExecutor.java:175)
	at org.openqa.selenium.remote.RemoteWebDriver.execute(RemoteWebDriver.java:523)
	at org.openqa.selenium.remote.RemoteWebDriver.execute(RemoteWebDriver.java:596)
	at org.openqa.selenium.remote.RemoteWebDriver.execute(RemoteWebDriver.java:600)
	at org.openqa.selenium.remote.RemoteWebDriver.getScreenshotAs(RemoteWebDriver.java:326)
	at stepDefinition.Hooks.takeScreenShotOnFailure(Hooks.java:40)
</textarea>
      
      </div>
              </div>
          </div>
        </div>
  </div>
  <div class="card">
    <div class="card-header" role="tab">
      <div class="card-title">
        <div class="node" id="84"><span class="badge log fail-bg mr-2">Fail</span>Edit Tier</div>
      </div>
    </div>
        <div class="">
          <div class="card-body">
              <div class="step fail-bg" title="stepDefinition.TiersStepDefinition.user_validates_created_tier_clicks_edit(java.lang.String,java.lang.String)">
                <span>Then user validates "Platinum" tier and clicks "Edit"</span>
      <div>
        <textarea disabled class="code-block">org.openqa.selenium.WebDriverException: disconnected: not connected to DevTools
  (failed to check if window was closed: disconnected: not connected to DevTools)
  (Session info: chrome=120.0.6099.129)
Build info: version: '4.16.1', revision: '9b4c83354e'
System info: os.name: 'Mac OS X', os.arch: 'x86_64', os.version: '14.2.1', java.version: '17.0.7'
Driver info: org.openqa.selenium.chrome.ChromeDriver
Command: [f5f7e0047cb344a6113c7991c94385a8, findElements {using=xpath, value=//table[@class='MuiTable-root tss-900muf-MUIDataTable-tableRoot css-1owb465']//td}]
Capabilities {acceptInsecureCerts: false, browserName: chrome, browserVersion: 120.0.6099.129, chrome: {chromedriverVersion: 120.0.6099.109 (3419140ab66..., userDataDir: /var/folders/nj/n_9gw81j7mq...}, fedcm:accounts: true, goog:chromeOptions: {debuggerAddress: localhost:63964}, networkConnectionEnabled: false, pageLoadStrategy: normal, platformName: mac, proxy: Proxy(), se:cdp: ws://localhost:63964/devtoo..., se:cdpVersion: 120.0.6099.129, setWindowRect: true, strictFileInteractability: false, timeouts: {implicit: 0, pageLoad: 300000, script: 30000}, unhandledPromptBehavior: dismiss and notify, webauthn:extension:credBlob: true, webauthn:extension:largeBlob: true, webauthn:extension:minPinLength: true, webauthn:extension:prf: true, webauthn:virtualAuthenticators: true}
Session ID: f5f7e0047cb344a6113c7991c94385a8
	at java.base/jdk.internal.reflect.NativeConstructorAccessorImpl.newInstance0(Native Method)
	at java.base/jdk.internal.reflect.NativeConstructorAccessorImpl.newInstance(NativeConstructorAccessorImpl.java:77)
	at java.base/jdk.internal.reflect.DelegatingConstructorAccessorImpl.newInstance(DelegatingConstructorAccessorImpl.java:45)
	at java.base/java.lang.reflect.Constructor.newInstanceWithCaller(Constructor.java:499)
	at java.base/java.lang.reflect.Constructor.newInstance(Constructor.java:480)
	at org.openqa.selenium.remote.codec.w3c.W3CHttpResponseCodec.createException(W3CHttpResponseCodec.java:200)
	at org.openqa.selenium.remote.codec.w3c.W3CHttpResponseCodec.decode(W3CHttpResponseCodec.java:133)
	at org.openqa.selenium.remote.codec.w3c.W3CHttpResponseCodec.decode(W3CHttpResponseCodec.java:52)
	at org.openqa.selenium.remote.HttpCommandExecutor.execute(HttpCommandExecutor.java:191)
	at org.openqa.selenium.remote.service.DriverCommandExecutor.invokeExecute(DriverCommandExecutor.java:200)
	at org.openqa.selenium.remote.service.DriverCommandExecutor.execute(DriverCommandExecutor.java:175)
	at org.openqa.selenium.remote.RemoteWebDriver.execute(RemoteWebDriver.java:523)
	at org.openqa.selenium.remote.ElementLocation$ElementFinder$2.findElements(ElementLocation.java:182)
	at org.openqa.selenium.remote.ElementLocation.findElements(ElementLocation.java:103)
	at org.openqa.selenium.remote.RemoteWebDriver.findElements(RemoteWebDriver.java:373)
	at org.openqa.selenium.remote.RemoteWebDriver.findElements(RemoteWebDriver.java:367)
	at org.openqa.selenium.support.pagefactory.ByAll.findElements(ByAll.java:64)
	at org.openqa.selenium.remote.ElementLocation$ElementFinder$1.findElements(ElementLocation.java:149)
	at org.openqa.selenium.remote.ElementLocation.findElements(ElementLocation.java:103)
	at org.openqa.selenium.remote.RemoteWebDriver.findElements(RemoteWebDriver.java:373)
	at org.openqa.selenium.remote.RemoteWebDriver.findElements(RemoteWebDriver.java:367)
	at org.openqa.selenium.support.pagefactory.DefaultElementLocator.findElements(DefaultElementLocator.java:83)
	at org.openqa.selenium.support.pagefactory.internal.LocatingElementListHandler.invoke(LocatingElementListHandler.java:36)
	at jdk.proxy2/jdk.proxy2.$Proxy29.size(Unknown Source)
	at stepDefinition.TiersStepDefinition.user_validates_created_tier_clicks_edit(TiersStepDefinition.java:122)
	at ✽.user validates "Platinum" tier and clicks "Edit"(file:///Users/basavaraj/Automation/Pramod/v2/LBMSCloud/src/test/java/features/Tiers.feature:24)
</textarea>
      
      </div>
              </div>
              <div class="step skip-bg" title="stepDefinition.TiersStepDefinition.user_navigates_to_create_new_tier_page_and_select_the_tier_icon(java.lang.String)">
                <span>When User navigates to create new tier page and select the "Bronze" tier icon</span>
      <div>Step skipped
      </div>
              </div>
              <div class="step skip-bg" title="stepDefinition.TiersStepDefinition.user_navigates_to_tier_module(java.lang.String,java.lang.String,java.lang.String,java.lang.String,java.lang.String)">
                <span>And enter tier name as "Titanium" multiplier as "2" milestone as "50000"  bonus as "200" and click "Update"</span>
      <div>Step skipped
      </div>
              </div>
              <div class="step skip-bg" title="stepDefinition.TiersStepDefinition.user_gets_the_success_message_as(java.lang.String)">
                <span>Then user gets the success message as "Tier Updated Successfully"</span>
      <div>Step skipped
      </div>
              </div>
              <div class="step fail-bg" title="AFTER">
                <span>stepDefinition.Hooks.takeScreenShotOnFailure(io.cucumber.java.Scenario)</span>
      <div>
        <textarea disabled class="code-block">org.openqa.selenium.WebDriverException: disconnected: not connected to DevTools
  (failed to check if window was closed: disconnected: not connected to DevTools)
  (Session info: chrome=120.0.6099.129)
Build info: version: '4.16.1', revision: '9b4c83354e'
System info: os.name: 'Mac OS X', os.arch: 'x86_64', os.version: '14.2.1', java.version: '17.0.7'
Driver info: org.openqa.selenium.chrome.ChromeDriver
Command: [f5f7e0047cb344a6113c7991c94385a8, screenshot {}]
Capabilities {acceptInsecureCerts: false, browserName: chrome, browserVersion: 120.0.6099.129, chrome: {chromedriverVersion: 120.0.6099.109 (3419140ab66..., userDataDir: /var/folders/nj/n_9gw81j7mq...}, fedcm:accounts: true, goog:chromeOptions: {debuggerAddress: localhost:63964}, networkConnectionEnabled: false, pageLoadStrategy: normal, platformName: mac, proxy: Proxy(), se:cdp: ws://localhost:63964/devtoo..., se:cdpVersion: 120.0.6099.129, setWindowRect: true, strictFileInteractability: false, timeouts: {implicit: 0, pageLoad: 300000, script: 30000}, unhandledPromptBehavior: dismiss and notify, webauthn:extension:credBlob: true, webauthn:extension:largeBlob: true, webauthn:extension:minPinLength: true, webauthn:extension:prf: true, webauthn:virtualAuthenticators: true}
Session ID: f5f7e0047cb344a6113c7991c94385a8
	at java.base/jdk.internal.reflect.NativeConstructorAccessorImpl.newInstance0(Native Method)
	at java.base/jdk.internal.reflect.NativeConstructorAccessorImpl.newInstance(NativeConstructorAccessorImpl.java:77)
	at java.base/jdk.internal.reflect.DelegatingConstructorAccessorImpl.newInstance(DelegatingConstructorAccessorImpl.java:45)
	at java.base/java.lang.reflect.Constructor.newInstanceWithCaller(Constructor.java:499)
	at java.base/java.lang.reflect.Constructor.newInstance(Constructor.java:480)
	at org.openqa.selenium.remote.codec.w3c.W3CHttpResponseCodec.createException(W3CHttpResponseCodec.java:200)
	at org.openqa.selenium.remote.codec.w3c.W3CHttpResponseCodec.decode(W3CHttpResponseCodec.java:133)
	at org.openqa.selenium.remote.codec.w3c.W3CHttpResponseCodec.decode(W3CHttpResponseCodec.java:52)
	at org.openqa.selenium.remote.HttpCommandExecutor.execute(HttpCommandExecutor.java:191)
	at org.openqa.selenium.remote.service.DriverCommandExecutor.invokeExecute(DriverCommandExecutor.java:200)
	at org.openqa.selenium.remote.service.DriverCommandExecutor.execute(DriverCommandExecutor.java:175)
	at org.openqa.selenium.remote.RemoteWebDriver.execute(RemoteWebDriver.java:523)
	at org.openqa.selenium.remote.RemoteWebDriver.execute(RemoteWebDriver.java:596)
	at org.openqa.selenium.remote.RemoteWebDriver.execute(RemoteWebDriver.java:600)
	at org.openqa.selenium.remote.RemoteWebDriver.getScreenshotAs(RemoteWebDriver.java:326)
	at stepDefinition.Hooks.takeScreenShotOnFailure(Hooks.java:40)
</textarea>
      
      </div>
              </div>
          </div>
        </div>
  </div>
  <div class="card">
    <div class="card-header" role="tab">
      <div class="card-title">
        <div class="node" id="90"><span class="badge log fail-bg mr-2">Fail</span>Delete Tier</div>
      </div>
    </div>
        <div class="">
          <div class="card-body">
              <div class="step fail-bg" title="stepDefinition.TiersStepDefinition.user_validates_created_tier_clicks_edit(java.lang.String,java.lang.String)">
                <span>Then user validates "Titanium" tier and clicks "Delete"</span>
      <div>
        <textarea disabled class="code-block">org.openqa.selenium.WebDriverException: disconnected: not connected to DevTools
  (failed to check if window was closed: disconnected: not connected to DevTools)
  (Session info: chrome=120.0.6099.129)
Build info: version: '4.16.1', revision: '9b4c83354e'
System info: os.name: 'Mac OS X', os.arch: 'x86_64', os.version: '14.2.1', java.version: '17.0.7'
Driver info: org.openqa.selenium.chrome.ChromeDriver
Command: [f5f7e0047cb344a6113c7991c94385a8, findElements {using=xpath, value=//table[@class='MuiTable-root tss-900muf-MUIDataTable-tableRoot css-1owb465']//td}]
Capabilities {acceptInsecureCerts: false, browserName: chrome, browserVersion: 120.0.6099.129, chrome: {chromedriverVersion: 120.0.6099.109 (3419140ab66..., userDataDir: /var/folders/nj/n_9gw81j7mq...}, fedcm:accounts: true, goog:chromeOptions: {debuggerAddress: localhost:63964}, networkConnectionEnabled: false, pageLoadStrategy: normal, platformName: mac, proxy: Proxy(), se:cdp: ws://localhost:63964/devtoo..., se:cdpVersion: 120.0.6099.129, setWindowRect: true, strictFileInteractability: false, timeouts: {implicit: 0, pageLoad: 300000, script: 30000}, unhandledPromptBehavior: dismiss and notify, webauthn:extension:credBlob: true, webauthn:extension:largeBlob: true, webauthn:extension:minPinLength: true, webauthn:extension:prf: true, webauthn:virtualAuthenticators: true}
Session ID: f5f7e0047cb344a6113c7991c94385a8
	at java.base/jdk.internal.reflect.NativeConstructorAccessorImpl.newInstance0(Native Method)
	at java.base/jdk.internal.reflect.NativeConstructorAccessorImpl.newInstance(NativeConstructorAccessorImpl.java:77)
	at java.base/jdk.internal.reflect.DelegatingConstructorAccessorImpl.newInstance(DelegatingConstructorAccessorImpl.java:45)
	at java.base/java.lang.reflect.Constructor.newInstanceWithCaller(Constructor.java:499)
	at java.base/java.lang.reflect.Constructor.newInstance(Constructor.java:480)
	at org.openqa.selenium.remote.codec.w3c.W3CHttpResponseCodec.createException(W3CHttpResponseCodec.java:200)
	at org.openqa.selenium.remote.codec.w3c.W3CHttpResponseCodec.decode(W3CHttpResponseCodec.java:133)
	at org.openqa.selenium.remote.codec.w3c.W3CHttpResponseCodec.decode(W3CHttpResponseCodec.java:52)
	at org.openqa.selenium.remote.HttpCommandExecutor.execute(HttpCommandExecutor.java:191)
	at org.openqa.selenium.remote.service.DriverCommandExecutor.invokeExecute(DriverCommandExecutor.java:200)
	at org.openqa.selenium.remote.service.DriverCommandExecutor.execute(DriverCommandExecutor.java:175)
	at org.openqa.selenium.remote.RemoteWebDriver.execute(RemoteWebDriver.java:523)
	at org.openqa.selenium.remote.ElementLocation$ElementFinder$2.findElements(ElementLocation.java:182)
	at org.openqa.selenium.remote.ElementLocation.findElements(ElementLocation.java:103)
	at org.openqa.selenium.remote.RemoteWebDriver.findElements(RemoteWebDriver.java:373)
	at org.openqa.selenium.remote.RemoteWebDriver.findElements(RemoteWebDriver.java:367)
	at org.openqa.selenium.support.pagefactory.ByAll.findElements(ByAll.java:64)
	at org.openqa.selenium.remote.ElementLocation$ElementFinder$1.findElements(ElementLocation.java:149)
	at org.openqa.selenium.remote.ElementLocation.findElements(ElementLocation.java:103)
	at org.openqa.selenium.remote.RemoteWebDriver.findElements(RemoteWebDriver.java:373)
	at org.openqa.selenium.remote.RemoteWebDriver.findElements(RemoteWebDriver.java:367)
	at org.openqa.selenium.support.pagefactory.DefaultElementLocator.findElements(DefaultElementLocator.java:83)
	at org.openqa.selenium.support.pagefactory.internal.LocatingElementListHandler.invoke(LocatingElementListHandler.java:36)
	at jdk.proxy2/jdk.proxy2.$Proxy29.size(Unknown Source)
	at stepDefinition.TiersStepDefinition.user_validates_created_tier_clicks_edit(TiersStepDefinition.java:122)
	at ✽.user validates "Titanium" tier and clicks "Delete"(file:///Users/basavaraj/Automation/Pramod/v2/LBMSCloud/src/test/java/features/Tiers.feature:32)
</textarea>
      
      </div>
              </div>
              <div class="step skip-bg" title="stepDefinition.TiersStepDefinition.user_should_navigate_to_tier_lists_page_along_with_success_message(java.lang.String,java.lang.String)">
                <span>Then user should navigate to tier lists page along with success message "Titanium" "tier has been successfully deleted"</span>
      <div>Step skipped
      </div>
              </div>
              <div class="step fail-bg" title="AFTER">
                <span>stepDefinition.Hooks.takeScreenShotOnFailure(io.cucumber.java.Scenario)</span>
      <div>
        <textarea disabled class="code-block">org.openqa.selenium.WebDriverException: disconnected: not connected to DevTools
  (failed to check if window was closed: disconnected: not connected to DevTools)
  (Session info: chrome=120.0.6099.129)
Build info: version: '4.16.1', revision: '9b4c83354e'
System info: os.name: 'Mac OS X', os.arch: 'x86_64', os.version: '14.2.1', java.version: '17.0.7'
Driver info: org.openqa.selenium.chrome.ChromeDriver
Command: [f5f7e0047cb344a6113c7991c94385a8, screenshot {}]
Capabilities {acceptInsecureCerts: false, browserName: chrome, browserVersion: 120.0.6099.129, chrome: {chromedriverVersion: 120.0.6099.109 (3419140ab66..., userDataDir: /var/folders/nj/n_9gw81j7mq...}, fedcm:accounts: true, goog:chromeOptions: {debuggerAddress: localhost:63964}, networkConnectionEnabled: false, pageLoadStrategy: normal, platformName: mac, proxy: Proxy(), se:cdp: ws://localhost:63964/devtoo..., se:cdpVersion: 120.0.6099.129, setWindowRect: true, strictFileInteractability: false, timeouts: {implicit: 0, pageLoad: 300000, script: 30000}, unhandledPromptBehavior: dismiss and notify, webauthn:extension:credBlob: true, webauthn:extension:largeBlob: true, webauthn:extension:minPinLength: true, webauthn:extension:prf: true, webauthn:virtualAuthenticators: true}
Session ID: f5f7e0047cb344a6113c7991c94385a8
	at java.base/jdk.internal.reflect.NativeConstructorAccessorImpl.newInstance0(Native Method)
	at java.base/jdk.internal.reflect.NativeConstructorAccessorImpl.newInstance(NativeConstructorAccessorImpl.java:77)
	at java.base/jdk.internal.reflect.DelegatingConstructorAccessorImpl.newInstance(DelegatingConstructorAccessorImpl.java:45)
	at java.base/java.lang.reflect.Constructor.newInstanceWithCaller(Constructor.java:499)
	at java.base/java.lang.reflect.Constructor.newInstance(Constructor.java:480)
	at org.openqa.selenium.remote.codec.w3c.W3CHttpResponseCodec.createException(W3CHttpResponseCodec.java:200)
	at org.openqa.selenium.remote.codec.w3c.W3CHttpResponseCodec.decode(W3CHttpResponseCodec.java:133)
	at org.openqa.selenium.remote.codec.w3c.W3CHttpResponseCodec.decode(W3CHttpResponseCodec.java:52)
	at org.openqa.selenium.remote.HttpCommandExecutor.execute(HttpCommandExecutor.java:191)
	at org.openqa.selenium.remote.service.DriverCommandExecutor.invokeExecute(DriverCommandExecutor.java:200)
	at org.openqa.selenium.remote.service.DriverCommandExecutor.execute(DriverCommandExecutor.java:175)
	at org.openqa.selenium.remote.RemoteWebDriver.execute(RemoteWebDriver.java:523)
	at org.openqa.selenium.remote.RemoteWebDriver.execute(RemoteWebDriver.java:596)
	at org.openqa.selenium.remote.RemoteWebDriver.execute(RemoteWebDriver.java:600)
	at org.openqa.selenium.remote.RemoteWebDriver.getScreenshotAs(RemoteWebDriver.java:326)
	at stepDefinition.Hooks.takeScreenShotOnFailure(Hooks.java:40)
</textarea>
      
      </div>
              </div>
          </div>
        </div>
  </div>
  <div class="card">
    <div class="card-header" role="tab">
      <div class="card-title">
        <div class="node" id="94"><span class="badge log fail-bg mr-2">Fail</span>Tier Settings</div>
      </div>
    </div>
        <div class="">
          <div class="card-body">
              <div class="step fail-bg" title="stepDefinition.TiersStepDefinition.user_navigates_to_tier_module()">
                <span>Given User navigates to tier module</span>
      <div>
        <textarea disabled class="code-block">java.lang.NullPointerException: Cannot invoke "org.openqa.selenium.WebElement.click()" because the return value of "resources.BrowserUtils.findAndWaitForElement(org.openqa.selenium.WebElement)" is null
	at resources.BrowserUtils.clickElement(BrowserUtils.java:69)
	at stepDefinition.TiersStepDefinition.user_navigates_to_tier_module(TiersStepDefinition.java:23)
	at ✽.User navigates to tier module(file:///Users/basavaraj/Automation/Pramod/v2/LBMSCloud/src/test/java/features/Tiers.feature:38)
</textarea>
      
      </div>
              </div>
              <div class="step skip-bg" title="stepDefinition.TiersStepDefinition.user_change_the_tier_settings_timeframe()">
                <span>When user change the tier settings timeframe</span>
      <div>Step skipped
      </div>
              </div>
              <div class="step skip-bg" title="stepDefinition.TiersStepDefinition.user_gets_the_success_message_as(java.lang.String)">
                <span>Then user gets the success message as "Tier Setting Updated Successfully"</span>
      <div>Step skipped
      </div>
              </div>
              <div class="step fail-bg" title="AFTER">
                <span>stepDefinition.Hooks.takeScreenShotOnFailure(io.cucumber.java.Scenario)</span>
      <div>
        <textarea disabled class="code-block">org.openqa.selenium.WebDriverException: disconnected: not connected to DevTools
  (failed to check if window was closed: disconnected: not connected to DevTools)
  (Session info: chrome=120.0.6099.129)
Build info: version: '4.16.1', revision: '9b4c83354e'
System info: os.name: 'Mac OS X', os.arch: 'x86_64', os.version: '14.2.1', java.version: '17.0.7'
Driver info: org.openqa.selenium.chrome.ChromeDriver
Command: [f5f7e0047cb344a6113c7991c94385a8, screenshot {}]
Capabilities {acceptInsecureCerts: false, browserName: chrome, browserVersion: 120.0.6099.129, chrome: {chromedriverVersion: 120.0.6099.109 (3419140ab66..., userDataDir: /var/folders/nj/n_9gw81j7mq...}, fedcm:accounts: true, goog:chromeOptions: {debuggerAddress: localhost:63964}, networkConnectionEnabled: false, pageLoadStrategy: normal, platformName: mac, proxy: Proxy(), se:cdp: ws://localhost:63964/devtoo..., se:cdpVersion: 120.0.6099.129, setWindowRect: true, strictFileInteractability: false, timeouts: {implicit: 0, pageLoad: 300000, script: 30000}, unhandledPromptBehavior: dismiss and notify, webauthn:extension:credBlob: true, webauthn:extension:largeBlob: true, webauthn:extension:minPinLength: true, webauthn:extension:prf: true, webauthn:virtualAuthenticators: true}
Session ID: f5f7e0047cb344a6113c7991c94385a8
	at java.base/jdk.internal.reflect.NativeConstructorAccessorImpl.newInstance0(Native Method)
	at java.base/jdk.internal.reflect.NativeConstructorAccessorImpl.newInstance(NativeConstructorAccessorImpl.java:77)
	at java.base/jdk.internal.reflect.DelegatingConstructorAccessorImpl.newInstance(DelegatingConstructorAccessorImpl.java:45)
	at java.base/java.lang.reflect.Constructor.newInstanceWithCaller(Constructor.java:499)
	at java.base/java.lang.reflect.Constructor.newInstance(Constructor.java:480)
	at org.openqa.selenium.remote.codec.w3c.W3CHttpResponseCodec.createException(W3CHttpResponseCodec.java:200)
	at org.openqa.selenium.remote.codec.w3c.W3CHttpResponseCodec.decode(W3CHttpResponseCodec.java:133)
	at org.openqa.selenium.remote.codec.w3c.W3CHttpResponseCodec.decode(W3CHttpResponseCodec.java:52)
	at org.openqa.selenium.remote.HttpCommandExecutor.execute(HttpCommandExecutor.java:191)
	at org.openqa.selenium.remote.service.DriverCommandExecutor.invokeExecute(DriverCommandExecutor.java:200)
	at org.openqa.selenium.remote.service.DriverCommandExecutor.execute(DriverCommandExecutor.java:175)
	at org.openqa.selenium.remote.RemoteWebDriver.execute(RemoteWebDriver.java:523)
	at org.openqa.selenium.remote.RemoteWebDriver.execute(RemoteWebDriver.java:596)
	at org.openqa.selenium.remote.RemoteWebDriver.execute(RemoteWebDriver.java:600)
	at org.openqa.selenium.remote.RemoteWebDriver.getScreenshotAs(RemoteWebDriver.java:326)
	at stepDefinition.Hooks.takeScreenShotOnFailure(Hooks.java:40)
</textarea>
      
      </div>
              </div>
          </div>
        </div>
  </div>
</div>
          </div>
        </li>
        <li class="test-item"  status="fail" test-id="99"
          author=""
          tag=""
          device="">
          <div class="test-detail">
            <p class="name">Add new program & platform configuration</p>
            <p class="text-sm">
              <span>1:27:42 pm</span> / <span>00:00:01:236</span>
              <span class="badge fail-bg log float-right">Fail</span>
            </p>
          </div>
          <div class="test-contents d-none">
<div class="detail-head">
<div class="p-v-10">
<div class="info">
<h5 class="test-status text-fail">Add new program & platform configuration</h5>
<span class='badge badge-success'>01.02.2024 1:27:42 pm</span>
<span class='badge badge-danger'>01.02.2024 1:27:43 pm</span>
<span class='badge badge-default'>00:00:01:236</span>
&middot; <span class='uri-anchor badge badge-default'>#test-id=99</span>
<span title='Skip to the next failed step' class='badge badge-danger pointer float-right ne ml-1'><i class="fa fa-fast-forward"></i></span>
<span title='Collapse all nodes' class='badge badge-default pointer float-right ct ml-1'><i class="fa fa-compress"></i></span>
<span title='Expand all nodes' class='badge badge-default pointer float-right et'><i class="fa fa-expand"></i></span>
</div>
<div class="m-t-10 m-l-5"></div>
</div>
</div>
<div class="accordion mt-4">
  <div class="card">
    <div class="card-header" role="tab">
      <div class="card-title">
        <div class="node" id="100"><span class="badge log fail-bg mr-2">Fail</span>Test and verify Add new program</div>
      </div>
    </div>
        <div class="">
          <div class="card-body">
              <div class="step fail-bg" title="stepDefinition.LoginStepDefinition.click_on_the_profile_section_using_something()">
                <span>Then click on the profile section</span>
      <div>
        <textarea disabled class="code-block">java.lang.NullPointerException: Cannot invoke "org.openqa.selenium.WebElement.click()" because the return value of "resources.BrowserUtils.findAndWaitForElement(org.openqa.selenium.WebElement)" is null
	at resources.BrowserUtils.clickElement(BrowserUtils.java:69)
	at stepDefinition.LoginStepDefinition.click_on_the_profile_section_using_something(LoginStepDefinition.java:57)
	at ✽.click on the profile section(file:///Users/basavaraj/Automation/Pramod/v2/LBMSCloud/src/test/java/features/Zconfiguration.feature:5)
</textarea>
      
      </div>
              </div>
              <div class="step skip-bg" title="stepDefinition.ConfigurationsStepDefinition.click_on_add_new_program()">
                <span>Then click on Add new program</span>
      <div>Step skipped
      </div>
              </div>
              <div class="step skip-bg" title="stepDefinition.ConfigurationsStepDefinition.add(java.lang.String,java.lang.String,java.lang.String,java.lang.String,java.lang.String)">
                <span>Then Add "Automation" "Program" "automation@gmail.com" "+91" "9860979070"</span>
      <div>Step skipped
      </div>
              </div>
              <div class="step skip-bg" title="stepDefinition.ConfigurationsStepDefinition.click_on_continue_button()">
                <span>Then Click on continue button</span>
      <div>Step skipped
      </div>
              </div>
              <div class="step fail-bg" title="AFTER">
                <span>stepDefinition.Hooks.takeScreenShotOnFailure(io.cucumber.java.Scenario)</span>
      <div>
        <textarea disabled class="code-block">org.openqa.selenium.WebDriverException: disconnected: not connected to DevTools
  (failed to check if window was closed: disconnected: not connected to DevTools)
  (Session info: chrome=120.0.6099.129)
Build info: version: '4.16.1', revision: '9b4c83354e'
System info: os.name: 'Mac OS X', os.arch: 'x86_64', os.version: '14.2.1', java.version: '17.0.7'
Driver info: org.openqa.selenium.chrome.ChromeDriver
Command: [f5f7e0047cb344a6113c7991c94385a8, screenshot {}]
Capabilities {acceptInsecureCerts: false, browserName: chrome, browserVersion: 120.0.6099.129, chrome: {chromedriverVersion: 120.0.6099.109 (3419140ab66..., userDataDir: /var/folders/nj/n_9gw81j7mq...}, fedcm:accounts: true, goog:chromeOptions: {debuggerAddress: localhost:63964}, networkConnectionEnabled: false, pageLoadStrategy: normal, platformName: mac, proxy: Proxy(), se:cdp: ws://localhost:63964/devtoo..., se:cdpVersion: 120.0.6099.129, setWindowRect: true, strictFileInteractability: false, timeouts: {implicit: 0, pageLoad: 300000, script: 30000}, unhandledPromptBehavior: dismiss and notify, webauthn:extension:credBlob: true, webauthn:extension:largeBlob: true, webauthn:extension:minPinLength: true, webauthn:extension:prf: true, webauthn:virtualAuthenticators: true}
Session ID: f5f7e0047cb344a6113c7991c94385a8
	at java.base/jdk.internal.reflect.NativeConstructorAccessorImpl.newInstance0(Native Method)
	at java.base/jdk.internal.reflect.NativeConstructorAccessorImpl.newInstance(NativeConstructorAccessorImpl.java:77)
	at java.base/jdk.internal.reflect.DelegatingConstructorAccessorImpl.newInstance(DelegatingConstructorAccessorImpl.java:45)
	at java.base/java.lang.reflect.Constructor.newInstanceWithCaller(Constructor.java:499)
	at java.base/java.lang.reflect.Constructor.newInstance(Constructor.java:480)
	at org.openqa.selenium.remote.codec.w3c.W3CHttpResponseCodec.createException(W3CHttpResponseCodec.java:200)
	at org.openqa.selenium.remote.codec.w3c.W3CHttpResponseCodec.decode(W3CHttpResponseCodec.java:133)
	at org.openqa.selenium.remote.codec.w3c.W3CHttpResponseCodec.decode(W3CHttpResponseCodec.java:52)
	at org.openqa.selenium.remote.HttpCommandExecutor.execute(HttpCommandExecutor.java:191)
	at org.openqa.selenium.remote.service.DriverCommandExecutor.invokeExecute(DriverCommandExecutor.java:200)
	at org.openqa.selenium.remote.service.DriverCommandExecutor.execute(DriverCommandExecutor.java:175)
	at org.openqa.selenium.remote.RemoteWebDriver.execute(RemoteWebDriver.java:523)
	at org.openqa.selenium.remote.RemoteWebDriver.execute(RemoteWebDriver.java:596)
	at org.openqa.selenium.remote.RemoteWebDriver.execute(RemoteWebDriver.java:600)
	at org.openqa.selenium.remote.RemoteWebDriver.getScreenshotAs(RemoteWebDriver.java:326)
	at stepDefinition.Hooks.takeScreenShotOnFailure(Hooks.java:40)
</textarea>
      
      </div>
              </div>
          </div>
        </div>
  </div>
  <div class="card">
    <div class="card-header" role="tab">
      <div class="card-title">
        <div class="node" id="106"><span class="badge log fail-bg mr-2">Fail</span>Test and verify Add company deatils</div>
      </div>
    </div>
        <div class="">
          <div class="card-body">
              <div class="step fail-bg" title="stepDefinition.ConfigurationsStepDefinition.add_company_deatils(java.lang.String,java.lang.String,java.lang.String,java.lang.String,java.lang.String)">
                <span>Then Add company deatils "Automation" "Automation.com" "Pune" "South" "India"</span>
      <div>
        <textarea disabled class="code-block">java.lang.NullPointerException: Cannot invoke "org.openqa.selenium.WebElement.isDisplayed()" because the return value of "resources.BrowserUtils.findAndWaitForElement(org.openqa.selenium.WebElement)" is null
	at resources.BrowserUtils.enterText(BrowserUtils.java:74)
	at stepDefinition.ConfigurationsStepDefinition.add_company_deatils(ConfigurationsStepDefinition.java:43)
	at ✽.Add company deatils "Automation" "Automation.com" "Pune" "South" "India"(file:///Users/basavaraj/Automation/Pramod/v2/LBMSCloud/src/test/java/features/Zconfiguration.feature:12)
</textarea>
      
      </div>
              </div>
              <div class="step skip-bg" title="stepDefinition.ConfigurationsStepDefinition.click_on_continue_button()">
                <span>Then Click on continue button</span>
      <div>Step skipped
      </div>
              </div>
              <div class="step fail-bg" title="AFTER">
                <span>stepDefinition.Hooks.takeScreenShotOnFailure(io.cucumber.java.Scenario)</span>
      <div>
        <textarea disabled class="code-block">org.openqa.selenium.WebDriverException: disconnected: not connected to DevTools
  (failed to check if window was closed: disconnected: not connected to DevTools)
  (Session info: chrome=120.0.6099.129)
Build info: version: '4.16.1', revision: '9b4c83354e'
System info: os.name: 'Mac OS X', os.arch: 'x86_64', os.version: '14.2.1', java.version: '17.0.7'
Driver info: org.openqa.selenium.chrome.ChromeDriver
Command: [f5f7e0047cb344a6113c7991c94385a8, screenshot {}]
Capabilities {acceptInsecureCerts: false, browserName: chrome, browserVersion: 120.0.6099.129, chrome: {chromedriverVersion: 120.0.6099.109 (3419140ab66..., userDataDir: /var/folders/nj/n_9gw81j7mq...}, fedcm:accounts: true, goog:chromeOptions: {debuggerAddress: localhost:63964}, networkConnectionEnabled: false, pageLoadStrategy: normal, platformName: mac, proxy: Proxy(), se:cdp: ws://localhost:63964/devtoo..., se:cdpVersion: 120.0.6099.129, setWindowRect: true, strictFileInteractability: false, timeouts: {implicit: 0, pageLoad: 300000, script: 30000}, unhandledPromptBehavior: dismiss and notify, webauthn:extension:credBlob: true, webauthn:extension:largeBlob: true, webauthn:extension:minPinLength: true, webauthn:extension:prf: true, webauthn:virtualAuthenticators: true}
Session ID: f5f7e0047cb344a6113c7991c94385a8
	at java.base/jdk.internal.reflect.NativeConstructorAccessorImpl.newInstance0(Native Method)
	at java.base/jdk.internal.reflect.NativeConstructorAccessorImpl.newInstance(NativeConstructorAccessorImpl.java:77)
	at java.base/jdk.internal.reflect.DelegatingConstructorAccessorImpl.newInstance(DelegatingConstructorAccessorImpl.java:45)
	at java.base/java.lang.reflect.Constructor.newInstanceWithCaller(Constructor.java:499)
	at java.base/java.lang.reflect.Constructor.newInstance(Constructor.java:480)
	at org.openqa.selenium.remote.codec.w3c.W3CHttpResponseCodec.createException(W3CHttpResponseCodec.java:200)
	at org.openqa.selenium.remote.codec.w3c.W3CHttpResponseCodec.decode(W3CHttpResponseCodec.java:133)
	at org.openqa.selenium.remote.codec.w3c.W3CHttpResponseCodec.decode(W3CHttpResponseCodec.java:52)
	at org.openqa.selenium.remote.HttpCommandExecutor.execute(HttpCommandExecutor.java:191)
	at org.openqa.selenium.remote.service.DriverCommandExecutor.invokeExecute(DriverCommandExecutor.java:200)
	at org.openqa.selenium.remote.service.DriverCommandExecutor.execute(DriverCommandExecutor.java:175)
	at org.openqa.selenium.remote.RemoteWebDriver.execute(RemoteWebDriver.java:523)
	at org.openqa.selenium.remote.RemoteWebDriver.execute(RemoteWebDriver.java:596)
	at org.openqa.selenium.remote.RemoteWebDriver.execute(RemoteWebDriver.java:600)
	at org.openqa.selenium.remote.RemoteWebDriver.getScreenshotAs(RemoteWebDriver.java:326)
	at stepDefinition.Hooks.takeScreenShotOnFailure(Hooks.java:40)
</textarea>
      
      </div>
              </div>
          </div>
        </div>
  </div>
  <div class="card">
    <div class="card-header" role="tab">
      <div class="card-title">
        <div class="node" id="110"><span class="badge log fail-bg mr-2">Fail</span>Test and verify Add Program details</div>
      </div>
    </div>
        <div class="">
          <div class="card-body">
              <div class="step fail-bg" title="stepDefinition.ConfigurationsStepDefinition.add_program_name()">
                <span>Then Add Program name</span>
      <div>
        <textarea disabled class="code-block">org.openqa.selenium.WebDriverException: disconnected: not connected to DevTools
  (failed to check if window was closed: disconnected: not connected to DevTools)
  (Session info: chrome=120.0.6099.129)
Build info: version: '4.16.1', revision: '9b4c83354e'
System info: os.name: 'Mac OS X', os.arch: 'x86_64', os.version: '14.2.1', java.version: '17.0.7'
Driver info: org.openqa.selenium.chrome.ChromeDriver
Command: [f5f7e0047cb344a6113c7991c94385a8, findElement {using=xpath, value=//input[@placeholder='Enter Program Name']}]
Capabilities {acceptInsecureCerts: false, browserName: chrome, browserVersion: 120.0.6099.129, chrome: {chromedriverVersion: 120.0.6099.109 (3419140ab66..., userDataDir: /var/folders/nj/n_9gw81j7mq...}, fedcm:accounts: true, goog:chromeOptions: {debuggerAddress: localhost:63964}, networkConnectionEnabled: false, pageLoadStrategy: normal, platformName: mac, proxy: Proxy(), se:cdp: ws://localhost:63964/devtoo..., se:cdpVersion: 120.0.6099.129, setWindowRect: true, strictFileInteractability: false, timeouts: {implicit: 0, pageLoad: 300000, script: 30000}, unhandledPromptBehavior: dismiss and notify, webauthn:extension:credBlob: true, webauthn:extension:largeBlob: true, webauthn:extension:minPinLength: true, webauthn:extension:prf: true, webauthn:virtualAuthenticators: true}
Session ID: f5f7e0047cb344a6113c7991c94385a8
	at java.base/jdk.internal.reflect.NativeConstructorAccessorImpl.newInstance0(Native Method)
	at java.base/jdk.internal.reflect.NativeConstructorAccessorImpl.newInstance(NativeConstructorAccessorImpl.java:77)
	at java.base/jdk.internal.reflect.DelegatingConstructorAccessorImpl.newInstance(DelegatingConstructorAccessorImpl.java:45)
	at java.base/java.lang.reflect.Constructor.newInstanceWithCaller(Constructor.java:499)
	at java.base/java.lang.reflect.Constructor.newInstance(Constructor.java:480)
	at org.openqa.selenium.remote.codec.w3c.W3CHttpResponseCodec.createException(W3CHttpResponseCodec.java:200)
	at org.openqa.selenium.remote.codec.w3c.W3CHttpResponseCodec.decode(W3CHttpResponseCodec.java:133)
	at org.openqa.selenium.remote.codec.w3c.W3CHttpResponseCodec.decode(W3CHttpResponseCodec.java:52)
	at org.openqa.selenium.remote.HttpCommandExecutor.execute(HttpCommandExecutor.java:191)
	at org.openqa.selenium.remote.service.DriverCommandExecutor.invokeExecute(DriverCommandExecutor.java:200)
	at org.openqa.selenium.remote.service.DriverCommandExecutor.execute(DriverCommandExecutor.java:175)
	at org.openqa.selenium.remote.RemoteWebDriver.execute(RemoteWebDriver.java:523)
	at org.openqa.selenium.remote.ElementLocation$ElementFinder$2.findElement(ElementLocation.java:165)
	at org.openqa.selenium.remote.ElementLocation.findElement(ElementLocation.java:59)
	at org.openqa.selenium.remote.RemoteWebDriver.findElement(RemoteWebDriver.java:360)
	at org.openqa.selenium.remote.RemoteWebDriver.findElement(RemoteWebDriver.java:354)
	at org.openqa.selenium.support.pagefactory.DefaultElementLocator.findElement(DefaultElementLocator.java:68)
	at org.openqa.selenium.support.pagefactory.internal.LocatingElementHandler.invoke(LocatingElementHandler.java:38)
	at jdk.proxy2/jdk.proxy2.$Proxy27.sendKeys(Unknown Source)
	at stepDefinition.ConfigurationsStepDefinition.add_program_name(ConfigurationsStepDefinition.java:149)
	at ✽.Add Program name(file:///Users/basavaraj/Automation/Pramod/v2/LBMSCloud/src/test/java/features/Zconfiguration.feature:18)
</textarea>
      
      </div>
              </div>
              <div class="step skip-bg" title="stepDefinition.ConfigurationsStepDefinition.add_program_logo()">
                <span>Then Add Program Logo</span>
      <div>Step skipped
      </div>
              </div>
              <div class="step skip-bg" title="stepDefinition.ConfigurationsStepDefinition.select_base_currency(java.lang.String)">
                <span>Then Select Base Currency "₹ - Indian Rupees"</span>
      <div>Step skipped
      </div>
              </div>
              <div class="step fail-bg" title="AFTER">
                <span>stepDefinition.Hooks.takeScreenShotOnFailure(io.cucumber.java.Scenario)</span>
      <div>
        <textarea disabled class="code-block">org.openqa.selenium.WebDriverException: disconnected: not connected to DevTools
  (failed to check if window was closed: disconnected: not connected to DevTools)
  (Session info: chrome=120.0.6099.129)
Build info: version: '4.16.1', revision: '9b4c83354e'
System info: os.name: 'Mac OS X', os.arch: 'x86_64', os.version: '14.2.1', java.version: '17.0.7'
Driver info: org.openqa.selenium.chrome.ChromeDriver
Command: [f5f7e0047cb344a6113c7991c94385a8, screenshot {}]
Capabilities {acceptInsecureCerts: false, browserName: chrome, browserVersion: 120.0.6099.129, chrome: {chromedriverVersion: 120.0.6099.109 (3419140ab66..., userDataDir: /var/folders/nj/n_9gw81j7mq...}, fedcm:accounts: true, goog:chromeOptions: {debuggerAddress: localhost:63964}, networkConnectionEnabled: false, pageLoadStrategy: normal, platformName: mac, proxy: Proxy(), se:cdp: ws://localhost:63964/devtoo..., se:cdpVersion: 120.0.6099.129, setWindowRect: true, strictFileInteractability: false, timeouts: {implicit: 0, pageLoad: 300000, script: 30000}, unhandledPromptBehavior: dismiss and notify, webauthn:extension:credBlob: true, webauthn:extension:largeBlob: true, webauthn:extension:minPinLength: true, webauthn:extension:prf: true, webauthn:virtualAuthenticators: true}
Session ID: f5f7e0047cb344a6113c7991c94385a8
	at java.base/jdk.internal.reflect.NativeConstructorAccessorImpl.newInstance0(Native Method)
	at java.base/jdk.internal.reflect.NativeConstructorAccessorImpl.newInstance(NativeConstructorAccessorImpl.java:77)
	at java.base/jdk.internal.reflect.DelegatingConstructorAccessorImpl.newInstance(DelegatingConstructorAccessorImpl.java:45)
	at java.base/java.lang.reflect.Constructor.newInstanceWithCaller(Constructor.java:499)
	at java.base/java.lang.reflect.Constructor.newInstance(Constructor.java:480)
	at org.openqa.selenium.remote.codec.w3c.W3CHttpResponseCodec.createException(W3CHttpResponseCodec.java:200)
	at org.openqa.selenium.remote.codec.w3c.W3CHttpResponseCodec.decode(W3CHttpResponseCodec.java:133)
	at org.openqa.selenium.remote.codec.w3c.W3CHttpResponseCodec.decode(W3CHttpResponseCodec.java:52)
	at org.openqa.selenium.remote.HttpCommandExecutor.execute(HttpCommandExecutor.java:191)
	at org.openqa.selenium.remote.service.DriverCommandExecutor.invokeExecute(DriverCommandExecutor.java:200)
	at org.openqa.selenium.remote.service.DriverCommandExecutor.execute(DriverCommandExecutor.java:175)
	at org.openqa.selenium.remote.RemoteWebDriver.execute(RemoteWebDriver.java:523)
	at org.openqa.selenium.remote.RemoteWebDriver.execute(RemoteWebDriver.java:596)
	at org.openqa.selenium.remote.RemoteWebDriver.execute(RemoteWebDriver.java:600)
	at org.openqa.selenium.remote.RemoteWebDriver.getScreenshotAs(RemoteWebDriver.java:326)
	at stepDefinition.Hooks.takeScreenShotOnFailure(Hooks.java:40)
</textarea>
      
      </div>
              </div>
          </div>
        </div>
  </div>
  <div class="card">
    <div class="card-header" role="tab">
      <div class="card-title">
        <div class="node" id="115"><span class="badge log fail-bg mr-2">Fail</span>Test and verify Points Configuration details</div>
      </div>
    </div>
        <div class="">
          <div class="card-body">
              <div class="step fail-bg" title="stepDefinition.ConfigurationsStepDefinition.add_points_terminology_ad(java.lang.String,java.lang.String,java.lang.String)">
                <span>Then Add Points Terminology as "1" "11" "1"</span>
      <div>
        <textarea disabled class="code-block">java.lang.NullPointerException: Cannot invoke "org.openqa.selenium.WebElement.isDisplayed()" because the return value of "resources.BrowserUtils.findAndWaitForElement(org.openqa.selenium.WebElement)" is null
	at resources.BrowserUtils.enterText(BrowserUtils.java:74)
	at stepDefinition.ConfigurationsStepDefinition.add_points_terminology_ad(ConfigurationsStepDefinition.java:80)
	at ✽.Add Points Terminology as "1" "11" "1"(file:///Users/basavaraj/Automation/Pramod/v2/LBMSCloud/src/test/java/features/Zconfiguration.feature:25)
</textarea>
      
      </div>
              </div>
              <div class="step skip-bg" title="stepDefinition.ConfigurationsStepDefinition.select_point_expiration_period_as(java.lang.String)">
                <span>Then Select Point Expiration Period as "Quarterly"</span>
      <div>Step skipped
      </div>
              </div>
              <div class="step skip-bg" title="stepDefinition.ConfigurationsStepDefinition.add_cashback_rate_customer_purchase_rate_redemption_rate(java.lang.String,java.lang.String,java.lang.String)">
                <span>Then Add Cashback Rate "10.7" Customer Purchase Rate "5.5" Redemption Rate "10"</span>
      <div>Step skipped
      </div>
              </div>
              <div class="step skip-bg" title="stepDefinition.ConfigurationsStepDefinition.click_on_create_program()">
                <span>Then Click on Create program</span>
      <div>Step skipped
      </div>
              </div>
              <div class="step skip-bg" title="stepDefinition.ConfigurationsStepDefinition.Click_on_Done()">
                <span>Then Click on Done</span>
      <div>Step skipped
      </div>
              </div>
              <div class="step fail-bg" title="AFTER">
                <span>stepDefinition.Hooks.takeScreenShotOnFailure(io.cucumber.java.Scenario)</span>
      <div>
        <textarea disabled class="code-block">org.openqa.selenium.WebDriverException: disconnected: not connected to DevTools
  (failed to check if window was closed: disconnected: not connected to DevTools)
  (Session info: chrome=120.0.6099.129)
Build info: version: '4.16.1', revision: '9b4c83354e'
System info: os.name: 'Mac OS X', os.arch: 'x86_64', os.version: '14.2.1', java.version: '17.0.7'
Driver info: org.openqa.selenium.chrome.ChromeDriver
Command: [f5f7e0047cb344a6113c7991c94385a8, screenshot {}]
Capabilities {acceptInsecureCerts: false, browserName: chrome, browserVersion: 120.0.6099.129, chrome: {chromedriverVersion: 120.0.6099.109 (3419140ab66..., userDataDir: /var/folders/nj/n_9gw81j7mq...}, fedcm:accounts: true, goog:chromeOptions: {debuggerAddress: localhost:63964}, networkConnectionEnabled: false, pageLoadStrategy: normal, platformName: mac, proxy: Proxy(), se:cdp: ws://localhost:63964/devtoo..., se:cdpVersion: 120.0.6099.129, setWindowRect: true, strictFileInteractability: false, timeouts: {implicit: 0, pageLoad: 300000, script: 30000}, unhandledPromptBehavior: dismiss and notify, webauthn:extension:credBlob: true, webauthn:extension:largeBlob: true, webauthn:extension:minPinLength: true, webauthn:extension:prf: true, webauthn:virtualAuthenticators: true}
Session ID: f5f7e0047cb344a6113c7991c94385a8
	at java.base/jdk.internal.reflect.NativeConstructorAccessorImpl.newInstance0(Native Method)
	at java.base/jdk.internal.reflect.NativeConstructorAccessorImpl.newInstance(NativeConstructorAccessorImpl.java:77)
	at java.base/jdk.internal.reflect.DelegatingConstructorAccessorImpl.newInstance(DelegatingConstructorAccessorImpl.java:45)
	at java.base/java.lang.reflect.Constructor.newInstanceWithCaller(Constructor.java:499)
	at java.base/java.lang.reflect.Constructor.newInstance(Constructor.java:480)
	at org.openqa.selenium.remote.codec.w3c.W3CHttpResponseCodec.createException(W3CHttpResponseCodec.java:200)
	at org.openqa.selenium.remote.codec.w3c.W3CHttpResponseCodec.decode(W3CHttpResponseCodec.java:133)
	at org.openqa.selenium.remote.codec.w3c.W3CHttpResponseCodec.decode(W3CHttpResponseCodec.java:52)
	at org.openqa.selenium.remote.HttpCommandExecutor.execute(HttpCommandExecutor.java:191)
	at org.openqa.selenium.remote.service.DriverCommandExecutor.invokeExecute(DriverCommandExecutor.java:200)
	at org.openqa.selenium.remote.service.DriverCommandExecutor.execute(DriverCommandExecutor.java:175)
	at org.openqa.selenium.remote.RemoteWebDriver.execute(RemoteWebDriver.java:523)
	at org.openqa.selenium.remote.RemoteWebDriver.execute(RemoteWebDriver.java:596)
	at org.openqa.selenium.remote.RemoteWebDriver.execute(RemoteWebDriver.java:600)
	at org.openqa.selenium.remote.RemoteWebDriver.getScreenshotAs(RemoteWebDriver.java:326)
	at stepDefinition.Hooks.takeScreenShotOnFailure(Hooks.java:40)
</textarea>
      
      </div>
              </div>
          </div>
        </div>
  </div>
  <div class="card">
    <div class="card-header" role="tab">
      <div class="card-title">
        <div class="node" id="122"><span class="badge log fail-bg mr-2">Fail</span>Test and Select newly created program & Verify Configurations details</div>
      </div>
    </div>
        <div class="">
          <div class="card-body">
              <div class="step fail-bg" >
                <span>Then click on the profile section using</span>
      <div>Step undefined
      </div>
              </div>
              <div class="step skip-bg" title="stepDefinition.ConfigurationsStepDefinition.Click_on_recently_created_program()">
                <span>Then Click on recently created program</span>
      <div>Step skipped
      </div>
              </div>
              <div class="step skip-bg" title="stepDefinition.ConfigurationsStepDefinition.click_on_configurations()">
                <span>Then Click on Configurations</span>
      <div>Step skipped
      </div>
              </div>
              <div class="step skip-bg" title="stepDefinition.ConfigurationsStepDefinition.click_on_organisation()">
                <span>Then Click on Organisation</span>
      <div>Step skipped
      </div>
              </div>
              <div class="step skip-bg" title="stepDefinition.ConfigurationsStepDefinition.edit_basic_details(java.lang.String,java.lang.String,java.lang.String,java.lang.String)">
                <span>Then Edit basic details As "NewProgram" "Program" "www@xoxoday.com" "9545002222"</span>
      <div>Step skipped
      </div>
              </div>
              <div class="step skip-bg" title="stepDefinition.ConfigurationsStepDefinition.edit_company_details_as(java.lang.String,java.lang.String,java.lang.String,java.lang.String)">
                <span>Then Edit company details As "NewProgram" "Program" "www@xoxoday.com" "9545002222"</span>
      <div>Step skipped
      </div>
              </div>
              <div class="step skip-bg" title="stepDefinition.ConfigurationsStepDefinition.click_on_program()">
                <span>When Click on Program</span>
      <div>Step skipped
      </div>
              </div>
              <div class="step skip-bg" title="stepDefinition.ConfigurationsStepDefinition.Verify_Program_Name()">
                <span>Then Verify Program Name</span>
      <div>Step skipped
      </div>
              </div>
              <div class="step skip-bg" title="stepDefinition.ConfigurationsStepDefinition.click_on_program_details_try_to_edit_then_cancel(java.lang.String)">
                <span>Then Click on Program Details try to edit then cancel "XYZ"</span>
      <div>Step skipped
      </div>
              </div>
              <div class="step skip-bg" title="stepDefinition.ConfigurationsStepDefinition.click_on_point_definition_try_to_edit_then_cancel(java.lang.String,java.lang.String,java.lang.String,java.lang.String,java.lang.String)">
                <span>Then Click on Point Definition try to edit then cancel "Point" "Points" "1.5" "0.5" "0.10"</span>
      <div>Step skipped
      </div>
              </div>
              <div class="step skip-bg" title="stepDefinition.ConfigurationsStepDefinition.click_on_marketplace()">
                <span>Then Click on Marketplace</span>
      <div>Step skipped
      </div>
              </div>
              <div class="step skip-bg" title="stepDefinition.ConfigurationsStepDefinition.click_on_communication_try_to_edit_then_cancel(java.lang.String,java.lang.String)">
                <span>Then Click on Communication try to edit then cancel "Xoxoday" "xoxoday@xoxoday.com"</span>
      <div>Step skipped
      </div>
              </div>
          </div>
        </div>
  </div>
</div>
          </div>
        </li>
        <li class="test-item"  status="fail" test-id="136"
          author=""
          tag=""
          device="">
          <div class="test-detail">
            <p class="name">Member search feature</p>
            <p class="text-sm">
              <span>1:27:43 pm</span> / <span>00:00:08:241</span>
              <span class="badge fail-bg log float-right">Fail</span>
            </p>
          </div>
          <div class="test-contents d-none">
<div class="detail-head">
<div class="p-v-10">
<div class="info">
<h5 class="test-status text-fail">Member search feature</h5>
<span class='badge badge-success'>01.02.2024 1:27:43 pm</span>
<span class='badge badge-danger'>01.02.2024 1:27:51 pm</span>
<span class='badge badge-default'>00:00:08:241</span>
&middot; <span class='uri-anchor badge badge-default'>#test-id=136</span>
<span title='Skip to the next failed step' class='badge badge-danger pointer float-right ne ml-1'><i class="fa fa-fast-forward"></i></span>
<span title='Collapse all nodes' class='badge badge-default pointer float-right ct ml-1'><i class="fa fa-compress"></i></span>
<span title='Expand all nodes' class='badge badge-default pointer float-right et'><i class="fa fa-expand"></i></span>
</div>
<div class="m-t-10 m-l-5"></div>
</div>
</div>
<div class="accordion mt-4">
  <div class="card">
    <div class="card-header" role="tab">
      <div class="card-title">
        <div class="node" id="137"><span class="badge log fail-bg mr-2">Fail</span>Navigate to member search module, enter different search string and validate the result</div>
      </div>
    </div>
        <div class="scenario_outline ">
            <div class="card-body l1">
              <div class="card-header">
                <div class="card-title outline-child">
                  <div class="node" id="138"><span class="badge log fail-bg mr-2">Fail</span>Navigate to member search module, enter different search string and validate the result</div>
                </div>
              </div>
              <div class="card-body mt-3 ">
                  <div class="step fail-bg">
                    <span>Given Naviagte to member search module</span>
      <div>
        <textarea disabled class="code-block">java.lang.NullPointerException: Cannot invoke "org.openqa.selenium.WebElement.click()" because the return value of "resources.BrowserUtils.findAndWaitForElement(org.openqa.selenium.WebElement)" is null
	at resources.BrowserUtils.clickElement(BrowserUtils.java:69)
	at stepDefinition.MemberSearchStepDefinition.NavigateToMemberSearch(MemberSearchStepDefinition.java:20)
	at ✽.Naviagte to member search module(file:///Users/basavaraj/Automation/Pramod/v2/LBMSCloud/src/test/java/features/membersearch.feature:11)
</textarea>
      
      </div>
                  </div>
                  <div class="step skip-bg">
                    <span>When enter different search "name" and "MRF 01"</span>
      <div>Step skipped
      </div>
                  </div>
                  <div class="step skip-bg">
                    <span>Then click on the first search result</span>
      <div>Step skipped
      </div>
                  </div>
                  <div class="step skip-bg">
                    <span>Then Validate the following details "name" and "MRF 01"</span>
      <div>Step skipped
      </div>
                  </div>
                  <div class="step fail-bg">
                    <span>stepDefinition.Hooks.takeScreenShotOnFailure(io.cucumber.java.Scenario)</span>
      <div>
        <textarea disabled class="code-block">org.openqa.selenium.WebDriverException: disconnected: not connected to DevTools
  (failed to check if window was closed: disconnected: not connected to DevTools)
  (Session info: chrome=120.0.6099.129)
Build info: version: '4.16.1', revision: '9b4c83354e'
System info: os.name: 'Mac OS X', os.arch: 'x86_64', os.version: '14.2.1', java.version: '17.0.7'
Driver info: org.openqa.selenium.chrome.ChromeDriver
Command: [f5f7e0047cb344a6113c7991c94385a8, screenshot {}]
Capabilities {acceptInsecureCerts: false, browserName: chrome, browserVersion: 120.0.6099.129, chrome: {chromedriverVersion: 120.0.6099.109 (3419140ab66..., userDataDir: /var/folders/nj/n_9gw81j7mq...}, fedcm:accounts: true, goog:chromeOptions: {debuggerAddress: localhost:63964}, networkConnectionEnabled: false, pageLoadStrategy: normal, platformName: mac, proxy: Proxy(), se:cdp: ws://localhost:63964/devtoo..., se:cdpVersion: 120.0.6099.129, setWindowRect: true, strictFileInteractability: false, timeouts: {implicit: 0, pageLoad: 300000, script: 30000}, unhandledPromptBehavior: dismiss and notify, webauthn:extension:credBlob: true, webauthn:extension:largeBlob: true, webauthn:extension:minPinLength: true, webauthn:extension:prf: true, webauthn:virtualAuthenticators: true}
Session ID: f5f7e0047cb344a6113c7991c94385a8
	at jdk.internal.reflect.GeneratedConstructorAccessor23.newInstance(Unknown Source)
	at java.base/jdk.internal.reflect.DelegatingConstructorAccessorImpl.newInstance(DelegatingConstructorAccessorImpl.java:45)
	at java.base/java.lang.reflect.Constructor.newInstanceWithCaller(Constructor.java:499)
	at java.base/java.lang.reflect.Constructor.newInstance(Constructor.java:480)
	at org.openqa.selenium.remote.codec.w3c.W3CHttpResponseCodec.createException(W3CHttpResponseCodec.java:200)
	at org.openqa.selenium.remote.codec.w3c.W3CHttpResponseCodec.decode(W3CHttpResponseCodec.java:133)
	at org.openqa.selenium.remote.codec.w3c.W3CHttpResponseCodec.decode(W3CHttpResponseCodec.java:52)
	at org.openqa.selenium.remote.HttpCommandExecutor.execute(HttpCommandExecutor.java:191)
	at org.openqa.selenium.remote.service.DriverCommandExecutor.invokeExecute(DriverCommandExecutor.java:200)
	at org.openqa.selenium.remote.service.DriverCommandExecutor.execute(DriverCommandExecutor.java:175)
	at org.openqa.selenium.remote.RemoteWebDriver.execute(RemoteWebDriver.java:523)
	at org.openqa.selenium.remote.RemoteWebDriver.execute(RemoteWebDriver.java:596)
	at org.openqa.selenium.remote.RemoteWebDriver.execute(RemoteWebDriver.java:600)
	at org.openqa.selenium.remote.RemoteWebDriver.getScreenshotAs(RemoteWebDriver.java:326)
	at stepDefinition.Hooks.takeScreenShotOnFailure(Hooks.java:40)
</textarea>
      
      </div>
                  </div>
              </div>
            </div>
            <div class="card-body l1">
              <div class="card-header">
                <div class="card-title outline-child">
                  <div class="node" id="144"><span class="badge log fail-bg mr-2">Fail</span>Navigate to member search module, enter different search string and validate the result</div>
                </div>
              </div>
              <div class="card-body mt-3 ">
                  <div class="step fail-bg">
                    <span>Given Naviagte to member search module</span>
      <div>
        <textarea disabled class="code-block">java.lang.NullPointerException: Cannot invoke "org.openqa.selenium.WebElement.click()" because the return value of "resources.BrowserUtils.findAndWaitForElement(org.openqa.selenium.WebElement)" is null
	at resources.BrowserUtils.clickElement(BrowserUtils.java:69)
	at stepDefinition.MemberSearchStepDefinition.NavigateToMemberSearch(MemberSearchStepDefinition.java:20)
	at ✽.Naviagte to member search module(file:///Users/basavaraj/Automation/Pramod/v2/LBMSCloud/src/test/java/features/membersearch.feature:11)
</textarea>
      
      </div>
                  </div>
                  <div class="step skip-bg">
                    <span>When enter different search "member_ref_no" and "MRF01"</span>
      <div>Step skipped
      </div>
                  </div>
                  <div class="step skip-bg">
                    <span>Then click on the first search result</span>
      <div>Step skipped
      </div>
                  </div>
                  <div class="step skip-bg">
                    <span>Then Validate the following details "member_ref_no" and "MRF01"</span>
      <div>Step skipped
      </div>
                  </div>
                  <div class="step fail-bg">
                    <span>stepDefinition.Hooks.takeScreenShotOnFailure(io.cucumber.java.Scenario)</span>
      <div>
        <textarea disabled class="code-block">org.openqa.selenium.WebDriverException: disconnected: not connected to DevTools
  (failed to check if window was closed: disconnected: not connected to DevTools)
  (Session info: chrome=120.0.6099.129)
Build info: version: '4.16.1', revision: '9b4c83354e'
System info: os.name: 'Mac OS X', os.arch: 'x86_64', os.version: '14.2.1', java.version: '17.0.7'
Driver info: org.openqa.selenium.chrome.ChromeDriver
Command: [f5f7e0047cb344a6113c7991c94385a8, screenshot {}]
Capabilities {acceptInsecureCerts: false, browserName: chrome, browserVersion: 120.0.6099.129, chrome: {chromedriverVersion: 120.0.6099.109 (3419140ab66..., userDataDir: /var/folders/nj/n_9gw81j7mq...}, fedcm:accounts: true, goog:chromeOptions: {debuggerAddress: localhost:63964}, networkConnectionEnabled: false, pageLoadStrategy: normal, platformName: mac, proxy: Proxy(), se:cdp: ws://localhost:63964/devtoo..., se:cdpVersion: 120.0.6099.129, setWindowRect: true, strictFileInteractability: false, timeouts: {implicit: 0, pageLoad: 300000, script: 30000}, unhandledPromptBehavior: dismiss and notify, webauthn:extension:credBlob: true, webauthn:extension:largeBlob: true, webauthn:extension:minPinLength: true, webauthn:extension:prf: true, webauthn:virtualAuthenticators: true}
Session ID: f5f7e0047cb344a6113c7991c94385a8
	at jdk.internal.reflect.GeneratedConstructorAccessor23.newInstance(Unknown Source)
	at java.base/jdk.internal.reflect.DelegatingConstructorAccessorImpl.newInstance(DelegatingConstructorAccessorImpl.java:45)
	at java.base/java.lang.reflect.Constructor.newInstanceWithCaller(Constructor.java:499)
	at java.base/java.lang.reflect.Constructor.newInstance(Constructor.java:480)
	at org.openqa.selenium.remote.codec.w3c.W3CHttpResponseCodec.createException(W3CHttpResponseCodec.java:200)
	at org.openqa.selenium.remote.codec.w3c.W3CHttpResponseCodec.decode(W3CHttpResponseCodec.java:133)
	at org.openqa.selenium.remote.codec.w3c.W3CHttpResponseCodec.decode(W3CHttpResponseCodec.java:52)
	at org.openqa.selenium.remote.HttpCommandExecutor.execute(HttpCommandExecutor.java:191)
	at org.openqa.selenium.remote.service.DriverCommandExecutor.invokeExecute(DriverCommandExecutor.java:200)
	at org.openqa.selenium.remote.service.DriverCommandExecutor.execute(DriverCommandExecutor.java:175)
	at org.openqa.selenium.remote.RemoteWebDriver.execute(RemoteWebDriver.java:523)
	at org.openqa.selenium.remote.RemoteWebDriver.execute(RemoteWebDriver.java:596)
	at org.openqa.selenium.remote.RemoteWebDriver.execute(RemoteWebDriver.java:600)
	at org.openqa.selenium.remote.RemoteWebDriver.getScreenshotAs(RemoteWebDriver.java:326)
	at stepDefinition.Hooks.takeScreenShotOnFailure(Hooks.java:40)
</textarea>
      
      </div>
                  </div>
              </div>
            </div>
            <div class="card-body l1">
              <div class="card-header">
                <div class="card-title outline-child">
                  <div class="node" id="150"><span class="badge log fail-bg mr-2">Fail</span>Navigate to member search module, enter different search string and validate the result</div>
                </div>
              </div>
              <div class="card-body mt-3 ">
                  <div class="step fail-bg">
                    <span>Given Naviagte to member search module</span>
      <div>
        <textarea disabled class="code-block">java.lang.NullPointerException: Cannot invoke "org.openqa.selenium.WebElement.click()" because the return value of "resources.BrowserUtils.findAndWaitForElement(org.openqa.selenium.WebElement)" is null
	at resources.BrowserUtils.clickElement(BrowserUtils.java:69)
	at stepDefinition.MemberSearchStepDefinition.NavigateToMemberSearch(MemberSearchStepDefinition.java:20)
	at ✽.Naviagte to member search module(file:///Users/basavaraj/Automation/Pramod/v2/LBMSCloud/src/test/java/features/membersearch.feature:11)
</textarea>
      
      </div>
                  </div>
                  <div class="step skip-bg">
                    <span>When enter different search "mobile" and "9036820287"</span>
      <div>Step skipped
      </div>
                  </div>
                  <div class="step skip-bg">
                    <span>Then click on the first search result</span>
      <div>Step skipped
      </div>
                  </div>
                  <div class="step skip-bg">
                    <span>Then Validate the following details "mobile" and "9036820287"</span>
      <div>Step skipped
      </div>
                  </div>
                  <div class="step fail-bg">
                    <span>stepDefinition.Hooks.takeScreenShotOnFailure(io.cucumber.java.Scenario)</span>
      <div>
        <textarea disabled class="code-block">org.openqa.selenium.WebDriverException: disconnected: not connected to DevTools
  (failed to check if window was closed: disconnected: not connected to DevTools)
  (Session info: chrome=120.0.6099.129)
Build info: version: '4.16.1', revision: '9b4c83354e'
System info: os.name: 'Mac OS X', os.arch: 'x86_64', os.version: '14.2.1', java.version: '17.0.7'
Driver info: org.openqa.selenium.chrome.ChromeDriver
Command: [f5f7e0047cb344a6113c7991c94385a8, screenshot {}]
Capabilities {acceptInsecureCerts: false, browserName: chrome, browserVersion: 120.0.6099.129, chrome: {chromedriverVersion: 120.0.6099.109 (3419140ab66..., userDataDir: /var/folders/nj/n_9gw81j7mq...}, fedcm:accounts: true, goog:chromeOptions: {debuggerAddress: localhost:63964}, networkConnectionEnabled: false, pageLoadStrategy: normal, platformName: mac, proxy: Proxy(), se:cdp: ws://localhost:63964/devtoo..., se:cdpVersion: 120.0.6099.129, setWindowRect: true, strictFileInteractability: false, timeouts: {implicit: 0, pageLoad: 300000, script: 30000}, unhandledPromptBehavior: dismiss and notify, webauthn:extension:credBlob: true, webauthn:extension:largeBlob: true, webauthn:extension:minPinLength: true, webauthn:extension:prf: true, webauthn:virtualAuthenticators: true}
Session ID: f5f7e0047cb344a6113c7991c94385a8
	at jdk.internal.reflect.GeneratedConstructorAccessor23.newInstance(Unknown Source)
	at java.base/jdk.internal.reflect.DelegatingConstructorAccessorImpl.newInstance(DelegatingConstructorAccessorImpl.java:45)
	at java.base/java.lang.reflect.Constructor.newInstanceWithCaller(Constructor.java:499)
	at java.base/java.lang.reflect.Constructor.newInstance(Constructor.java:480)
	at org.openqa.selenium.remote.codec.w3c.W3CHttpResponseCodec.createException(W3CHttpResponseCodec.java:200)
	at org.openqa.selenium.remote.codec.w3c.W3CHttpResponseCodec.decode(W3CHttpResponseCodec.java:133)
	at org.openqa.selenium.remote.codec.w3c.W3CHttpResponseCodec.decode(W3CHttpResponseCodec.java:52)
	at org.openqa.selenium.remote.HttpCommandExecutor.execute(HttpCommandExecutor.java:191)
	at org.openqa.selenium.remote.service.DriverCommandExecutor.invokeExecute(DriverCommandExecutor.java:200)
	at org.openqa.selenium.remote.service.DriverCommandExecutor.execute(DriverCommandExecutor.java:175)
	at org.openqa.selenium.remote.RemoteWebDriver.execute(RemoteWebDriver.java:523)
	at org.openqa.selenium.remote.RemoteWebDriver.execute(RemoteWebDriver.java:596)
	at org.openqa.selenium.remote.RemoteWebDriver.execute(RemoteWebDriver.java:600)
	at org.openqa.selenium.remote.RemoteWebDriver.getScreenshotAs(RemoteWebDriver.java:326)
	at stepDefinition.Hooks.takeScreenShotOnFailure(Hooks.java:40)
</textarea>
      
      </div>
                  </div>
              </div>
            </div>
            <div class="card-body l1">
              <div class="card-header">
                <div class="card-title outline-child">
                  <div class="node" id="156"><span class="badge log fail-bg mr-2">Fail</span>Navigate to member search module, enter different search string and validate the result</div>
                </div>
              </div>
              <div class="card-body mt-3 ">
                  <div class="step fail-bg">
                    <span>Given Naviagte to member search module</span>
      <div>
        <textarea disabled class="code-block">java.lang.NullPointerException: Cannot invoke "org.openqa.selenium.WebElement.click()" because the return value of "resources.BrowserUtils.findAndWaitForElement(org.openqa.selenium.WebElement)" is null
	at resources.BrowserUtils.clickElement(BrowserUtils.java:69)
	at stepDefinition.MemberSearchStepDefinition.NavigateToMemberSearch(MemberSearchStepDefinition.java:20)
	at ✽.Naviagte to member search module(file:///Users/basavaraj/Automation/Pramod/v2/LBMSCloud/src/test/java/features/membersearch.feature:11)
</textarea>
      
      </div>
                  </div>
                  <div class="step skip-bg">
                    <span>When enter different search "email" and "pramod.brs@xoxoday.com"</span>
      <div>Step skipped
      </div>
                  </div>
                  <div class="step skip-bg">
                    <span>Then click on the first search result</span>
      <div>Step skipped
      </div>
                  </div>
                  <div class="step skip-bg">
                    <span>Then Validate the following details "email" and "pramod.brs@xoxoday.com"</span>
      <div>Step skipped
      </div>
                  </div>
                  <div class="step fail-bg">
                    <span>stepDefinition.Hooks.takeScreenShotOnFailure(io.cucumber.java.Scenario)</span>
      <div>
        <textarea disabled class="code-block">org.openqa.selenium.WebDriverException: disconnected: not connected to DevTools
  (failed to check if window was closed: disconnected: not connected to DevTools)
  (Session info: chrome=120.0.6099.129)
Build info: version: '4.16.1', revision: '9b4c83354e'
System info: os.name: 'Mac OS X', os.arch: 'x86_64', os.version: '14.2.1', java.version: '17.0.7'
Driver info: org.openqa.selenium.chrome.ChromeDriver
Command: [f5f7e0047cb344a6113c7991c94385a8, screenshot {}]
Capabilities {acceptInsecureCerts: false, browserName: chrome, browserVersion: 120.0.6099.129, chrome: {chromedriverVersion: 120.0.6099.109 (3419140ab66..., userDataDir: /var/folders/nj/n_9gw81j7mq...}, fedcm:accounts: true, goog:chromeOptions: {debuggerAddress: localhost:63964}, networkConnectionEnabled: false, pageLoadStrategy: normal, platformName: mac, proxy: Proxy(), se:cdp: ws://localhost:63964/devtoo..., se:cdpVersion: 120.0.6099.129, setWindowRect: true, strictFileInteractability: false, timeouts: {implicit: 0, pageLoad: 300000, script: 30000}, unhandledPromptBehavior: dismiss and notify, webauthn:extension:credBlob: true, webauthn:extension:largeBlob: true, webauthn:extension:minPinLength: true, webauthn:extension:prf: true, webauthn:virtualAuthenticators: true}
Session ID: f5f7e0047cb344a6113c7991c94385a8
	at jdk.internal.reflect.GeneratedConstructorAccessor23.newInstance(Unknown Source)
	at java.base/jdk.internal.reflect.DelegatingConstructorAccessorImpl.newInstance(DelegatingConstructorAccessorImpl.java:45)
	at java.base/java.lang.reflect.Constructor.newInstanceWithCaller(Constructor.java:499)
	at java.base/java.lang.reflect.Constructor.newInstance(Constructor.java:480)
	at org.openqa.selenium.remote.codec.w3c.W3CHttpResponseCodec.createException(W3CHttpResponseCodec.java:200)
	at org.openqa.selenium.remote.codec.w3c.W3CHttpResponseCodec.decode(W3CHttpResponseCodec.java:133)
	at org.openqa.selenium.remote.codec.w3c.W3CHttpResponseCodec.decode(W3CHttpResponseCodec.java:52)
	at org.openqa.selenium.remote.HttpCommandExecutor.execute(HttpCommandExecutor.java:191)
	at org.openqa.selenium.remote.service.DriverCommandExecutor.invokeExecute(DriverCommandExecutor.java:200)
	at org.openqa.selenium.remote.service.DriverCommandExecutor.execute(DriverCommandExecutor.java:175)
	at org.openqa.selenium.remote.RemoteWebDriver.execute(RemoteWebDriver.java:523)
	at org.openqa.selenium.remote.RemoteWebDriver.execute(RemoteWebDriver.java:596)
	at org.openqa.selenium.remote.RemoteWebDriver.execute(RemoteWebDriver.java:600)
	at org.openqa.selenium.remote.RemoteWebDriver.getScreenshotAs(RemoteWebDriver.java:326)
	at stepDefinition.Hooks.takeScreenShotOnFailure(Hooks.java:40)
</textarea>
      
      </div>
                  </div>
              </div>
            </div>
        </div>
  </div>
  <div class="card">
    <div class="card-header" role="tab">
      <div class="card-title">
        <div class="node" id="162"><span class="badge log fail-bg mr-2">Fail</span>issue manual credit/debit points</div>
      </div>
    </div>
        <div class="scenario_outline ">
            <div class="card-body l1">
              <div class="card-header">
                <div class="card-title outline-child">
                  <div class="node" id="163"><span class="badge log fail-bg mr-2">Fail</span>issue manual credit/debit points</div>
                </div>
              </div>
              <div class="card-body mt-3 ">
                  <div class="step fail-bg">
                    <span>Given Naviagte to member search module</span>
      <div>
        <textarea disabled class="code-block">java.lang.NullPointerException: Cannot invoke "org.openqa.selenium.WebElement.click()" because the return value of "resources.BrowserUtils.findAndWaitForElement(org.openqa.selenium.WebElement)" is null
	at resources.BrowserUtils.clickElement(BrowserUtils.java:69)
	at stepDefinition.MemberSearchStepDefinition.NavigateToMemberSearch(MemberSearchStepDefinition.java:20)
	at ✽.Naviagte to member search module(file:///Users/basavaraj/Automation/Pramod/v2/LBMSCloud/src/test/java/features/membersearch.feature:25)
</textarea>
      
      </div>
                  </div>
                  <div class="step skip-bg">
                    <span>When search member "MRF01"</span>
      <div>Step skipped
      </div>
                  </div>
                  <div class="step skip-bg">
                    <span>Then click on the first search result</span>
      <div>Step skipped
      </div>
                  </div>
                  <div class="step skip-bg">
                    <span>Then click on Actions</span>
      <div>Step skipped
      </div>
                  </div>
                  <div class="step skip-bg">
                    <span>Then issue manual "Debit" point of "25" with "TestDebit"</span>
      <div>Step skipped
      </div>
                  </div>
                  <div class="step fail-bg">
                    <span>stepDefinition.Hooks.takeScreenShotOnFailure(io.cucumber.java.Scenario)</span>
      <div>
        <textarea disabled class="code-block">org.openqa.selenium.WebDriverException: disconnected: not connected to DevTools
  (failed to check if window was closed: disconnected: not connected to DevTools)
  (Session info: chrome=120.0.6099.129)
Build info: version: '4.16.1', revision: '9b4c83354e'
System info: os.name: 'Mac OS X', os.arch: 'x86_64', os.version: '14.2.1', java.version: '17.0.7'
Driver info: org.openqa.selenium.chrome.ChromeDriver
Command: [f5f7e0047cb344a6113c7991c94385a8, screenshot {}]
Capabilities {acceptInsecureCerts: false, browserName: chrome, browserVersion: 120.0.6099.129, chrome: {chromedriverVersion: 120.0.6099.109 (3419140ab66..., userDataDir: /var/folders/nj/n_9gw81j7mq...}, fedcm:accounts: true, goog:chromeOptions: {debuggerAddress: localhost:63964}, networkConnectionEnabled: false, pageLoadStrategy: normal, platformName: mac, proxy: Proxy(), se:cdp: ws://localhost:63964/devtoo..., se:cdpVersion: 120.0.6099.129, setWindowRect: true, strictFileInteractability: false, timeouts: {implicit: 0, pageLoad: 300000, script: 30000}, unhandledPromptBehavior: dismiss and notify, webauthn:extension:credBlob: true, webauthn:extension:largeBlob: true, webauthn:extension:minPinLength: true, webauthn:extension:prf: true, webauthn:virtualAuthenticators: true}
Session ID: f5f7e0047cb344a6113c7991c94385a8
	at jdk.internal.reflect.GeneratedConstructorAccessor23.newInstance(Unknown Source)
	at java.base/jdk.internal.reflect.DelegatingConstructorAccessorImpl.newInstance(DelegatingConstructorAccessorImpl.java:45)
	at java.base/java.lang.reflect.Constructor.newInstanceWithCaller(Constructor.java:499)
	at java.base/java.lang.reflect.Constructor.newInstance(Constructor.java:480)
	at org.openqa.selenium.remote.codec.w3c.W3CHttpResponseCodec.createException(W3CHttpResponseCodec.java:200)
	at org.openqa.selenium.remote.codec.w3c.W3CHttpResponseCodec.decode(W3CHttpResponseCodec.java:133)
	at org.openqa.selenium.remote.codec.w3c.W3CHttpResponseCodec.decode(W3CHttpResponseCodec.java:52)
	at org.openqa.selenium.remote.HttpCommandExecutor.execute(HttpCommandExecutor.java:191)
	at org.openqa.selenium.remote.service.DriverCommandExecutor.invokeExecute(DriverCommandExecutor.java:200)
	at org.openqa.selenium.remote.service.DriverCommandExecutor.execute(DriverCommandExecutor.java:175)
	at org.openqa.selenium.remote.RemoteWebDriver.execute(RemoteWebDriver.java:523)
	at org.openqa.selenium.remote.RemoteWebDriver.execute(RemoteWebDriver.java:596)
	at org.openqa.selenium.remote.RemoteWebDriver.execute(RemoteWebDriver.java:600)
	at org.openqa.selenium.remote.RemoteWebDriver.getScreenshotAs(RemoteWebDriver.java:326)
	at stepDefinition.Hooks.takeScreenShotOnFailure(Hooks.java:40)
</textarea>
      
      </div>
                  </div>
              </div>
            </div>
            <div class="card-body l1">
              <div class="card-header">
                <div class="card-title outline-child">
                  <div class="node" id="170"><span class="badge log fail-bg mr-2">Fail</span>issue manual credit/debit points</div>
                </div>
              </div>
              <div class="card-body mt-3 ">
                  <div class="step fail-bg">
                    <span>Given Naviagte to member search module</span>
      <div>
        <textarea disabled class="code-block">java.lang.NullPointerException: Cannot invoke "org.openqa.selenium.WebElement.click()" because the return value of "resources.BrowserUtils.findAndWaitForElement(org.openqa.selenium.WebElement)" is null
	at resources.BrowserUtils.clickElement(BrowserUtils.java:69)
	at stepDefinition.MemberSearchStepDefinition.NavigateToMemberSearch(MemberSearchStepDefinition.java:20)
	at ✽.Naviagte to member search module(file:///Users/basavaraj/Automation/Pramod/v2/LBMSCloud/src/test/java/features/membersearch.feature:25)
</textarea>
      
      </div>
                  </div>
                  <div class="step skip-bg">
                    <span>When search member "MRF01"</span>
      <div>Step skipped
      </div>
                  </div>
                  <div class="step skip-bg">
                    <span>Then click on the first search result</span>
      <div>Step skipped
      </div>
                  </div>
                  <div class="step skip-bg">
                    <span>Then click on Actions</span>
      <div>Step skipped
      </div>
                  </div>
                  <div class="step skip-bg">
                    <span>Then issue manual "Credit" point of "60" with "TestCredit"</span>
      <div>Step skipped
      </div>
                  </div>
                  <div class="step fail-bg">
                    <span>stepDefinition.Hooks.takeScreenShotOnFailure(io.cucumber.java.Scenario)</span>
      <div>
        <textarea disabled class="code-block">org.openqa.selenium.WebDriverException: disconnected: not connected to DevTools
  (failed to check if window was closed: disconnected: not connected to DevTools)
  (Session info: chrome=120.0.6099.129)
Build info: version: '4.16.1', revision: '9b4c83354e'
System info: os.name: 'Mac OS X', os.arch: 'x86_64', os.version: '14.2.1', java.version: '17.0.7'
Driver info: org.openqa.selenium.chrome.ChromeDriver
Command: [f5f7e0047cb344a6113c7991c94385a8, screenshot {}]
Capabilities {acceptInsecureCerts: false, browserName: chrome, browserVersion: 120.0.6099.129, chrome: {chromedriverVersion: 120.0.6099.109 (3419140ab66..., userDataDir: /var/folders/nj/n_9gw81j7mq...}, fedcm:accounts: true, goog:chromeOptions: {debuggerAddress: localhost:63964}, networkConnectionEnabled: false, pageLoadStrategy: normal, platformName: mac, proxy: Proxy(), se:cdp: ws://localhost:63964/devtoo..., se:cdpVersion: 120.0.6099.129, setWindowRect: true, strictFileInteractability: false, timeouts: {implicit: 0, pageLoad: 300000, script: 30000}, unhandledPromptBehavior: dismiss and notify, webauthn:extension:credBlob: true, webauthn:extension:largeBlob: true, webauthn:extension:minPinLength: true, webauthn:extension:prf: true, webauthn:virtualAuthenticators: true}
Session ID: f5f7e0047cb344a6113c7991c94385a8
	at jdk.internal.reflect.GeneratedConstructorAccessor23.newInstance(Unknown Source)
	at java.base/jdk.internal.reflect.DelegatingConstructorAccessorImpl.newInstance(DelegatingConstructorAccessorImpl.java:45)
	at java.base/java.lang.reflect.Constructor.newInstanceWithCaller(Constructor.java:499)
	at java.base/java.lang.reflect.Constructor.newInstance(Constructor.java:480)
	at org.openqa.selenium.remote.codec.w3c.W3CHttpResponseCodec.createException(W3CHttpResponseCodec.java:200)
	at org.openqa.selenium.remote.codec.w3c.W3CHttpResponseCodec.decode(W3CHttpResponseCodec.java:133)
	at org.openqa.selenium.remote.codec.w3c.W3CHttpResponseCodec.decode(W3CHttpResponseCodec.java:52)
	at org.openqa.selenium.remote.HttpCommandExecutor.execute(HttpCommandExecutor.java:191)
	at org.openqa.selenium.remote.service.DriverCommandExecutor.invokeExecute(DriverCommandExecutor.java:200)
	at org.openqa.selenium.remote.service.DriverCommandExecutor.execute(DriverCommandExecutor.java:175)
	at org.openqa.selenium.remote.RemoteWebDriver.execute(RemoteWebDriver.java:523)
	at org.openqa.selenium.remote.RemoteWebDriver.execute(RemoteWebDriver.java:596)
	at org.openqa.selenium.remote.RemoteWebDriver.execute(RemoteWebDriver.java:600)
	at org.openqa.selenium.remote.RemoteWebDriver.getScreenshotAs(RemoteWebDriver.java:326)
	at stepDefinition.Hooks.takeScreenShotOnFailure(Hooks.java:40)
</textarea>
      
      </div>
                  </div>
              </div>
            </div>
        </div>
  </div>
  <div class="card">
    <div class="card-header" role="tab">
      <div class="card-title">
        <div class="node" id="177"><span class="badge log fail-bg mr-2">Fail</span>Suspend member</div>
      </div>
    </div>
        <div class="">
          <div class="card-body">
              <div class="step fail-bg" title="stepDefinition.MemberSearchStepDefinition.NavigateToMemberSearch()">
                <span>Given Naviagte to member search module</span>
      <div>
        <textarea disabled class="code-block">java.lang.NullPointerException: Cannot invoke "org.openqa.selenium.WebElement.click()" because the return value of "resources.BrowserUtils.findAndWaitForElement(org.openqa.selenium.WebElement)" is null
	at resources.BrowserUtils.clickElement(BrowserUtils.java:69)
	at stepDefinition.MemberSearchStepDefinition.NavigateToMemberSearch(MemberSearchStepDefinition.java:20)
	at ✽.Naviagte to member search module(file:///Users/basavaraj/Automation/Pramod/v2/LBMSCloud/src/test/java/features/membersearch.feature:38)
</textarea>
      
      </div>
              </div>
              <div class="step skip-bg" title="stepDefinition.MemberSearchStepDefinition.search_member(java.lang.String)">
                <span>When search member "MRF01"</span>
      <div>Step skipped
      </div>
              </div>
              <div class="step skip-bg" title="stepDefinition.MemberSearchStepDefinition.click_on_the_first_search_result()">
                <span>Then click on the first search result</span>
      <div>Step skipped
      </div>
              </div>
              <div class="step skip-bg" title="stepDefinition.MemberSearchStepDefinition.ClickOnActions()">
                <span>Then click on Actions</span>
      <div>Step skipped
      </div>
              </div>
              <div class="step skip-bg" title="stepDefinition.MemberSearchStepDefinition.ClickOnSuspend()">
                <span>Then click on suspend and confirm</span>
      <div>Step skipped
      </div>
              </div>
              <div class="step fail-bg" title="AFTER">
                <span>stepDefinition.Hooks.takeScreenShotOnFailure(io.cucumber.java.Scenario)</span>
      <div>
        <textarea disabled class="code-block">org.openqa.selenium.WebDriverException: disconnected: not connected to DevTools
  (failed to check if window was closed: disconnected: not connected to DevTools)
  (Session info: chrome=120.0.6099.129)
Build info: version: '4.16.1', revision: '9b4c83354e'
System info: os.name: 'Mac OS X', os.arch: 'x86_64', os.version: '14.2.1', java.version: '17.0.7'
Driver info: org.openqa.selenium.chrome.ChromeDriver
Command: [f5f7e0047cb344a6113c7991c94385a8, screenshot {}]
Capabilities {acceptInsecureCerts: false, browserName: chrome, browserVersion: 120.0.6099.129, chrome: {chromedriverVersion: 120.0.6099.109 (3419140ab66..., userDataDir: /var/folders/nj/n_9gw81j7mq...}, fedcm:accounts: true, goog:chromeOptions: {debuggerAddress: localhost:63964}, networkConnectionEnabled: false, pageLoadStrategy: normal, platformName: mac, proxy: Proxy(), se:cdp: ws://localhost:63964/devtoo..., se:cdpVersion: 120.0.6099.129, setWindowRect: true, strictFileInteractability: false, timeouts: {implicit: 0, pageLoad: 300000, script: 30000}, unhandledPromptBehavior: dismiss and notify, webauthn:extension:credBlob: true, webauthn:extension:largeBlob: true, webauthn:extension:minPinLength: true, webauthn:extension:prf: true, webauthn:virtualAuthenticators: true}
Session ID: f5f7e0047cb344a6113c7991c94385a8
	at jdk.internal.reflect.GeneratedConstructorAccessor23.newInstance(Unknown Source)
	at java.base/jdk.internal.reflect.DelegatingConstructorAccessorImpl.newInstance(DelegatingConstructorAccessorImpl.java:45)
	at java.base/java.lang.reflect.Constructor.newInstanceWithCaller(Constructor.java:499)
	at java.base/java.lang.reflect.Constructor.newInstance(Constructor.java:480)
	at org.openqa.selenium.remote.codec.w3c.W3CHttpResponseCodec.createException(W3CHttpResponseCodec.java:200)
	at org.openqa.selenium.remote.codec.w3c.W3CHttpResponseCodec.decode(W3CHttpResponseCodec.java:133)
	at org.openqa.selenium.remote.codec.w3c.W3CHttpResponseCodec.decode(W3CHttpResponseCodec.java:52)
	at org.openqa.selenium.remote.HttpCommandExecutor.execute(HttpCommandExecutor.java:191)
	at org.openqa.selenium.remote.service.DriverCommandExecutor.invokeExecute(DriverCommandExecutor.java:200)
	at org.openqa.selenium.remote.service.DriverCommandExecutor.execute(DriverCommandExecutor.java:175)
	at org.openqa.selenium.remote.RemoteWebDriver.execute(RemoteWebDriver.java:523)
	at org.openqa.selenium.remote.RemoteWebDriver.execute(RemoteWebDriver.java:596)
	at org.openqa.selenium.remote.RemoteWebDriver.execute(RemoteWebDriver.java:600)
	at org.openqa.selenium.remote.RemoteWebDriver.getScreenshotAs(RemoteWebDriver.java:326)
	at stepDefinition.Hooks.takeScreenShotOnFailure(Hooks.java:40)
</textarea>
      
      </div>
              </div>
          </div>
        </div>
  </div>
  <div class="card">
    <div class="card-header" role="tab">
      <div class="card-title">
        <div class="node" id="184"><span class="badge log fail-bg mr-2">Fail</span>Re-Actiavte member</div>
      </div>
    </div>
        <div class="">
          <div class="card-body">
              <div class="step fail-bg" title="stepDefinition.MemberSearchStepDefinition.NavigateToMemberSearch()">
                <span>Given Naviagte to member search module</span>
      <div>
        <textarea disabled class="code-block">java.lang.NullPointerException: Cannot invoke "org.openqa.selenium.WebElement.click()" because the return value of "resources.BrowserUtils.findAndWaitForElement(org.openqa.selenium.WebElement)" is null
	at resources.BrowserUtils.clickElement(BrowserUtils.java:69)
	at stepDefinition.MemberSearchStepDefinition.NavigateToMemberSearch(MemberSearchStepDefinition.java:20)
	at ✽.Naviagte to member search module(file:///Users/basavaraj/Automation/Pramod/v2/LBMSCloud/src/test/java/features/membersearch.feature:46)
</textarea>
      
      </div>
              </div>
              <div class="step skip-bg" title="stepDefinition.MemberSearchStepDefinition.search_member(java.lang.String)">
                <span>When search member "MRF01"</span>
      <div>Step skipped
      </div>
              </div>
              <div class="step skip-bg" title="stepDefinition.MemberSearchStepDefinition.click_on_the_first_search_result()">
                <span>Then click on the first search result</span>
      <div>Step skipped
      </div>
              </div>
              <div class="step skip-bg" title="stepDefinition.MemberSearchStepDefinition.ClickOnActions()">
                <span>Then click on Actions</span>
      <div>Step skipped
      </div>
              </div>
              <div class="step skip-bg" title="stepDefinition.MemberSearchStepDefinition.ClickOnReActivate()">
                <span>Then click on Re-Activate</span>
      <div>Step skipped
      </div>
              </div>
              <div class="step fail-bg" title="AFTER">
                <span>stepDefinition.Hooks.takeScreenShotOnFailure(io.cucumber.java.Scenario)</span>
      <div>
        <textarea disabled class="code-block">org.openqa.selenium.WebDriverException: disconnected: not connected to DevTools
  (failed to check if window was closed: disconnected: not connected to DevTools)
  (Session info: chrome=120.0.6099.129)
Build info: version: '4.16.1', revision: '9b4c83354e'
System info: os.name: 'Mac OS X', os.arch: 'x86_64', os.version: '14.2.1', java.version: '17.0.7'
Driver info: org.openqa.selenium.chrome.ChromeDriver
Command: [f5f7e0047cb344a6113c7991c94385a8, screenshot {}]
Capabilities {acceptInsecureCerts: false, browserName: chrome, browserVersion: 120.0.6099.129, chrome: {chromedriverVersion: 120.0.6099.109 (3419140ab66..., userDataDir: /var/folders/nj/n_9gw81j7mq...}, fedcm:accounts: true, goog:chromeOptions: {debuggerAddress: localhost:63964}, networkConnectionEnabled: false, pageLoadStrategy: normal, platformName: mac, proxy: Proxy(), se:cdp: ws://localhost:63964/devtoo..., se:cdpVersion: 120.0.6099.129, setWindowRect: true, strictFileInteractability: false, timeouts: {implicit: 0, pageLoad: 300000, script: 30000}, unhandledPromptBehavior: dismiss and notify, webauthn:extension:credBlob: true, webauthn:extension:largeBlob: true, webauthn:extension:minPinLength: true, webauthn:extension:prf: true, webauthn:virtualAuthenticators: true}
Session ID: f5f7e0047cb344a6113c7991c94385a8
	at jdk.internal.reflect.GeneratedConstructorAccessor23.newInstance(Unknown Source)
	at java.base/jdk.internal.reflect.DelegatingConstructorAccessorImpl.newInstance(DelegatingConstructorAccessorImpl.java:45)
	at java.base/java.lang.reflect.Constructor.newInstanceWithCaller(Constructor.java:499)
	at java.base/java.lang.reflect.Constructor.newInstance(Constructor.java:480)
	at org.openqa.selenium.remote.codec.w3c.W3CHttpResponseCodec.createException(W3CHttpResponseCodec.java:200)
	at org.openqa.selenium.remote.codec.w3c.W3CHttpResponseCodec.decode(W3CHttpResponseCodec.java:133)
	at org.openqa.selenium.remote.codec.w3c.W3CHttpResponseCodec.decode(W3CHttpResponseCodec.java:52)
	at org.openqa.selenium.remote.HttpCommandExecutor.execute(HttpCommandExecutor.java:191)
	at org.openqa.selenium.remote.service.DriverCommandExecutor.invokeExecute(DriverCommandExecutor.java:200)
	at org.openqa.selenium.remote.service.DriverCommandExecutor.execute(DriverCommandExecutor.java:175)
	at org.openqa.selenium.remote.RemoteWebDriver.execute(RemoteWebDriver.java:523)
	at org.openqa.selenium.remote.RemoteWebDriver.execute(RemoteWebDriver.java:596)
	at org.openqa.selenium.remote.RemoteWebDriver.execute(RemoteWebDriver.java:600)
	at org.openqa.selenium.remote.RemoteWebDriver.getScreenshotAs(RemoteWebDriver.java:326)
	at stepDefinition.Hooks.takeScreenShotOnFailure(Hooks.java:40)
</textarea>
      
      </div>
              </div>
          </div>
        </div>
  </div>
  <div class="card">
    <div class="card-header" role="tab">
      <div class="card-title">
        <div class="node" id="191"><span class="badge log fail-bg mr-2">Fail</span>Check Audit log for a member</div>
      </div>
    </div>
        <div class="">
          <div class="card-body">
              <div class="step fail-bg" title="stepDefinition.MemberSearchStepDefinition.NavigateToMemberSearch()">
                <span>Given Naviagte to member search module</span>
      <div>
        <textarea disabled class="code-block">java.lang.NullPointerException: Cannot invoke "org.openqa.selenium.WebElement.click()" because the return value of "resources.BrowserUtils.findAndWaitForElement(org.openqa.selenium.WebElement)" is null
	at resources.BrowserUtils.clickElement(BrowserUtils.java:69)
	at stepDefinition.MemberSearchStepDefinition.NavigateToMemberSearch(MemberSearchStepDefinition.java:20)
	at ✽.Naviagte to member search module(file:///Users/basavaraj/Automation/Pramod/v2/LBMSCloud/src/test/java/features/membersearch.feature:54)
</textarea>
      
      </div>
              </div>
              <div class="step skip-bg" title="stepDefinition.MemberSearchStepDefinition.search_member(java.lang.String)">
                <span>When search member "MRF01"</span>
      <div>Step skipped
      </div>
              </div>
              <div class="step skip-bg" title="stepDefinition.MemberSearchStepDefinition.click_on_the_first_search_result()">
                <span>Then click on the first search result</span>
      <div>Step skipped
      </div>
              </div>
              <div class="step skip-bg" title="stepDefinition.MemberSearchStepDefinition.click_on_audit_log()">
                <span>And click on Audit_log</span>
      <div>Step skipped
      </div>
              </div>
              <div class="step fail-bg" title="AFTER">
                <span>stepDefinition.Hooks.takeScreenShotOnFailure(io.cucumber.java.Scenario)</span>
      <div>
        <textarea disabled class="code-block">org.openqa.selenium.WebDriverException: disconnected: not connected to DevTools
  (failed to check if window was closed: disconnected: not connected to DevTools)
  (Session info: chrome=120.0.6099.129)
Build info: version: '4.16.1', revision: '9b4c83354e'
System info: os.name: 'Mac OS X', os.arch: 'x86_64', os.version: '14.2.1', java.version: '17.0.7'
Driver info: org.openqa.selenium.chrome.ChromeDriver
Command: [f5f7e0047cb344a6113c7991c94385a8, screenshot {}]
Capabilities {acceptInsecureCerts: false, browserName: chrome, browserVersion: 120.0.6099.129, chrome: {chromedriverVersion: 120.0.6099.109 (3419140ab66..., userDataDir: /var/folders/nj/n_9gw81j7mq...}, fedcm:accounts: true, goog:chromeOptions: {debuggerAddress: localhost:63964}, networkConnectionEnabled: false, pageLoadStrategy: normal, platformName: mac, proxy: Proxy(), se:cdp: ws://localhost:63964/devtoo..., se:cdpVersion: 120.0.6099.129, setWindowRect: true, strictFileInteractability: false, timeouts: {implicit: 0, pageLoad: 300000, script: 30000}, unhandledPromptBehavior: dismiss and notify, webauthn:extension:credBlob: true, webauthn:extension:largeBlob: true, webauthn:extension:minPinLength: true, webauthn:extension:prf: true, webauthn:virtualAuthenticators: true}
Session ID: f5f7e0047cb344a6113c7991c94385a8
	at jdk.internal.reflect.GeneratedConstructorAccessor23.newInstance(Unknown Source)
	at java.base/jdk.internal.reflect.DelegatingConstructorAccessorImpl.newInstance(DelegatingConstructorAccessorImpl.java:45)
	at java.base/java.lang.reflect.Constructor.newInstanceWithCaller(Constructor.java:499)
	at java.base/java.lang.reflect.Constructor.newInstance(Constructor.java:480)
	at org.openqa.selenium.remote.codec.w3c.W3CHttpResponseCodec.createException(W3CHttpResponseCodec.java:200)
	at org.openqa.selenium.remote.codec.w3c.W3CHttpResponseCodec.decode(W3CHttpResponseCodec.java:133)
	at org.openqa.selenium.remote.codec.w3c.W3CHttpResponseCodec.decode(W3CHttpResponseCodec.java:52)
	at org.openqa.selenium.remote.HttpCommandExecutor.execute(HttpCommandExecutor.java:191)
	at org.openqa.selenium.remote.service.DriverCommandExecutor.invokeExecute(DriverCommandExecutor.java:200)
	at org.openqa.selenium.remote.service.DriverCommandExecutor.execute(DriverCommandExecutor.java:175)
	at org.openqa.selenium.remote.RemoteWebDriver.execute(RemoteWebDriver.java:523)
	at org.openqa.selenium.remote.RemoteWebDriver.execute(RemoteWebDriver.java:596)
	at org.openqa.selenium.remote.RemoteWebDriver.execute(RemoteWebDriver.java:600)
	at org.openqa.selenium.remote.RemoteWebDriver.getScreenshotAs(RemoteWebDriver.java:326)
	at stepDefinition.Hooks.takeScreenShotOnFailure(Hooks.java:40)
</textarea>
      
      </div>
              </div>
          </div>
        </div>
  </div>
  <div class="card">
    <div class="card-header" role="tab">
      <div class="card-title">
        <div class="node" id="197"><span class="badge log fail-bg mr-2">Fail</span>Search transactions for member using date range</div>
      </div>
    </div>
        <div class="">
          <div class="card-body">
              <div class="step fail-bg" title="stepDefinition.MemberSearchStepDefinition.NavigateToMemberSearch()">
                <span>Given Naviagte to member search module</span>
      <div>
        <textarea disabled class="code-block">java.lang.NullPointerException: Cannot invoke "org.openqa.selenium.WebElement.click()" because the return value of "resources.BrowserUtils.findAndWaitForElement(org.openqa.selenium.WebElement)" is null
	at resources.BrowserUtils.clickElement(BrowserUtils.java:69)
	at stepDefinition.MemberSearchStepDefinition.NavigateToMemberSearch(MemberSearchStepDefinition.java:20)
	at ✽.Naviagte to member search module(file:///Users/basavaraj/Automation/Pramod/v2/LBMSCloud/src/test/java/features/membersearch.feature:61)
</textarea>
      
      </div>
              </div>
              <div class="step skip-bg" title="stepDefinition.MemberSearchStepDefinition.search_member(java.lang.String)">
                <span>When search member "MRF01"</span>
      <div>Step skipped
      </div>
              </div>
              <div class="step skip-bg" title="stepDefinition.MemberSearchStepDefinition.click_on_the_first_search_result()">
                <span>Then click on the first search result</span>
      <div>Step skipped
      </div>
              </div>
              <div class="step skip-bg" title="stepDefinition.MemberSearchStepDefinition.Enter_date_range(java.lang.String,java.lang.String)">
                <span>And Enter "11/30/2023" "12/29/2023" and click on Search</span>
      <div>Step skipped
      </div>
              </div>
              <div class="step fail-bg" title="AFTER">
                <span>stepDefinition.Hooks.takeScreenShotOnFailure(io.cucumber.java.Scenario)</span>
      <div>
        <textarea disabled class="code-block">org.openqa.selenium.WebDriverException: disconnected: not connected to DevTools
  (failed to check if window was closed: disconnected: not connected to DevTools)
  (Session info: chrome=120.0.6099.129)
Build info: version: '4.16.1', revision: '9b4c83354e'
System info: os.name: 'Mac OS X', os.arch: 'x86_64', os.version: '14.2.1', java.version: '17.0.7'
Driver info: org.openqa.selenium.chrome.ChromeDriver
Command: [f5f7e0047cb344a6113c7991c94385a8, screenshot {}]
Capabilities {acceptInsecureCerts: false, browserName: chrome, browserVersion: 120.0.6099.129, chrome: {chromedriverVersion: 120.0.6099.109 (3419140ab66..., userDataDir: /var/folders/nj/n_9gw81j7mq...}, fedcm:accounts: true, goog:chromeOptions: {debuggerAddress: localhost:63964}, networkConnectionEnabled: false, pageLoadStrategy: normal, platformName: mac, proxy: Proxy(), se:cdp: ws://localhost:63964/devtoo..., se:cdpVersion: 120.0.6099.129, setWindowRect: true, strictFileInteractability: false, timeouts: {implicit: 0, pageLoad: 300000, script: 30000}, unhandledPromptBehavior: dismiss and notify, webauthn:extension:credBlob: true, webauthn:extension:largeBlob: true, webauthn:extension:minPinLength: true, webauthn:extension:prf: true, webauthn:virtualAuthenticators: true}
Session ID: f5f7e0047cb344a6113c7991c94385a8
	at jdk.internal.reflect.GeneratedConstructorAccessor23.newInstance(Unknown Source)
	at java.base/jdk.internal.reflect.DelegatingConstructorAccessorImpl.newInstance(DelegatingConstructorAccessorImpl.java:45)
	at java.base/java.lang.reflect.Constructor.newInstanceWithCaller(Constructor.java:499)
	at java.base/java.lang.reflect.Constructor.newInstance(Constructor.java:480)
	at org.openqa.selenium.remote.codec.w3c.W3CHttpResponseCodec.createException(W3CHttpResponseCodec.java:200)
	at org.openqa.selenium.remote.codec.w3c.W3CHttpResponseCodec.decode(W3CHttpResponseCodec.java:133)
	at org.openqa.selenium.remote.codec.w3c.W3CHttpResponseCodec.decode(W3CHttpResponseCodec.java:52)
	at org.openqa.selenium.remote.HttpCommandExecutor.execute(HttpCommandExecutor.java:191)
	at org.openqa.selenium.remote.service.DriverCommandExecutor.invokeExecute(DriverCommandExecutor.java:200)
	at org.openqa.selenium.remote.service.DriverCommandExecutor.execute(DriverCommandExecutor.java:175)
	at org.openqa.selenium.remote.RemoteWebDriver.execute(RemoteWebDriver.java:523)
	at org.openqa.selenium.remote.RemoteWebDriver.execute(RemoteWebDriver.java:596)
	at org.openqa.selenium.remote.RemoteWebDriver.execute(RemoteWebDriver.java:600)
	at org.openqa.selenium.remote.RemoteWebDriver.getScreenshotAs(RemoteWebDriver.java:326)
	at stepDefinition.Hooks.takeScreenShotOnFailure(Hooks.java:40)
</textarea>
      
      </div>
              </div>
          </div>
        </div>
  </div>
  <div class="card">
    <div class="card-header" role="tab">
      <div class="card-title">
        <div class="node" id="203"><span class="badge log fail-bg mr-2">Fail</span>Navigate to member search and click on manage attribute link</div>
      </div>
    </div>
        <div class="">
          <div class="card-body">
              <div class="step fail-bg" title="stepDefinition.MemberSearchStepDefinition.NavigateToMemberSearch()">
                <span>Given Naviagte to member search module</span>
      <div>
        <textarea disabled class="code-block">java.lang.NullPointerException: Cannot invoke "org.openqa.selenium.WebElement.click()" because the return value of "resources.BrowserUtils.findAndWaitForElement(org.openqa.selenium.WebElement)" is null
	at resources.BrowserUtils.clickElement(BrowserUtils.java:69)
	at stepDefinition.MemberSearchStepDefinition.NavigateToMemberSearch(MemberSearchStepDefinition.java:20)
	at ✽.Naviagte to member search module(file:///Users/basavaraj/Automation/Pramod/v2/LBMSCloud/src/test/java/features/membersearch.feature:70)
</textarea>
      
      </div>
              </div>
              <div class="step skip-bg" title="stepDefinition.MemberSearchStepDefinition.click_on_manage_member_attributes_link()">
                <span>When click on manage member attributes link</span>
      <div>Step skipped
      </div>
              </div>
              <div class="step fail-bg" title="AFTER">
                <span>stepDefinition.Hooks.takeScreenShotOnFailure(io.cucumber.java.Scenario)</span>
      <div>
        <textarea disabled class="code-block">org.openqa.selenium.WebDriverException: disconnected: not connected to DevTools
  (failed to check if window was closed: disconnected: not connected to DevTools)
  (Session info: chrome=120.0.6099.129)
Build info: version: '4.16.1', revision: '9b4c83354e'
System info: os.name: 'Mac OS X', os.arch: 'x86_64', os.version: '14.2.1', java.version: '17.0.7'
Driver info: org.openqa.selenium.chrome.ChromeDriver
Command: [f5f7e0047cb344a6113c7991c94385a8, screenshot {}]
Capabilities {acceptInsecureCerts: false, browserName: chrome, browserVersion: 120.0.6099.129, chrome: {chromedriverVersion: 120.0.6099.109 (3419140ab66..., userDataDir: /var/folders/nj/n_9gw81j7mq...}, fedcm:accounts: true, goog:chromeOptions: {debuggerAddress: localhost:63964}, networkConnectionEnabled: false, pageLoadStrategy: normal, platformName: mac, proxy: Proxy(), se:cdp: ws://localhost:63964/devtoo..., se:cdpVersion: 120.0.6099.129, setWindowRect: true, strictFileInteractability: false, timeouts: {implicit: 0, pageLoad: 300000, script: 30000}, unhandledPromptBehavior: dismiss and notify, webauthn:extension:credBlob: true, webauthn:extension:largeBlob: true, webauthn:extension:minPinLength: true, webauthn:extension:prf: true, webauthn:virtualAuthenticators: true}
Session ID: f5f7e0047cb344a6113c7991c94385a8
	at jdk.internal.reflect.GeneratedConstructorAccessor23.newInstance(Unknown Source)
	at java.base/jdk.internal.reflect.DelegatingConstructorAccessorImpl.newInstance(DelegatingConstructorAccessorImpl.java:45)
	at java.base/java.lang.reflect.Constructor.newInstanceWithCaller(Constructor.java:499)
	at java.base/java.lang.reflect.Constructor.newInstance(Constructor.java:480)
	at org.openqa.selenium.remote.codec.w3c.W3CHttpResponseCodec.createException(W3CHttpResponseCodec.java:200)
	at org.openqa.selenium.remote.codec.w3c.W3CHttpResponseCodec.decode(W3CHttpResponseCodec.java:133)
	at org.openqa.selenium.remote.codec.w3c.W3CHttpResponseCodec.decode(W3CHttpResponseCodec.java:52)
	at org.openqa.selenium.remote.HttpCommandExecutor.execute(HttpCommandExecutor.java:191)
	at org.openqa.selenium.remote.service.DriverCommandExecutor.invokeExecute(DriverCommandExecutor.java:200)
	at org.openqa.selenium.remote.service.DriverCommandExecutor.execute(DriverCommandExecutor.java:175)
	at org.openqa.selenium.remote.RemoteWebDriver.execute(RemoteWebDriver.java:523)
	at org.openqa.selenium.remote.RemoteWebDriver.execute(RemoteWebDriver.java:596)
	at org.openqa.selenium.remote.RemoteWebDriver.execute(RemoteWebDriver.java:600)
	at org.openqa.selenium.remote.RemoteWebDriver.getScreenshotAs(RemoteWebDriver.java:326)
	at stepDefinition.Hooks.takeScreenShotOnFailure(Hooks.java:40)
</textarea>
      
      </div>
              </div>
          </div>
        </div>
  </div>
  <div class="card">
    <div class="card-header" role="tab">
      <div class="card-title">
        <div class="node" id="207"><span class="badge log fail-bg mr-2">Fail</span>Create different member attributes using manage_member_attribute</div>
      </div>
    </div>
        <div class="scenario_outline ">
            <div class="card-body l1">
              <div class="card-header">
                <div class="card-title outline-child">
                  <div class="node" id="208"><span class="badge log fail-bg mr-2">Fail</span>Create different member attributes using manage_member_attribute</div>
                </div>
              </div>
              <div class="card-body mt-3 ">
                  <div class="step fail-bg">
                    <span>When click on Add new custom attribute link</span>
      <div>
        <textarea disabled class="code-block">java.lang.NullPointerException: Cannot invoke "org.openqa.selenium.WebElement.click()" because the return value of "resources.BrowserUtils.findAndWaitForElement(org.openqa.selenium.WebElement)" is null
	at resources.BrowserUtils.clickElement(BrowserUtils.java:69)
	at stepDefinition.MemberSearchStepDefinition.click_on_Add_new_custom_attribute_link(MemberSearchStepDefinition.java:143)
	at ✽.click on Add new custom attribute link(file:///Users/basavaraj/Automation/Pramod/v2/LBMSCloud/src/test/java/features/membersearch.feature:75)
</textarea>
      
      </div>
                  </div>
                  <div class="step skip-bg">
                    <span>Then Enter value "String_FF" "String_FF" "String" "false" "false"</span>
      <div>Step skipped
      </div>
                  </div>
                  <div class="step fail-bg">
                    <span>stepDefinition.Hooks.takeScreenShotOnFailure(io.cucumber.java.Scenario)</span>
      <div>
        <textarea disabled class="code-block">org.openqa.selenium.WebDriverException: disconnected: not connected to DevTools
  (failed to check if window was closed: disconnected: not connected to DevTools)
  (Session info: chrome=120.0.6099.129)
Build info: version: '4.16.1', revision: '9b4c83354e'
System info: os.name: 'Mac OS X', os.arch: 'x86_64', os.version: '14.2.1', java.version: '17.0.7'
Driver info: org.openqa.selenium.chrome.ChromeDriver
Command: [f5f7e0047cb344a6113c7991c94385a8, screenshot {}]
Capabilities {acceptInsecureCerts: false, browserName: chrome, browserVersion: 120.0.6099.129, chrome: {chromedriverVersion: 120.0.6099.109 (3419140ab66..., userDataDir: /var/folders/nj/n_9gw81j7mq...}, fedcm:accounts: true, goog:chromeOptions: {debuggerAddress: localhost:63964}, networkConnectionEnabled: false, pageLoadStrategy: normal, platformName: mac, proxy: Proxy(), se:cdp: ws://localhost:63964/devtoo..., se:cdpVersion: 120.0.6099.129, setWindowRect: true, strictFileInteractability: false, timeouts: {implicit: 0, pageLoad: 300000, script: 30000}, unhandledPromptBehavior: dismiss and notify, webauthn:extension:credBlob: true, webauthn:extension:largeBlob: true, webauthn:extension:minPinLength: true, webauthn:extension:prf: true, webauthn:virtualAuthenticators: true}
Session ID: f5f7e0047cb344a6113c7991c94385a8
	at jdk.internal.reflect.GeneratedConstructorAccessor23.newInstance(Unknown Source)
	at java.base/jdk.internal.reflect.DelegatingConstructorAccessorImpl.newInstance(DelegatingConstructorAccessorImpl.java:45)
	at java.base/java.lang.reflect.Constructor.newInstanceWithCaller(Constructor.java:499)
	at java.base/java.lang.reflect.Constructor.newInstance(Constructor.java:480)
	at org.openqa.selenium.remote.codec.w3c.W3CHttpResponseCodec.createException(W3CHttpResponseCodec.java:200)
	at org.openqa.selenium.remote.codec.w3c.W3CHttpResponseCodec.decode(W3CHttpResponseCodec.java:133)
	at org.openqa.selenium.remote.codec.w3c.W3CHttpResponseCodec.decode(W3CHttpResponseCodec.java:52)
	at org.openqa.selenium.remote.HttpCommandExecutor.execute(HttpCommandExecutor.java:191)
	at org.openqa.selenium.remote.service.DriverCommandExecutor.invokeExecute(DriverCommandExecutor.java:200)
	at org.openqa.selenium.remote.service.DriverCommandExecutor.execute(DriverCommandExecutor.java:175)
	at org.openqa.selenium.remote.RemoteWebDriver.execute(RemoteWebDriver.java:523)
	at org.openqa.selenium.remote.RemoteWebDriver.execute(RemoteWebDriver.java:596)
	at org.openqa.selenium.remote.RemoteWebDriver.execute(RemoteWebDriver.java:600)
	at org.openqa.selenium.remote.RemoteWebDriver.getScreenshotAs(RemoteWebDriver.java:326)
	at stepDefinition.Hooks.takeScreenShotOnFailure(Hooks.java:40)
</textarea>
      
      </div>
                  </div>
              </div>
            </div>
            <div class="card-body l1">
              <div class="card-header">
                <div class="card-title outline-child">
                  <div class="node" id="212"><span class="badge log fail-bg mr-2">Fail</span>Create different member attributes using manage_member_attribute</div>
                </div>
              </div>
              <div class="card-body mt-3 ">
                  <div class="step fail-bg">
                    <span>When click on Add new custom attribute link</span>
      <div>
        <textarea disabled class="code-block">java.lang.NullPointerException: Cannot invoke "org.openqa.selenium.WebElement.click()" because the return value of "resources.BrowserUtils.findAndWaitForElement(org.openqa.selenium.WebElement)" is null
	at resources.BrowserUtils.clickElement(BrowserUtils.java:69)
	at stepDefinition.MemberSearchStepDefinition.click_on_Add_new_custom_attribute_link(MemberSearchStepDefinition.java:143)
	at ✽.click on Add new custom attribute link(file:///Users/basavaraj/Automation/Pramod/v2/LBMSCloud/src/test/java/features/membersearch.feature:75)
</textarea>
      
      </div>
                  </div>
                  <div class="step skip-bg">
                    <span>Then Enter value "Number_TF" "Number_TF" "Numbers" "false" "true"</span>
      <div>Step skipped
      </div>
                  </div>
                  <div class="step fail-bg">
                    <span>stepDefinition.Hooks.takeScreenShotOnFailure(io.cucumber.java.Scenario)</span>
      <div>
        <textarea disabled class="code-block">org.openqa.selenium.WebDriverException: disconnected: not connected to DevTools
  (failed to check if window was closed: disconnected: not connected to DevTools)
  (Session info: chrome=120.0.6099.129)
Build info: version: '4.16.1', revision: '9b4c83354e'
System info: os.name: 'Mac OS X', os.arch: 'x86_64', os.version: '14.2.1', java.version: '17.0.7'
Driver info: org.openqa.selenium.chrome.ChromeDriver
Command: [f5f7e0047cb344a6113c7991c94385a8, screenshot {}]
Capabilities {acceptInsecureCerts: false, browserName: chrome, browserVersion: 120.0.6099.129, chrome: {chromedriverVersion: 120.0.6099.109 (3419140ab66..., userDataDir: /var/folders/nj/n_9gw81j7mq...}, fedcm:accounts: true, goog:chromeOptions: {debuggerAddress: localhost:63964}, networkConnectionEnabled: false, pageLoadStrategy: normal, platformName: mac, proxy: Proxy(), se:cdp: ws://localhost:63964/devtoo..., se:cdpVersion: 120.0.6099.129, setWindowRect: true, strictFileInteractability: false, timeouts: {implicit: 0, pageLoad: 300000, script: 30000}, unhandledPromptBehavior: dismiss and notify, webauthn:extension:credBlob: true, webauthn:extension:largeBlob: true, webauthn:extension:minPinLength: true, webauthn:extension:prf: true, webauthn:virtualAuthenticators: true}
Session ID: f5f7e0047cb344a6113c7991c94385a8
	at jdk.internal.reflect.GeneratedConstructorAccessor23.newInstance(Unknown Source)
	at java.base/jdk.internal.reflect.DelegatingConstructorAccessorImpl.newInstance(DelegatingConstructorAccessorImpl.java:45)
	at java.base/java.lang.reflect.Constructor.newInstanceWithCaller(Constructor.java:499)
	at java.base/java.lang.reflect.Constructor.newInstance(Constructor.java:480)
	at org.openqa.selenium.remote.codec.w3c.W3CHttpResponseCodec.createException(W3CHttpResponseCodec.java:200)
	at org.openqa.selenium.remote.codec.w3c.W3CHttpResponseCodec.decode(W3CHttpResponseCodec.java:133)
	at org.openqa.selenium.remote.codec.w3c.W3CHttpResponseCodec.decode(W3CHttpResponseCodec.java:52)
	at org.openqa.selenium.remote.HttpCommandExecutor.execute(HttpCommandExecutor.java:191)
	at org.openqa.selenium.remote.service.DriverCommandExecutor.invokeExecute(DriverCommandExecutor.java:200)
	at org.openqa.selenium.remote.service.DriverCommandExecutor.execute(DriverCommandExecutor.java:175)
	at org.openqa.selenium.remote.RemoteWebDriver.execute(RemoteWebDriver.java:523)
	at org.openqa.selenium.remote.RemoteWebDriver.execute(RemoteWebDriver.java:596)
	at org.openqa.selenium.remote.RemoteWebDriver.execute(RemoteWebDriver.java:600)
	at org.openqa.selenium.remote.RemoteWebDriver.getScreenshotAs(RemoteWebDriver.java:326)
	at stepDefinition.Hooks.takeScreenShotOnFailure(Hooks.java:40)
</textarea>
      
      </div>
                  </div>
              </div>
            </div>
            <div class="card-body l1">
              <div class="card-header">
                <div class="card-title outline-child">
                  <div class="node" id="216"><span class="badge log fail-bg mr-2">Fail</span>Create different member attributes using manage_member_attribute</div>
                </div>
              </div>
              <div class="card-body mt-3 ">
                  <div class="step fail-bg">
                    <span>When click on Add new custom attribute link</span>
      <div>
        <textarea disabled class="code-block">java.lang.NullPointerException: Cannot invoke "org.openqa.selenium.WebElement.click()" because the return value of "resources.BrowserUtils.findAndWaitForElement(org.openqa.selenium.WebElement)" is null
	at resources.BrowserUtils.clickElement(BrowserUtils.java:69)
	at stepDefinition.MemberSearchStepDefinition.click_on_Add_new_custom_attribute_link(MemberSearchStepDefinition.java:143)
	at ✽.click on Add new custom attribute link(file:///Users/basavaraj/Automation/Pramod/v2/LBMSCloud/src/test/java/features/membersearch.feature:75)
</textarea>
      
      </div>
                  </div>
                  <div class="step skip-bg">
                    <span>Then Enter value "DATE_FT" "DATE_FT" "Decimals" "true" "false"</span>
      <div>Step skipped
      </div>
                  </div>
                  <div class="step fail-bg">
                    <span>stepDefinition.Hooks.takeScreenShotOnFailure(io.cucumber.java.Scenario)</span>
      <div>
        <textarea disabled class="code-block">org.openqa.selenium.WebDriverException: disconnected: not connected to DevTools
  (failed to check if window was closed: disconnected: not connected to DevTools)
  (Session info: chrome=120.0.6099.129)
Build info: version: '4.16.1', revision: '9b4c83354e'
System info: os.name: 'Mac OS X', os.arch: 'x86_64', os.version: '14.2.1', java.version: '17.0.7'
Driver info: org.openqa.selenium.chrome.ChromeDriver
Command: [f5f7e0047cb344a6113c7991c94385a8, screenshot {}]
Capabilities {acceptInsecureCerts: false, browserName: chrome, browserVersion: 120.0.6099.129, chrome: {chromedriverVersion: 120.0.6099.109 (3419140ab66..., userDataDir: /var/folders/nj/n_9gw81j7mq...}, fedcm:accounts: true, goog:chromeOptions: {debuggerAddress: localhost:63964}, networkConnectionEnabled: false, pageLoadStrategy: normal, platformName: mac, proxy: Proxy(), se:cdp: ws://localhost:63964/devtoo..., se:cdpVersion: 120.0.6099.129, setWindowRect: true, strictFileInteractability: false, timeouts: {implicit: 0, pageLoad: 300000, script: 30000}, unhandledPromptBehavior: dismiss and notify, webauthn:extension:credBlob: true, webauthn:extension:largeBlob: true, webauthn:extension:minPinLength: true, webauthn:extension:prf: true, webauthn:virtualAuthenticators: true}
Session ID: f5f7e0047cb344a6113c7991c94385a8
	at jdk.internal.reflect.GeneratedConstructorAccessor23.newInstance(Unknown Source)
	at java.base/jdk.internal.reflect.DelegatingConstructorAccessorImpl.newInstance(DelegatingConstructorAccessorImpl.java:45)
	at java.base/java.lang.reflect.Constructor.newInstanceWithCaller(Constructor.java:499)
	at java.base/java.lang.reflect.Constructor.newInstance(Constructor.java:480)
	at org.openqa.selenium.remote.codec.w3c.W3CHttpResponseCodec.createException(W3CHttpResponseCodec.java:200)
	at org.openqa.selenium.remote.codec.w3c.W3CHttpResponseCodec.decode(W3CHttpResponseCodec.java:133)
	at org.openqa.selenium.remote.codec.w3c.W3CHttpResponseCodec.decode(W3CHttpResponseCodec.java:52)
	at org.openqa.selenium.remote.HttpCommandExecutor.execute(HttpCommandExecutor.java:191)
	at org.openqa.selenium.remote.service.DriverCommandExecutor.invokeExecute(DriverCommandExecutor.java:200)
	at org.openqa.selenium.remote.service.DriverCommandExecutor.execute(DriverCommandExecutor.java:175)
	at org.openqa.selenium.remote.RemoteWebDriver.execute(RemoteWebDriver.java:523)
	at org.openqa.selenium.remote.RemoteWebDriver.execute(RemoteWebDriver.java:596)
	at org.openqa.selenium.remote.RemoteWebDriver.execute(RemoteWebDriver.java:600)
	at org.openqa.selenium.remote.RemoteWebDriver.getScreenshotAs(RemoteWebDriver.java:326)
	at stepDefinition.Hooks.takeScreenShotOnFailure(Hooks.java:40)
</textarea>
      
      </div>
                  </div>
              </div>
            </div>
            <div class="card-body l1">
              <div class="card-header">
                <div class="card-title outline-child">
                  <div class="node" id="220"><span class="badge log fail-bg mr-2">Fail</span>Create different member attributes using manage_member_attribute</div>
                </div>
              </div>
              <div class="card-body mt-3 ">
                  <div class="step fail-bg">
                    <span>When click on Add new custom attribute link</span>
      <div>
        <textarea disabled class="code-block">java.lang.NullPointerException: Cannot invoke "org.openqa.selenium.WebElement.click()" because the return value of "resources.BrowserUtils.findAndWaitForElement(org.openqa.selenium.WebElement)" is null
	at resources.BrowserUtils.clickElement(BrowserUtils.java:69)
	at stepDefinition.MemberSearchStepDefinition.click_on_Add_new_custom_attribute_link(MemberSearchStepDefinition.java:143)
	at ✽.click on Add new custom attribute link(file:///Users/basavaraj/Automation/Pramod/v2/LBMSCloud/src/test/java/features/membersearch.feature:75)
</textarea>
      
      </div>
                  </div>
                  <div class="step skip-bg">
                    <span>Then Enter value "decimal_TT" "decimal_TT" "Date" "true" "true"</span>
      <div>Step skipped
      </div>
                  </div>
                  <div class="step fail-bg">
                    <span>stepDefinition.Hooks.takeScreenShotOnFailure(io.cucumber.java.Scenario)</span>
      <div>
        <textarea disabled class="code-block">org.openqa.selenium.WebDriverException: disconnected: not connected to DevTools
  (failed to check if window was closed: disconnected: not connected to DevTools)
  (Session info: chrome=120.0.6099.129)
Build info: version: '4.16.1', revision: '9b4c83354e'
System info: os.name: 'Mac OS X', os.arch: 'x86_64', os.version: '14.2.1', java.version: '17.0.7'
Driver info: org.openqa.selenium.chrome.ChromeDriver
Command: [f5f7e0047cb344a6113c7991c94385a8, screenshot {}]
Capabilities {acceptInsecureCerts: false, browserName: chrome, browserVersion: 120.0.6099.129, chrome: {chromedriverVersion: 120.0.6099.109 (3419140ab66..., userDataDir: /var/folders/nj/n_9gw81j7mq...}, fedcm:accounts: true, goog:chromeOptions: {debuggerAddress: localhost:63964}, networkConnectionEnabled: false, pageLoadStrategy: normal, platformName: mac, proxy: Proxy(), se:cdp: ws://localhost:63964/devtoo..., se:cdpVersion: 120.0.6099.129, setWindowRect: true, strictFileInteractability: false, timeouts: {implicit: 0, pageLoad: 300000, script: 30000}, unhandledPromptBehavior: dismiss and notify, webauthn:extension:credBlob: true, webauthn:extension:largeBlob: true, webauthn:extension:minPinLength: true, webauthn:extension:prf: true, webauthn:virtualAuthenticators: true}
Session ID: f5f7e0047cb344a6113c7991c94385a8
	at jdk.internal.reflect.GeneratedConstructorAccessor23.newInstance(Unknown Source)
	at java.base/jdk.internal.reflect.DelegatingConstructorAccessorImpl.newInstance(DelegatingConstructorAccessorImpl.java:45)
	at java.base/java.lang.reflect.Constructor.newInstanceWithCaller(Constructor.java:499)
	at java.base/java.lang.reflect.Constructor.newInstance(Constructor.java:480)
	at org.openqa.selenium.remote.codec.w3c.W3CHttpResponseCodec.createException(W3CHttpResponseCodec.java:200)
	at org.openqa.selenium.remote.codec.w3c.W3CHttpResponseCodec.decode(W3CHttpResponseCodec.java:133)
	at org.openqa.selenium.remote.codec.w3c.W3CHttpResponseCodec.decode(W3CHttpResponseCodec.java:52)
	at org.openqa.selenium.remote.HttpCommandExecutor.execute(HttpCommandExecutor.java:191)
	at org.openqa.selenium.remote.service.DriverCommandExecutor.invokeExecute(DriverCommandExecutor.java:200)
	at org.openqa.selenium.remote.service.DriverCommandExecutor.execute(DriverCommandExecutor.java:175)
	at org.openqa.selenium.remote.RemoteWebDriver.execute(RemoteWebDriver.java:523)
	at org.openqa.selenium.remote.RemoteWebDriver.execute(RemoteWebDriver.java:596)
	at org.openqa.selenium.remote.RemoteWebDriver.execute(RemoteWebDriver.java:600)
	at org.openqa.selenium.remote.RemoteWebDriver.getScreenshotAs(RemoteWebDriver.java:326)
	at stepDefinition.Hooks.takeScreenShotOnFailure(Hooks.java:40)
</textarea>
      
      </div>
                  </div>
              </div>
            </div>
        </div>
  </div>
</div>
          </div>
        </li>
        <li class="test-item"  status="fail" test-id="224"
          author=""
          tag=""
          device="">
          <div class="test-detail">
            <p class="name">Member search filter feature</p>
            <p class="text-sm">
              <span>1:27:51 pm</span> / <span>00:00:00:528</span>
              <span class="badge fail-bg log float-right">Fail</span>
            </p>
          </div>
          <div class="test-contents d-none">
<div class="detail-head">
<div class="p-v-10">
<div class="info">
<h5 class="test-status text-fail">Member search filter feature</h5>
<span class='badge badge-success'>01.02.2024 1:27:51 pm</span>
<span class='badge badge-danger'>01.02.2024 1:27:52 pm</span>
<span class='badge badge-default'>00:00:00:528</span>
&middot; <span class='uri-anchor badge badge-default'>#test-id=224</span>
<span title='Skip to the next failed step' class='badge badge-danger pointer float-right ne ml-1'><i class="fa fa-fast-forward"></i></span>
<span title='Collapse all nodes' class='badge badge-default pointer float-right ct ml-1'><i class="fa fa-compress"></i></span>
<span title='Expand all nodes' class='badge badge-default pointer float-right et'><i class="fa fa-expand"></i></span>
</div>
<div class="m-t-10 m-l-5"></div>
</div>
</div>
<div class="accordion mt-4">
  <div class="card">
    <div class="card-header" role="tab">
      <div class="card-title">
        <div class="node" id="225"><span class="badge log fail-bg mr-2">Fail</span>Apply any single filter with its respective operator and do a search</div>
      </div>
    </div>
        <div class="">
          <div class="card-body">
              <div class="step fail-bg" title="stepDefinition.MemberSearchStepDefinition.NavigateToMemberSearch()">
                <span>Given Naviagte to member search module</span>
      <div>
        <textarea disabled class="code-block">java.lang.NullPointerException: Cannot invoke "org.openqa.selenium.WebElement.click()" because the return value of "resources.BrowserUtils.findAndWaitForElement(org.openqa.selenium.WebElement)" is null
	at resources.BrowserUtils.clickElement(BrowserUtils.java:69)
	at stepDefinition.MemberSearchStepDefinition.NavigateToMemberSearch(MemberSearchStepDefinition.java:20)
	at ✽.Naviagte to member search module(file:///Users/basavaraj/Automation/Pramod/v2/LBMSCloud/src/test/java/features/membersearchfilter.feature:5)
</textarea>
      
      </div>
              </div>
              <div class="step skip-bg" title="stepDefinition.MemberSearchFilterStepDefinition.click_on_filter_option()">
                <span>When click on filter option</span>
      <div>Step skipped
      </div>
              </div>
              <div class="step skip-bg" title="stepDefinition.MemberSearchFilterStepDefinition.select_filter(java.lang.String)">
                <span>Then select "Age" filter</span>
      <div>Step skipped
      </div>
              </div>
              <div class="step skip-bg" title="stepDefinition.MemberSearchFilterStepDefinition.select_operator(java.lang.String)">
                <span>Then Select operator "Is less than or equal to"</span>
      <div>Step skipped
      </div>
              </div>
              <div class="step skip-bg" title="stepDefinition.MemberSearchFilterStepDefinition.enter_value_for_operator(java.lang.String,java.lang.String,java.lang.String)">
                <span>Then Enter value1 "40" and value2 "2023-09-09" for operator "Is less than or equal to"</span>
      <div>Step skipped
      </div>
              </div>
              <div class="step skip-bg" title="stepDefinition.MemberSearchFilterStepDefinition.click_on_apply_filter_and_validate_result()">
                <span>Then click on apply filter button and validate the result</span>
      <div>Step skipped
      </div>
              </div>
              <div class="step fail-bg" title="AFTER">
                <span>stepDefinition.Hooks.takeScreenShotOnFailure(io.cucumber.java.Scenario)</span>
      <div>
        <textarea disabled class="code-block">org.openqa.selenium.WebDriverException: disconnected: not connected to DevTools
  (failed to check if window was closed: disconnected: not connected to DevTools)
  (Session info: chrome=120.0.6099.129)
Build info: version: '4.16.1', revision: '9b4c83354e'
System info: os.name: 'Mac OS X', os.arch: 'x86_64', os.version: '14.2.1', java.version: '17.0.7'
Driver info: org.openqa.selenium.chrome.ChromeDriver
Command: [f5f7e0047cb344a6113c7991c94385a8, screenshot {}]
Capabilities {acceptInsecureCerts: false, browserName: chrome, browserVersion: 120.0.6099.129, chrome: {chromedriverVersion: 120.0.6099.109 (3419140ab66..., userDataDir: /var/folders/nj/n_9gw81j7mq...}, fedcm:accounts: true, goog:chromeOptions: {debuggerAddress: localhost:63964}, networkConnectionEnabled: false, pageLoadStrategy: normal, platformName: mac, proxy: Proxy(), se:cdp: ws://localhost:63964/devtoo..., se:cdpVersion: 120.0.6099.129, setWindowRect: true, strictFileInteractability: false, timeouts: {implicit: 0, pageLoad: 300000, script: 30000}, unhandledPromptBehavior: dismiss and notify, webauthn:extension:credBlob: true, webauthn:extension:largeBlob: true, webauthn:extension:minPinLength: true, webauthn:extension:prf: true, webauthn:virtualAuthenticators: true}
Session ID: f5f7e0047cb344a6113c7991c94385a8
	at jdk.internal.reflect.GeneratedConstructorAccessor23.newInstance(Unknown Source)
	at java.base/jdk.internal.reflect.DelegatingConstructorAccessorImpl.newInstance(DelegatingConstructorAccessorImpl.java:45)
	at java.base/java.lang.reflect.Constructor.newInstanceWithCaller(Constructor.java:499)
	at java.base/java.lang.reflect.Constructor.newInstance(Constructor.java:480)
	at org.openqa.selenium.remote.codec.w3c.W3CHttpResponseCodec.createException(W3CHttpResponseCodec.java:200)
	at org.openqa.selenium.remote.codec.w3c.W3CHttpResponseCodec.decode(W3CHttpResponseCodec.java:133)
	at org.openqa.selenium.remote.codec.w3c.W3CHttpResponseCodec.decode(W3CHttpResponseCodec.java:52)
	at org.openqa.selenium.remote.HttpCommandExecutor.execute(HttpCommandExecutor.java:191)
	at org.openqa.selenium.remote.service.DriverCommandExecutor.invokeExecute(DriverCommandExecutor.java:200)
	at org.openqa.selenium.remote.service.DriverCommandExecutor.execute(DriverCommandExecutor.java:175)
	at org.openqa.selenium.remote.RemoteWebDriver.execute(RemoteWebDriver.java:523)
	at org.openqa.selenium.remote.RemoteWebDriver.execute(RemoteWebDriver.java:596)
	at org.openqa.selenium.remote.RemoteWebDriver.execute(RemoteWebDriver.java:600)
	at org.openqa.selenium.remote.RemoteWebDriver.getScreenshotAs(RemoteWebDriver.java:326)
	at stepDefinition.Hooks.takeScreenShotOnFailure(Hooks.java:40)
</textarea>
      
      </div>
              </div>
          </div>
        </div>
  </div>
</div>
          </div>
        </li>
      </ul>
    </div>
  </div>
<div class="test-content scrollable">
<div class="test-content-tools">
<ul><li><a class="back-to-test" href="#"><i class="fa fa-arrow-left"></i></a></li></ul>
</div>
<div class="test-content-detail"><div class="detail-body"></div></div>
</div></div>
<div class="test-wrapper row view exception-view attributes-view">
<div class="test-list">
<div class="test-list-tools">
<ul class="tools pull-left"><li><a href=""><span class="font-size-14">Exception</span></a></li></ul>
<ul class="tools text-right"><li><a href="#"><span class="badge badge-primary">3</span></a></li></ul>
</div>
<div class="test-list-wrapper scrollable">
<ul class="test-list-item">
<li class="test-item">
<div class="test-detail">
<span class="meta">
<span class='badge log badge-danger'>2</span>
</span>
<p class="name">org.openqa.selenium.NoSuchElementException</p>
<p class="duration text-sm">2 tests</p>
</div>
<div class="test-contents d-none">
<div class="info">
<h4>org.openqa.selenium.NoSuchElementException</h4>
<span status="fail" class='badge log badge-danger'>2 failed</span>
</div>
<table class='table table-sm mt-4'>
<thead>
<tr>
<th class="status-col">Status</th>
<th class="timestamp-col">Timestamp</th>
<th>TestName</th>
</tr>
</thead>
<tbody>
<tr class="tag-test-status" status="fail">
<td><span class="badge log fail-bg">Fail</span></td>
<td>13:16:47 pm</td>
<td>
<a href="#" class="linked" test-id='8' id='25'>When user validate the existing report "Spend points report" and click on "View"</a>
<div class="">
<span class="badge badge-default">Reports feature.Validate the recently created report in the transactional section.When user validate the existing report "Spend points report" and click on "View"</span>
</div>
</td>
</tr>
<tr class="tag-test-status" status="fail">
<td><span class="badge log fail-bg">Fail</span></td>
<td>13:23:24 pm</td>
<td>
<a href="#" class="linked" test-id='8' id='59'>When user validate the existing report "Members report" and click on "View"</a>
<div class="">
<span class="badge badge-default">Reports feature.Download the recently created accrual reports in the transactional section.When user validate the existing report "Members report" and click on "View"</span>
</div>
</td>
</tr>
</tbody>
</table>
</div>
</li>
<li class="test-item">
<div class="test-detail">
<span class="meta">
<span class='badge log badge-danger'>27</span>
</span>
<p class="name">org.openqa.selenium.WebDriverException</p>
<p class="duration text-sm">27 tests</p>
</div>
<div class="test-contents d-none">
<div class="info">
<h4>org.openqa.selenium.WebDriverException</h4>
<span status="fail" class='badge log badge-danger'>27 failed</span>
</div>
<table class='table table-sm mt-4'>
<thead>
<tr>
<th class="status-col">Status</th>
<th class="timestamp-col">Timestamp</th>
<th>TestName</th>
</tr>
</thead>
<tbody>
<tr class="tag-test-status" status="fail">
<td><span class="badge log fail-bg">Fail</span></td>
<td>13:26:52 pm</td>
<td>
<a href="#" class="linked" test-id='70' id='83'>stepDefinition.Hooks.takeScreenShotOnFailure(io.cucumber.java.Scenario)</a>
<div class="">
<span class="badge badge-default">Tiers feature.create second Tier.stepDefinition.Hooks.takeScreenShotOnFailure(io.cucumber.java.Scenario)</span>
</div>
</td>
</tr>
<tr class="tag-test-status" status="fail">
<td><span class="badge log fail-bg">Fail</span></td>
<td>13:26:52 pm</td>
<td>
<a href="#" class="linked" test-id='70' id='85'>Then user validates "Platinum" tier and clicks "Edit"</a>
<div class="">
<span class="badge badge-default">Tiers feature.Edit Tier.Then user validates "Platinum" tier and clicks "Edit"</span>
</div>
</td>
</tr>
<tr class="tag-test-status" status="fail">
<td><span class="badge log fail-bg">Fail</span></td>
<td>13:26:56 pm</td>
<td>
<a href="#" class="linked" test-id='70' id='89'>stepDefinition.Hooks.takeScreenShotOnFailure(io.cucumber.java.Scenario)</a>
<div class="">
<span class="badge badge-default">Tiers feature.Edit Tier.stepDefinition.Hooks.takeScreenShotOnFailure(io.cucumber.java.Scenario)</span>
</div>
</td>
</tr>
<tr class="tag-test-status" status="fail">
<td><span class="badge log fail-bg">Fail</span></td>
<td>13:26:56 pm</td>
<td>
<a href="#" class="linked" test-id='70' id='91'>Then user validates "Titanium" tier and clicks "Delete"</a>
<div class="">
<span class="badge badge-default">Tiers feature.Delete Tier.Then user validates "Titanium" tier and clicks "Delete"</span>
</div>
</td>
</tr>
<tr class="tag-test-status" status="fail">
<td><span class="badge log fail-bg">Fail</span></td>
<td>13:27:40 pm</td>
<td>
<a href="#" class="linked" test-id='70' id='93'>stepDefinition.Hooks.takeScreenShotOnFailure(io.cucumber.java.Scenario)</a>
<div class="">
<span class="badge badge-default">Tiers feature.Delete Tier.stepDefinition.Hooks.takeScreenShotOnFailure(io.cucumber.java.Scenario)</span>
</div>
</td>
</tr>
<tr class="tag-test-status" status="fail">
<td><span class="badge log fail-bg">Fail</span></td>
<td>13:27:41 pm</td>
<td>
<a href="#" class="linked" test-id='70' id='98'>stepDefinition.Hooks.takeScreenShotOnFailure(io.cucumber.java.Scenario)</a>
<div class="">
<span class="badge badge-default">Tiers feature.Tier Settings.stepDefinition.Hooks.takeScreenShotOnFailure(io.cucumber.java.Scenario)</span>
</div>
</td>
</tr>
<tr class="tag-test-status" status="fail">
<td><span class="badge log fail-bg">Fail</span></td>
<td>13:27:43 pm</td>
<td>
<a href="#" class="linked" test-id='99' id='105'>stepDefinition.Hooks.takeScreenShotOnFailure(io.cucumber.java.Scenario)</a>
<div class="">
<span class="badge badge-default">Add new program & platform configuration.Test and verify Add new program.stepDefinition.Hooks.takeScreenShotOnFailure(io.cucumber.java.Scenario)</span>
</div>
</td>
</tr>
<tr class="tag-test-status" status="fail">
<td><span class="badge log fail-bg">Fail</span></td>
<td>13:27:43 pm</td>
<td>
<a href="#" class="linked" test-id='99' id='109'>stepDefinition.Hooks.takeScreenShotOnFailure(io.cucumber.java.Scenario)</a>
<div class="">
<span class="badge badge-default">Add new program & platform configuration.Test and verify Add company deatils.stepDefinition.Hooks.takeScreenShotOnFailure(io.cucumber.java.Scenario)</span>
</div>
</td>
</tr>
<tr class="tag-test-status" status="fail">
<td><span class="badge log fail-bg">Fail</span></td>
<td>13:27:43 pm</td>
<td>
<a href="#" class="linked" test-id='99' id='111'>Then Add Program name</a>
<div class="">
<span class="badge badge-default">Add new program & platform configuration.Test and verify Add Program details.Then Add Program name</span>
</div>
</td>
</tr>
<tr class="tag-test-status" status="fail">
<td><span class="badge log fail-bg">Fail</span></td>
<td>13:27:43 pm</td>
<td>
<a href="#" class="linked" test-id='99' id='114'>stepDefinition.Hooks.takeScreenShotOnFailure(io.cucumber.java.Scenario)</a>
<div class="">
<span class="badge badge-default">Add new program & platform configuration.Test and verify Add Program details.stepDefinition.Hooks.takeScreenShotOnFailure(io.cucumber.java.Scenario)</span>
</div>
</td>
</tr>
<tr class="tag-test-status" status="fail">
<td><span class="badge log fail-bg">Fail</span></td>
<td>13:27:43 pm</td>
<td>
<a href="#" class="linked" test-id='99' id='121'>stepDefinition.Hooks.takeScreenShotOnFailure(io.cucumber.java.Scenario)</a>
<div class="">
<span class="badge badge-default">Add new program & platform configuration.Test and verify Points Configuration details.stepDefinition.Hooks.takeScreenShotOnFailure(io.cucumber.java.Scenario)</span>
</div>
</td>
</tr>
<tr class="tag-test-status" status="fail">
<td><span class="badge log fail-bg">Fail</span></td>
<td>13:27:43 pm</td>
<td>
<a href="#" class="linked" test-id='136' id='143'>stepDefinition.Hooks.takeScreenShotOnFailure(io.cucumber.java.Scenario)</a>
<div class="">
<span class="badge badge-default">Member search feature.Navigate to member search module, enter different search string and validate the result.stepDefinition.Hooks.takeScreenShotOnFailure(io.cucumber.java.Scenario)</span>
</div>
</td>
</tr>
<tr class="tag-test-status" status="fail">
<td><span class="badge log fail-bg">Fail</span></td>
<td>13:27:44 pm</td>
<td>
<a href="#" class="linked" test-id='136' id='149'>stepDefinition.Hooks.takeScreenShotOnFailure(io.cucumber.java.Scenario)</a>
<div class="">
<span class="badge badge-default">Member search feature.Navigate to member search module, enter different search string and validate the result.stepDefinition.Hooks.takeScreenShotOnFailure(io.cucumber.java.Scenario)</span>
</div>
</td>
</tr>
<tr class="tag-test-status" status="fail">
<td><span class="badge log fail-bg">Fail</span></td>
<td>13:27:45 pm</td>
<td>
<a href="#" class="linked" test-id='136' id='155'>stepDefinition.Hooks.takeScreenShotOnFailure(io.cucumber.java.Scenario)</a>
<div class="">
<span class="badge badge-default">Member search feature.Navigate to member search module, enter different search string and validate the result.stepDefinition.Hooks.takeScreenShotOnFailure(io.cucumber.java.Scenario)</span>
</div>
</td>
</tr>
<tr class="tag-test-status" status="fail">
<td><span class="badge log fail-bg">Fail</span></td>
<td>13:27:45 pm</td>
<td>
<a href="#" class="linked" test-id='136' id='161'>stepDefinition.Hooks.takeScreenShotOnFailure(io.cucumber.java.Scenario)</a>
<div class="">
<span class="badge badge-default">Member search feature.Navigate to member search module, enter different search string and validate the result.stepDefinition.Hooks.takeScreenShotOnFailure(io.cucumber.java.Scenario)</span>
</div>
</td>
</tr>
<tr class="tag-test-status" status="fail">
<td><span class="badge log fail-bg">Fail</span></td>
<td>13:27:46 pm</td>
<td>
<a href="#" class="linked" test-id='136' id='169'>stepDefinition.Hooks.takeScreenShotOnFailure(io.cucumber.java.Scenario)</a>
<div class="">
<span class="badge badge-default">Member search feature.issue manual credit/debit points.stepDefinition.Hooks.takeScreenShotOnFailure(io.cucumber.java.Scenario)</span>
</div>
</td>
</tr>
<tr class="tag-test-status" status="fail">
<td><span class="badge log fail-bg">Fail</span></td>
<td>13:27:46 pm</td>
<td>
<a href="#" class="linked" test-id='136' id='176'>stepDefinition.Hooks.takeScreenShotOnFailure(io.cucumber.java.Scenario)</a>
<div class="">
<span class="badge badge-default">Member search feature.issue manual credit/debit points.stepDefinition.Hooks.takeScreenShotOnFailure(io.cucumber.java.Scenario)</span>
</div>
</td>
</tr>
<tr class="tag-test-status" status="fail">
<td><span class="badge log fail-bg">Fail</span></td>
<td>13:27:47 pm</td>
<td>
<a href="#" class="linked" test-id='136' id='183'>stepDefinition.Hooks.takeScreenShotOnFailure(io.cucumber.java.Scenario)</a>
<div class="">
<span class="badge badge-default">Member search feature.Suspend member.stepDefinition.Hooks.takeScreenShotOnFailure(io.cucumber.java.Scenario)</span>
</div>
</td>
</tr>
<tr class="tag-test-status" status="fail">
<td><span class="badge log fail-bg">Fail</span></td>
<td>13:27:47 pm</td>
<td>
<a href="#" class="linked" test-id='136' id='190'>stepDefinition.Hooks.takeScreenShotOnFailure(io.cucumber.java.Scenario)</a>
<div class="">
<span class="badge badge-default">Member search feature.Re-Actiavte member.stepDefinition.Hooks.takeScreenShotOnFailure(io.cucumber.java.Scenario)</span>
</div>
</td>
</tr>
<tr class="tag-test-status" status="fail">
<td><span class="badge log fail-bg">Fail</span></td>
<td>13:27:48 pm</td>
<td>
<a href="#" class="linked" test-id='136' id='196'>stepDefinition.Hooks.takeScreenShotOnFailure(io.cucumber.java.Scenario)</a>
<div class="">
<span class="badge badge-default">Member search feature.Check Audit log for a member.stepDefinition.Hooks.takeScreenShotOnFailure(io.cucumber.java.Scenario)</span>
</div>
</td>
</tr>
<tr class="tag-test-status" status="fail">
<td><span class="badge log fail-bg">Fail</span></td>
<td>13:27:48 pm</td>
<td>
<a href="#" class="linked" test-id='136' id='202'>stepDefinition.Hooks.takeScreenShotOnFailure(io.cucumber.java.Scenario)</a>
<div class="">
<span class="badge badge-default">Member search feature.Search transactions for member using date range.stepDefinition.Hooks.takeScreenShotOnFailure(io.cucumber.java.Scenario)</span>
</div>
</td>
</tr>
<tr class="tag-test-status" status="fail">
<td><span class="badge log fail-bg">Fail</span></td>
<td>13:27:49 pm</td>
<td>
<a href="#" class="linked" test-id='136' id='206'>stepDefinition.Hooks.takeScreenShotOnFailure(io.cucumber.java.Scenario)</a>
<div class="">
<span class="badge badge-default">Member search feature.Navigate to member search and click on manage attribute link.stepDefinition.Hooks.takeScreenShotOnFailure(io.cucumber.java.Scenario)</span>
</div>
</td>
</tr>
<tr class="tag-test-status" status="fail">
<td><span class="badge log fail-bg">Fail</span></td>
<td>13:27:49 pm</td>
<td>
<a href="#" class="linked" test-id='136' id='211'>stepDefinition.Hooks.takeScreenShotOnFailure(io.cucumber.java.Scenario)</a>
<div class="">
<span class="badge badge-default">Member search feature.Create different member attributes using manage_member_attribute.stepDefinition.Hooks.takeScreenShotOnFailure(io.cucumber.java.Scenario)</span>
</div>
</td>
</tr>
<tr class="tag-test-status" status="fail">
<td><span class="badge log fail-bg">Fail</span></td>
<td>13:27:50 pm</td>
<td>
<a href="#" class="linked" test-id='136' id='215'>stepDefinition.Hooks.takeScreenShotOnFailure(io.cucumber.java.Scenario)</a>
<div class="">
<span class="badge badge-default">Member search feature.Create different member attributes using manage_member_attribute.stepDefinition.Hooks.takeScreenShotOnFailure(io.cucumber.java.Scenario)</span>
</div>
</td>
</tr>
<tr class="tag-test-status" status="fail">
<td><span class="badge log fail-bg">Fail</span></td>
<td>13:27:51 pm</td>
<td>
<a href="#" class="linked" test-id='136' id='219'>stepDefinition.Hooks.takeScreenShotOnFailure(io.cucumber.java.Scenario)</a>
<div class="">
<span class="badge badge-default">Member search feature.Create different member attributes using manage_member_attribute.stepDefinition.Hooks.takeScreenShotOnFailure(io.cucumber.java.Scenario)</span>
</div>
</td>
</tr>
<tr class="tag-test-status" status="fail">
<td><span class="badge log fail-bg">Fail</span></td>
<td>13:27:51 pm</td>
<td>
<a href="#" class="linked" test-id='136' id='223'>stepDefinition.Hooks.takeScreenShotOnFailure(io.cucumber.java.Scenario)</a>
<div class="">
<span class="badge badge-default">Member search feature.Create different member attributes using manage_member_attribute.stepDefinition.Hooks.takeScreenShotOnFailure(io.cucumber.java.Scenario)</span>
</div>
</td>
</tr>
<tr class="tag-test-status" status="fail">
<td><span class="badge log fail-bg">Fail</span></td>
<td>13:27:52 pm</td>
<td>
<a href="#" class="linked" test-id='224' id='232'>stepDefinition.Hooks.takeScreenShotOnFailure(io.cucumber.java.Scenario)</a>
<div class="">
<span class="badge badge-default">Member search filter feature.Apply any single filter with its respective operator and do a search.stepDefinition.Hooks.takeScreenShotOnFailure(io.cucumber.java.Scenario)</span>
</div>
</td>
</tr>
</tbody>
</table>
</div>
</li>
<li class="test-item">
<div class="test-detail">
<span class="meta">
<span class='badge log badge-danger'>21</span>
</span>
<p class="name">java.lang.NullPointerException</p>
<p class="duration text-sm">21 tests</p>
</div>
<div class="test-contents d-none">
<div class="info">
<h4>java.lang.NullPointerException</h4>
<span status="fail" class='badge log badge-danger'>21 failed</span>
</div>
<table class='table table-sm mt-4'>
<thead>
<tr>
<th class="status-col">Status</th>
<th class="timestamp-col">Timestamp</th>
<th>TestName</th>
</tr>
</thead>
<tbody>
<tr class="tag-test-status" status="fail">
<td><span class="badge log fail-bg">Fail</span></td>
<td>13:26:38 pm</td>
<td>
<a href="#" class="linked" test-id='70' id='80'>And User navigates to create new tier page and select the "Platinum" tier icon</a>
<div class="">
<span class="badge badge-default">Tiers feature.create second Tier.And User navigates to create new tier page and select the "Platinum" tier icon</span>
</div>
</td>
</tr>
<tr class="tag-test-status" status="fail">
<td><span class="badge log fail-bg">Fail</span></td>
<td>13:27:40 pm</td>
<td>
<a href="#" class="linked" test-id='70' id='95'>Given User navigates to tier module</a>
<div class="">
<span class="badge badge-default">Tiers feature.Tier Settings.Given User navigates to tier module</span>
</div>
</td>
</tr>
<tr class="tag-test-status" status="fail">
<td><span class="badge log fail-bg">Fail</span></td>
<td>13:27:42 pm</td>
<td>
<a href="#" class="linked" test-id='99' id='101'>Then click on the profile section</a>
<div class="">
<span class="badge badge-default">Add new program & platform configuration.Test and verify Add new program.Then click on the profile section</span>
</div>
</td>
</tr>
<tr class="tag-test-status" status="fail">
<td><span class="badge log fail-bg">Fail</span></td>
<td>13:27:43 pm</td>
<td>
<a href="#" class="linked" test-id='99' id='107'>Then Add company deatils "Automation" "Automation.com" "Pune" "South" "India"</a>
<div class="">
<span class="badge badge-default">Add new program & platform configuration.Test and verify Add company deatils.Then Add company deatils "Automation" "Automation.com" "Pune" "South" "India"</span>
</div>
</td>
</tr>
<tr class="tag-test-status" status="fail">
<td><span class="badge log fail-bg">Fail</span></td>
<td>13:27:43 pm</td>
<td>
<a href="#" class="linked" test-id='99' id='116'>Then Add Points Terminology as "1" "11" "1"</a>
<div class="">
<span class="badge badge-default">Add new program & platform configuration.Test and verify Points Configuration details.Then Add Points Terminology as "1" "11" "1"</span>
</div>
</td>
</tr>
<tr class="tag-test-status" status="fail">
<td><span class="badge log fail-bg">Fail</span></td>
<td>13:27:43 pm</td>
<td>
<a href="#" class="linked" test-id='136' id='139'>Given Naviagte to member search module</a>
<div class="">
<span class="badge badge-default">Member search feature.Navigate to member search module, enter different search string and validate the result.Given Naviagte to member search module</span>
</div>
</td>
</tr>
<tr class="tag-test-status" status="fail">
<td><span class="badge log fail-bg">Fail</span></td>
<td>13:27:43 pm</td>
<td>
<a href="#" class="linked" test-id='136' id='145'>Given Naviagte to member search module</a>
<div class="">
<span class="badge badge-default">Member search feature.Navigate to member search module, enter different search string and validate the result.Given Naviagte to member search module</span>
</div>
</td>
</tr>
<tr class="tag-test-status" status="fail">
<td><span class="badge log fail-bg">Fail</span></td>
<td>13:27:44 pm</td>
<td>
<a href="#" class="linked" test-id='136' id='151'>Given Naviagte to member search module</a>
<div class="">
<span class="badge badge-default">Member search feature.Navigate to member search module, enter different search string and validate the result.Given Naviagte to member search module</span>
</div>
</td>
</tr>
<tr class="tag-test-status" status="fail">
<td><span class="badge log fail-bg">Fail</span></td>
<td>13:27:45 pm</td>
<td>
<a href="#" class="linked" test-id='136' id='157'>Given Naviagte to member search module</a>
<div class="">
<span class="badge badge-default">Member search feature.Navigate to member search module, enter different search string and validate the result.Given Naviagte to member search module</span>
</div>
</td>
</tr>
<tr class="tag-test-status" status="fail">
<td><span class="badge log fail-bg">Fail</span></td>
<td>13:27:45 pm</td>
<td>
<a href="#" class="linked" test-id='136' id='164'>Given Naviagte to member search module</a>
<div class="">
<span class="badge badge-default">Member search feature.issue manual credit/debit points.Given Naviagte to member search module</span>
</div>
</td>
</tr>
<tr class="tag-test-status" status="fail">
<td><span class="badge log fail-bg">Fail</span></td>
<td>13:27:46 pm</td>
<td>
<a href="#" class="linked" test-id='136' id='171'>Given Naviagte to member search module</a>
<div class="">
<span class="badge badge-default">Member search feature.issue manual credit/debit points.Given Naviagte to member search module</span>
</div>
</td>
</tr>
<tr class="tag-test-status" status="fail">
<td><span class="badge log fail-bg">Fail</span></td>
<td>13:27:46 pm</td>
<td>
<a href="#" class="linked" test-id='136' id='178'>Given Naviagte to member search module</a>
<div class="">
<span class="badge badge-default">Member search feature.Suspend member.Given Naviagte to member search module</span>
</div>
</td>
</tr>
<tr class="tag-test-status" status="fail">
<td><span class="badge log fail-bg">Fail</span></td>
<td>13:27:47 pm</td>
<td>
<a href="#" class="linked" test-id='136' id='185'>Given Naviagte to member search module</a>
<div class="">
<span class="badge badge-default">Member search feature.Re-Actiavte member.Given Naviagte to member search module</span>
</div>
</td>
</tr>
<tr class="tag-test-status" status="fail">
<td><span class="badge log fail-bg">Fail</span></td>
<td>13:27:47 pm</td>
<td>
<a href="#" class="linked" test-id='136' id='192'>Given Naviagte to member search module</a>
<div class="">
<span class="badge badge-default">Member search feature.Check Audit log for a member.Given Naviagte to member search module</span>
</div>
</td>
</tr>
<tr class="tag-test-status" status="fail">
<td><span class="badge log fail-bg">Fail</span></td>
<td>13:27:48 pm</td>
<td>
<a href="#" class="linked" test-id='136' id='198'>Given Naviagte to member search module</a>
<div class="">
<span class="badge badge-default">Member search feature.Search transactions for member using date range.Given Naviagte to member search module</span>
</div>
</td>
</tr>
<tr class="tag-test-status" status="fail">
<td><span class="badge log fail-bg">Fail</span></td>
<td>13:27:48 pm</td>
<td>
<a href="#" class="linked" test-id='136' id='204'>Given Naviagte to member search module</a>
<div class="">
<span class="badge badge-default">Member search feature.Navigate to member search and click on manage attribute link.Given Naviagte to member search module</span>
</div>
</td>
</tr>
<tr class="tag-test-status" status="fail">
<td><span class="badge log fail-bg">Fail</span></td>
<td>13:27:49 pm</td>
<td>
<a href="#" class="linked" test-id='136' id='209'>When click on Add new custom attribute link</a>
<div class="">
<span class="badge badge-default">Member search feature.Create different member attributes using manage_member_attribute.When click on Add new custom attribute link</span>
</div>
</td>
</tr>
<tr class="tag-test-status" status="fail">
<td><span class="badge log fail-bg">Fail</span></td>
<td>13:27:49 pm</td>
<td>
<a href="#" class="linked" test-id='136' id='213'>When click on Add new custom attribute link</a>
<div class="">
<span class="badge badge-default">Member search feature.Create different member attributes using manage_member_attribute.When click on Add new custom attribute link</span>
</div>
</td>
</tr>
<tr class="tag-test-status" status="fail">
<td><span class="badge log fail-bg">Fail</span></td>
<td>13:27:50 pm</td>
<td>
<a href="#" class="linked" test-id='136' id='217'>When click on Add new custom attribute link</a>
<div class="">
<span class="badge badge-default">Member search feature.Create different member attributes using manage_member_attribute.When click on Add new custom attribute link</span>
</div>
</td>
</tr>
<tr class="tag-test-status" status="fail">
<td><span class="badge log fail-bg">Fail</span></td>
<td>13:27:51 pm</td>
<td>
<a href="#" class="linked" test-id='136' id='221'>When click on Add new custom attribute link</a>
<div class="">
<span class="badge badge-default">Member search feature.Create different member attributes using manage_member_attribute.When click on Add new custom attribute link</span>
</div>
</td>
</tr>
<tr class="tag-test-status" status="fail">
<td><span class="badge log fail-bg">Fail</span></td>
<td>13:27:51 pm</td>
<td>
<a href="#" class="linked" test-id='224' id='226'>Given Naviagte to member search module</a>
<div class="">
<span class="badge badge-default">Member search filter feature.Apply any single filter with its respective operator and do a search.Given Naviagte to member search module</span>
</div>
</td>
</tr>
</tbody>
</table>
</div>
</li>
</ul>
</div>
</div>
<div class="test-content scrollable">
<div class="test-content-detail">
<div class="detail-body"></div>
</div>
</div>
</div><div class="test-wrapper row view category-view attributes-view">
<div class="test-list">
<div class="test-list-tools">
<ul class="tools pull-left"><li><a href=""><span class="font-size-14">Category</span></a></li></ul>
<ul class="tools text-right"><li><a href="#"><span class="badge badge-primary">10</span></a></li></ul>
</div>
<div class="test-list-wrapper scrollable">
<ul class="test-list-item">
<li class="test-item">
<div class="test-detail">
<span class="meta">
<span class='badge log pass-bg'>1</span>
<span class='badge log badge-danger'>4</span>
</span>
<p class="name">@TiersSmoketest1</p>
<p class="duration text-sm">5 tests</p>
</div>
<div class="test-contents d-none">
<div class="info">
<h4>@TiersSmoketest1</h4>
<span status="pass" class='badge log pass-bg'>1 passed</span>
<span status="fail" class='badge log badge-danger'>4 failed</span>
</div>
<table class='table table-sm mt-4'>
<thead>
<tr>
<th class="status-col">Status</th>
<th class="timestamp-col">Timestamp</th>
<th>TestName</th>
</tr>
</thead>
<tbody>
<tr class="tag-test-status" status="pass">
<td><span class="badge log pass-bg">Pass</span></td>
<td>13:24:44 pm</td>
<td>
<a href="#" class="linked" test-id='70' id='71'>Create a new tier</a>
<div class="">
<span class="badge badge-default">Tiers feature.Create a new tier</span>
</div>
</td>
</tr>
<tr class="tag-test-status" status="fail">
<td><span class="badge log fail-bg">Fail</span></td>
<td>13:26:17 pm</td>
<td>
<a href="#" class="linked" test-id='70' id='78'>create second Tier</a>
<div class="">
<span class="badge badge-default">Tiers feature.create second Tier</span>
</div>
</td>
</tr>
<tr class="tag-test-status" status="fail">
<td><span class="badge log fail-bg">Fail</span></td>
<td>13:26:52 pm</td>
<td>
<a href="#" class="linked" test-id='70' id='84'>Edit Tier</a>
<div class="">
<span class="badge badge-default">Tiers feature.Edit Tier</span>
</div>
</td>
</tr>
<tr class="tag-test-status" status="fail">
<td><span class="badge log fail-bg">Fail</span></td>
<td>13:26:56 pm</td>
<td>
<a href="#" class="linked" test-id='70' id='90'>Delete Tier</a>
<div class="">
<span class="badge badge-default">Tiers feature.Delete Tier</span>
</div>
</td>
</tr>
<tr class="tag-test-status" status="fail">
<td><span class="badge log fail-bg">Fail</span></td>
<td>13:27:40 pm</td>
<td>
<a href="#" class="linked" test-id='70' id='94'>Tier Settings</a>
<div class="">
<span class="badge badge-default">Tiers feature.Tier Settings</span>
</div>
</td>
</tr>
</tbody>
</table>
</div>
</li>
<li class="test-item">
<div class="test-detail">
<span class="meta">
<span class='badge log pass-bg'>2</span>
<span class='badge log badge-danger'>1</span>
</span>
<p class="name">@TransactionalSmoketest1</p>
<p class="duration text-sm">3 tests</p>
</div>
<div class="test-contents d-none">
<div class="info">
<h4>@TransactionalSmoketest1</h4>
<span status="pass" class='badge log pass-bg'>2 passed</span>
<span status="fail" class='badge log badge-danger'>1 failed</span>
</div>
<table class='table table-sm mt-4'>
<thead>
<tr>
<th class="status-col">Status</th>
<th class="timestamp-col">Timestamp</th>
<th>TestName</th>
</tr>
</thead>
<tbody>
<tr class="tag-test-status" status="pass">
<td><span class="badge log pass-bg">Pass</span></td>
<td>13:13:54 pm</td>
<td>
<a href="#" class="linked" test-id='8' id='15'>Create the accrual reports in the transactional section</a>
<div class="">
<span class="badge badge-default">Reports feature.Create the accrual reports in the transactional section</span>
</div>
</td>
</tr>
<tr class="tag-test-status" status="fail">
<td><span class="badge log fail-bg">Fail</span></td>
<td>13:16:47 pm</td>
<td>
<a href="#" class="linked" test-id='8' id='24'>Validate the recently created report in the transactional section</a>
<div class="">
<span class="badge badge-default">Reports feature.Validate the recently created report in the transactional section</span>
</div>
</td>
</tr>
<tr class="tag-test-status" status="pass">
<td><span class="badge log pass-bg">Pass</span></td>
<td>13:17:14 pm</td>
<td>
<a href="#" class="linked" test-id='8' id='27'>Delete the recently created accrual reports in the transactional section</a>
<div class="">
<span class="badge badge-default">Reports feature.Delete the recently created accrual reports in the transactional section</span>
</div>
</td>
</tr>
</tbody>
</table>
</div>
</li>
<li class="test-item">
<div class="test-detail">
<span class="meta">
<span class='badge log pass-bg'>3</span>
</span>
<p class="name">@CommunicationReportSmoketest1</p>
<p class="duration text-sm">3 tests</p>
</div>
<div class="test-contents d-none">
<div class="info">
<h4>@CommunicationReportSmoketest1</h4>
<span status="pass" class='badge log pass-bg'>3 passed</span>
</div>
<table class='table table-sm mt-4'>
<thead>
<tr>
<th class="status-col">Status</th>
<th class="timestamp-col">Timestamp</th>
<th>TestName</th>
</tr>
</thead>
<tbody>
<tr class="tag-test-status" status="pass">
<td><span class="badge log pass-bg">Pass</span></td>
<td>13:18:03 pm</td>
<td>
<a href="#" class="linked" test-id='8' id='31'>Create the accrual reports in the transactional section</a>
<div class="">
<span class="badge badge-default">Reports feature.Create the accrual reports in the transactional section</span>
</div>
</td>
</tr>
<tr class="tag-test-status" status="pass">
<td><span class="badge log pass-bg">Pass</span></td>
<td>13:20:20 pm</td>
<td>
<a href="#" class="linked" test-id='8' id='39'>View the recently created communication report in the communication section</a>
<div class="">
<span class="badge badge-default">Reports feature.View the recently created communication report in the communication section</span>
</div>
</td>
</tr>
<tr class="tag-test-status" status="pass">
<td><span class="badge log pass-bg">Pass</span></td>
<td>13:20:38 pm</td>
<td>
<a href="#" class="linked" test-id='8' id='42'>Delete the recently created accrual reports in the transactional section</a>
<div class="">
<span class="badge badge-default">Reports feature.Delete the recently created accrual reports in the transactional section</span>
</div>
</td>
</tr>
</tbody>
</table>
</div>
</li>
<li class="test-item">
<div class="test-detail">
<span class="meta">
<span class='badge log badge-danger'>5</span>
</span>
<p class="name">@Smoketest1</p>
<p class="duration text-sm">5 tests</p>
</div>
<div class="test-contents d-none">
<div class="info">
<h4>@Smoketest1</h4>
<span status="fail" class='badge log badge-danger'>5 failed</span>
</div>
<table class='table table-sm mt-4'>
<thead>
<tr>
<th class="status-col">Status</th>
<th class="timestamp-col">Timestamp</th>
<th>TestName</th>
</tr>
</thead>
<tbody>
<tr class="tag-test-status" status="fail">
<td><span class="badge log fail-bg">Fail</span></td>
<td>13:27:42 pm</td>
<td>
<a href="#" class="linked" test-id='99' id='100'>Test and verify Add new program</a>
<div class="">
<span class="badge badge-default">Add new program & platform configuration.Test and verify Add new program</span>
</div>
</td>
</tr>
<tr class="tag-test-status" status="fail">
<td><span class="badge log fail-bg">Fail</span></td>
<td>13:27:43 pm</td>
<td>
<a href="#" class="linked" test-id='99' id='106'>Test and verify Add company deatils</a>
<div class="">
<span class="badge badge-default">Add new program & platform configuration.Test and verify Add company deatils</span>
</div>
</td>
</tr>
<tr class="tag-test-status" status="fail">
<td><span class="badge log fail-bg">Fail</span></td>
<td>13:27:43 pm</td>
<td>
<a href="#" class="linked" test-id='99' id='110'>Test and verify Add Program details</a>
<div class="">
<span class="badge badge-default">Add new program & platform configuration.Test and verify Add Program details</span>
</div>
</td>
</tr>
<tr class="tag-test-status" status="fail">
<td><span class="badge log fail-bg">Fail</span></td>
<td>13:27:43 pm</td>
<td>
<a href="#" class="linked" test-id='99' id='115'>Test and verify Points Configuration details</a>
<div class="">
<span class="badge badge-default">Add new program & platform configuration.Test and verify Points Configuration details</span>
</div>
</td>
</tr>
<tr class="tag-test-status" status="fail">
<td><span class="badge log fail-bg">Fail</span></td>
<td>13:27:43 pm</td>
<td>
<a href="#" class="linked" test-id='99' id='122'>Test and Select newly created program & Verify Configurations details</a>
<div class="">
<span class="badge badge-default">Add new program & platform configuration.Test and Select newly created program & Verify Configurations details</span>
</div>
</td>
</tr>
</tbody>
</table>
</div>
</li>
<li class="test-item">
<div class="test-detail">
<span class="meta">
<span class='badge log badge-danger'>15</span>
</span>
<p class="name">@MembersSmoketest1</p>
<p class="duration text-sm">15 tests</p>
</div>
<div class="test-contents d-none">
<div class="info">
<h4>@MembersSmoketest1</h4>
<span status="fail" class='badge log badge-danger'>15 failed</span>
</div>
<table class='table table-sm mt-4'>
<thead>
<tr>
<th class="status-col">Status</th>
<th class="timestamp-col">Timestamp</th>
<th>TestName</th>
</tr>
</thead>
<tbody>
<tr class="tag-test-status" status="fail">
<td><span class="badge log fail-bg">Fail</span></td>
<td>13:27:43 pm</td>
<td>
<a href="#" class="linked" test-id='136' id='138'>Navigate to member search module, enter different search string and validate the result</a>
<div class="">
<span class="badge badge-default">Member search feature.Navigate to member search module, enter different search string and validate the result</span>
</div>
</td>
</tr>
<tr class="tag-test-status" status="fail">
<td><span class="badge log fail-bg">Fail</span></td>
<td>13:27:43 pm</td>
<td>
<a href="#" class="linked" test-id='136' id='144'>Navigate to member search module, enter different search string and validate the result</a>
<div class="">
<span class="badge badge-default">Member search feature.Navigate to member search module, enter different search string and validate the result</span>
</div>
</td>
</tr>
<tr class="tag-test-status" status="fail">
<td><span class="badge log fail-bg">Fail</span></td>
<td>13:27:44 pm</td>
<td>
<a href="#" class="linked" test-id='136' id='150'>Navigate to member search module, enter different search string and validate the result</a>
<div class="">
<span class="badge badge-default">Member search feature.Navigate to member search module, enter different search string and validate the result</span>
</div>
</td>
</tr>
<tr class="tag-test-status" status="fail">
<td><span class="badge log fail-bg">Fail</span></td>
<td>13:27:45 pm</td>
<td>
<a href="#" class="linked" test-id='136' id='156'>Navigate to member search module, enter different search string and validate the result</a>
<div class="">
<span class="badge badge-default">Member search feature.Navigate to member search module, enter different search string and validate the result</span>
</div>
</td>
</tr>
<tr class="tag-test-status" status="fail">
<td><span class="badge log fail-bg">Fail</span></td>
<td>13:27:45 pm</td>
<td>
<a href="#" class="linked" test-id='136' id='163'>issue manual credit/debit points</a>
<div class="">
<span class="badge badge-default">Member search feature.issue manual credit/debit points</span>
</div>
</td>
</tr>
<tr class="tag-test-status" status="fail">
<td><span class="badge log fail-bg">Fail</span></td>
<td>13:27:46 pm</td>
<td>
<a href="#" class="linked" test-id='136' id='170'>issue manual credit/debit points</a>
<div class="">
<span class="badge badge-default">Member search feature.issue manual credit/debit points</span>
</div>
</td>
</tr>
<tr class="tag-test-status" status="fail">
<td><span class="badge log fail-bg">Fail</span></td>
<td>13:27:46 pm</td>
<td>
<a href="#" class="linked" test-id='136' id='177'>Suspend member</a>
<div class="">
<span class="badge badge-default">Member search feature.Suspend member</span>
</div>
</td>
</tr>
<tr class="tag-test-status" status="fail">
<td><span class="badge log fail-bg">Fail</span></td>
<td>13:27:47 pm</td>
<td>
<a href="#" class="linked" test-id='136' id='184'>Re-Actiavte member</a>
<div class="">
<span class="badge badge-default">Member search feature.Re-Actiavte member</span>
</div>
</td>
</tr>
<tr class="tag-test-status" status="fail">
<td><span class="badge log fail-bg">Fail</span></td>
<td>13:27:47 pm</td>
<td>
<a href="#" class="linked" test-id='136' id='191'>Check Audit log for a member</a>
<div class="">
<span class="badge badge-default">Member search feature.Check Audit log for a member</span>
</div>
</td>
</tr>
<tr class="tag-test-status" status="fail">
<td><span class="badge log fail-bg">Fail</span></td>
<td>13:27:48 pm</td>
<td>
<a href="#" class="linked" test-id='136' id='197'>Search transactions for member using date range</a>
<div class="">
<span class="badge badge-default">Member search feature.Search transactions for member using date range</span>
</div>
</td>
</tr>
<tr class="tag-test-status" status="fail">
<td><span class="badge log fail-bg">Fail</span></td>
<td>13:27:48 pm</td>
<td>
<a href="#" class="linked" test-id='136' id='203'>Navigate to member search and click on manage attribute link</a>
<div class="">
<span class="badge badge-default">Member search feature.Navigate to member search and click on manage attribute link</span>
</div>
</td>
</tr>
<tr class="tag-test-status" status="fail">
<td><span class="badge log fail-bg">Fail</span></td>
<td>13:27:49 pm</td>
<td>
<a href="#" class="linked" test-id='136' id='208'>Create different member attributes using manage_member_attribute</a>
<div class="">
<span class="badge badge-default">Member search feature.Create different member attributes using manage_member_attribute</span>
</div>
</td>
</tr>
<tr class="tag-test-status" status="fail">
<td><span class="badge log fail-bg">Fail</span></td>
<td>13:27:49 pm</td>
<td>
<a href="#" class="linked" test-id='136' id='212'>Create different member attributes using manage_member_attribute</a>
<div class="">
<span class="badge badge-default">Member search feature.Create different member attributes using manage_member_attribute</span>
</div>
</td>
</tr>
<tr class="tag-test-status" status="fail">
<td><span class="badge log fail-bg">Fail</span></td>
<td>13:27:50 pm</td>
<td>
<a href="#" class="linked" test-id='136' id='216'>Create different member attributes using manage_member_attribute</a>
<div class="">
<span class="badge badge-default">Member search feature.Create different member attributes using manage_member_attribute</span>
</div>
</td>
</tr>
<tr class="tag-test-status" status="fail">
<td><span class="badge log fail-bg">Fail</span></td>
<td>13:27:51 pm</td>
<td>
<a href="#" class="linked" test-id='136' id='220'>Create different member attributes using manage_member_attribute</a>
<div class="">
<span class="badge badge-default">Member search feature.Create different member attributes using manage_member_attribute</span>
</div>
</td>
</tr>
</tbody>
</table>
</div>
</li>
<li class="test-item">
<div class="test-detail">
<span class="meta">
<span class='badge log pass-bg'>1</span>
</span>
<p class="name">@AppLoginSmoketest1</p>
<p class="duration text-sm">1 tests</p>
</div>
<div class="test-contents d-none">
<div class="info">
<h4>@AppLoginSmoketest1</h4>
<span status="pass" class='badge log pass-bg'>1 passed</span>
</div>
<table class='table table-sm mt-4'>
<thead>
<tr>
<th class="status-col">Status</th>
<th class="timestamp-col">Timestamp</th>
<th>TestName</th>
</tr>
</thead>
<tbody>
<tr class="tag-test-status" status="pass">
<td><span class="badge log pass-bg">Pass</span></td>
<td>13:11:59 pm</td>
<td>
<a href="#" class="linked" test-id='1' id='2'>Intialize browser,login to the application</a>
<div class="">
<span class="badge badge-default">Login.Intialize browser,login to the application</span>
</div>
</td>
</tr>
</tbody>
</table>
</div>
</li>
<li class="test-item">
<div class="test-detail">
<span class="meta">
<span class='badge log pass-bg'>1</span>
</span>
<p class="name">@ReportSettingsSmoketest1</p>
<p class="duration text-sm">1 tests</p>
</div>
<div class="test-contents d-none">
<div class="info">
<h4>@ReportSettingsSmoketest1</h4>
<span status="pass" class='badge log pass-bg'>1 passed</span>
</div>
<table class='table table-sm mt-4'>
<thead>
<tr>
<th class="status-col">Status</th>
<th class="timestamp-col">Timestamp</th>
<th>TestName</th>
</tr>
</thead>
<tbody>
<tr class="tag-test-status" status="pass">
<td><span class="badge log pass-bg">Pass</span></td>
<td>13:12:57 pm</td>
<td>
<a href="#" class="linked" test-id='8' id='9'>Change the reports settings accordingly</a>
<div class="">
<span class="badge badge-default">Reports feature.Change the reports settings accordingly</span>
</div>
</td>
</tr>
</tbody>
</table>
</div>
</li>
<li class="test-item">
<div class="test-detail">
<span class="meta">
<span class='badge log pass-bg'>1</span>
</span>
<p class="name">@LogsSmoketest1</p>
<p class="duration text-sm">1 tests</p>
</div>
<div class="test-contents d-none">
<div class="info">
<h4>@LogsSmoketest1</h4>
<span status="pass" class='badge log pass-bg'>1 passed</span>
</div>
<table class='table table-sm mt-4'>
<thead>
<tr>
<th class="status-col">Status</th>
<th class="timestamp-col">Timestamp</th>
<th>TestName</th>
</tr>
</thead>
<tbody>
<tr class="tag-test-status" status="pass">
<td><span class="badge log pass-bg">Pass</span></td>
<td>13:23:51 pm</td>
<td>
<a href="#" class="linked" test-id='8' id='65'>View the logs by using search file name and select the require date and check the logs details</a>
<div class="">
<span class="badge badge-default">Reports feature.View the logs by using search file name and select the require date and check the logs details</span>
</div>
</td>
</tr>
</tbody>
</table>
</div>
</li>
<li class="test-item">
<div class="test-detail">
<span class="meta">
<span class='badge log pass-bg'>2</span>
<span class='badge log badge-danger'>1</span>
</span>
<p class="name">@MembersReportSmoketest1</p>
<p class="duration text-sm">3 tests</p>
</div>
<div class="test-contents d-none">
<div class="info">
<h4>@MembersReportSmoketest1</h4>
<span status="pass" class='badge log pass-bg'>2 passed</span>
<span status="fail" class='badge log badge-danger'>1 failed</span>
</div>
<table class='table table-sm mt-4'>
<thead>
<tr>
<th class="status-col">Status</th>
<th class="timestamp-col">Timestamp</th>
<th>TestName</th>
</tr>
</thead>
<tbody>
<tr class="tag-test-status" status="pass">
<td><span class="badge log pass-bg">Pass</span></td>
<td>13:20:54 pm</td>
<td>
<a href="#" class="linked" test-id='8' id='46'>Create the accrual reports in the transactional section</a>
<div class="">
<span class="badge badge-default">Reports feature.Create the accrual reports in the transactional section</span>
</div>
</td>
</tr>
<tr class="tag-test-status" status="fail">
<td><span class="badge log fail-bg">Fail</span></td>
<td>13:23:24 pm</td>
<td>
<a href="#" class="linked" test-id='8' id='58'>Download the recently created accrual reports in the transactional section</a>
<div class="">
<span class="badge badge-default">Reports feature.Download the recently created accrual reports in the transactional section</span>
</div>
</td>
</tr>
<tr class="tag-test-status" status="pass">
<td><span class="badge log pass-bg">Pass</span></td>
<td>13:23:40 pm</td>
<td>
<a href="#" class="linked" test-id='8' id='61'>Delete the recently created accrual reports in the transactional section</a>
<div class="">
<span class="badge badge-default">Reports feature.Delete the recently created accrual reports in the transactional section</span>
</div>
</td>
</tr>
</tbody>
</table>
</div>
</li>
<li class="test-item">
<div class="test-detail">
<span class="meta">
<span class='badge log badge-danger'>1</span>
</span>
<p class="name">@MemberSearchFilterSmoketest1</p>
<p class="duration text-sm">1 tests</p>
</div>
<div class="test-contents d-none">
<div class="info">
<h4>@MemberSearchFilterSmoketest1</h4>
<span status="fail" class='badge log badge-danger'>1 failed</span>
</div>
<table class='table table-sm mt-4'>
<thead>
<tr>
<th class="status-col">Status</th>
<th class="timestamp-col">Timestamp</th>
<th>TestName</th>
</tr>
</thead>
<tbody>
<tr class="tag-test-status" status="fail">
<td><span class="badge log fail-bg">Fail</span></td>
<td>13:27:51 pm</td>
<td>
<a href="#" class="linked" test-id='224' id='225'>Apply any single filter with its respective operator and do a search</a>
<div class="">
<span class="badge badge-default">Member search filter feature.Apply any single filter with its respective operator and do a search</span>
</div>
</td>
</tr>
</tbody>
</table>
</div>
</li>
</ul>
</div>
</div>
<div class="test-content scrollable">
<div class="test-content-detail">
<div class="detail-body"></div>
</div>
</div>
</div><div class="container-fluid p-4 view dashboard-view">
<div class="row">
<div class="col-md-3">
<div class="card"><div class="card-body">
<p class="m-b-0">Started</p>
<h3>Jan 2, 2024 01:11:33 pm</h3>
</div></div>
</div>
<div class="col-md-3">
<div class="card"><div class="card-body">
<p class="m-b-0">Ended</p>
<h3>Jan 2, 2024 01:27:55 pm</h3>
</div></div>
</div>
<div class="col-md-3">
<div class="card"><div class="card-body">
<p class="m-b-0 text-pass">Features Passed</p>
<h3>1</h3>
</div></div>
</div>
<div class="col-md-3">
<div class="card"><div class="card-body">
<p class="m-b-0 text-fail">Features Failed</p>
<h3>5</h3>
</div></div>
</div>
</div>
<div class="row">
<div class="col-md-4">
<div class="card">
<div class="card-header">
<h6 class="card-title">Features</h6>
</div>
<div class="card-body">
<div class="">
<canvas id='parent-analysis' width='115' height='90'></canvas>
</div>
</div>
<div class="card-footer">
<div><small data-tooltip='16%'>
<b>1</b> features passed
</small>
</div>
<div>
<small data-tooltip='83%'><b>5</b> features failed,
<b>0</b> skipped, <b data-tooltip='0%'>0</b> others
</small>
</div>
</div>
</div>
</div>
<div class="col-md-4">
<div class="card">
<div class="card-header">
<h6 class="card-title">Scenarios</h6>
</div>
<div class="card-body">
<div class="">
<canvas id='child-analysis' width='115' height='90'></canvas>
</div>
</div>
<div class="card-footer">
<div><small data-tooltip='28%'><b>11</b> scenarios passed</small></div>
<div>
<small data-tooltip='71%'><b>27</b> scenarios failed,
<b>0</b> skipped, <b data-tooltip='%'>0</b> others
</small>
</div>
</div>
</div>
</div>
<div class="col-md-4">
<div class="card">
<div class="card-header">
<h6 class="card-title">Steps</h6>
</div>
<div class="card-body">
<div class="">
<canvas id='grandchild-analysis' width='115' height='90'></canvas>
</div>
</div>
<div class="card-footer">
<div><small data-tooltip='28%'><b>49</b> steps passed</small></div>
<div>
<small data-tooltip='29%'><b>51</b> steps failed,
<b>73</b> skipped, <b data-tooltip='%'>0</b> others
</small>
</div>
</div>
</div>
</div>
</div>
<div class="row"><div class="col-md-12">
<div class="card"><div class="card-header"><p>Timeline</p></div>
<div class="card-body pt-0"><div>
<canvas id="timeline" height="120"></canvas>
</div></div>
</div>
</div></div>
<script>
var timeline = {
"Login":57.37,"Reports feature":707.201,"Tiers feature":177.59,"Add new program & platform configuration":1.236,"Member search feature":8.241,"Member search filter feature":0.528
};
</script>
<div class="row">
<div class="col-lg-6 col-md-12 category-container">
<div class="card">
<div class="card-header"><p>Tags</p></div>
<div class="card-body pb-0 pt-0"><table class="table table-sm table-bordered">
<thead><tr class="bg-gray"><th>Name</th><th>Passed</th><th>Failed</th><th>Skipped</th><th>Others</th><th>Passed %</th></tr></thead><tbody>
<tr>
<td>@TiersSmoketest1</td>
<td>1</td>
<td>4</td>
<td>0</td>
<td>0</td>
<td>20%</td>
</tr>
<tr>
<td>@TransactionalSmoketest1</td>
<td>2</td>
<td>1</td>
<td>0</td>
<td>0</td>
<td>66.667%</td>
</tr>
<tr>
<td>@CommunicationReportSmoketest1</td>
<td>3</td>
<td>0</td>
<td>0</td>
<td>0</td>
<td>100%</td>
</tr>
<tr>
<td>@Smoketest1</td>
<td>0</td>
<td>5</td>
<td>0</td>
<td>0</td>
<td>0%</td>
</tr>
<tr>
<td>@MembersSmoketest1</td>
<td>0</td>
<td>15</td>
<td>0</td>
<td>0</td>
<td>0%</td>
</tr>
<tr>
<td>@AppLoginSmoketest1</td>
<td>1</td>
<td>0</td>
<td>0</td>
<td>0</td>
<td>100%</td>
</tr>
<tr>
<td>@ReportSettingsSmoketest1</td>
<td>1</td>
<td>0</td>
<td>0</td>
<td>0</td>
<td>100%</td>
</tr>
<tr>
<td>@LogsSmoketest1</td>
<td>1</td>
<td>0</td>
<td>0</td>
<td>0</td>
<td>100%</td>
</tr>
<tr>
<td>@MembersReportSmoketest1</td>
<td>2</td>
<td>1</td>
<td>0</td>
<td>0</td>
<td>66.667%</td>
</tr>
<tr>
<td>@MemberSearchFilterSmoketest1</td>
<td>0</td>
<td>1</td>
<td>0</td>
<td>0</td>
<td>0%</td>
</tr>
</tbody>
</table></div>
</div>
</div>
<div class="col-lg-6 col-md-12 sysenv-container">
<div class="card">
<div class="card-header"><p>System/Environment</p></div>
<div class="card-body pb-0 pt-0"><table class="table table-sm table-bordered">
<thead><tr class="bg-gray"><th>Name</th><th>Value</th></tr></thead>
<tbody>
<tr>
<td>Name</td>
<td>Basavaraj</td>
</tr>
<tr>
<td>Browser</td>
<td>Chrome</td>
</tr>
<tr>
<td>OS</td>
<td>Mac</td>
</tr>
</tbody>
</table></div>
</div>
</div>
</div>
</div>
<script>
var statusGroup = {
parentCount: 5,
passParent: 1,
failParent: 5,
warningParent: 0,
skipParent: 0,
childCount: 5,
passChild: 11,
failChild: 27,
warningChild: 0,
skipChild: 0,
infoChild: 0,
grandChildCount: 5,
passGrandChild: 49,
failGrandChild: 51,
warningGrandChild: 0,
skipGrandChild: 73,
infoGrandChild: 0,
eventsCount: 5,
};
</script>        </div>
      </div>
    </div>
  </div>
<script src="https://cdn.jsdelivr.net/gh/extent-framework/extent-github-cdn@ce8b10435bcbae260c334c0d0c6b61d2c19b6168/spark/js/spark-script.js"></script>
<script type="text/javascript"></script></body>
</html>